2019-05-06 09:05:06.324 [restartedMain] INFO  com.basic.javaframe.DemoApplication - Starting DemoApplication on CY0GKUO5SUFLLJ6 with PID 8784 (started by Administrator in E:\zhangwenhua\work\git\医院订餐系统\zjgerst\代码\hos)
2019-05-06 09:05:06.328 [restartedMain] INFO  com.basic.javaframe.DemoApplication - The following profiles are active: dev
2019-05-06 09:05:06.410 [restartedMain] INFO  o.s.b.d.env.DevToolsPropertyDefaultsPostProcessor - Devtools property defaults active! Set 'spring.devtools.add-properties' to 'false' to disable
2019-05-06 09:05:06.411 [restartedMain] INFO  o.s.b.d.env.DevToolsPropertyDefaultsPostProcessor - For additional web related logging consider setting the 'logging.level.web' property to 'DEBUG'
2019-05-06 09:05:08.434 [restartedMain] INFO  o.s.d.r.config.RepositoryConfigurationDelegate - Multiple Spring Data modules found, entering strict repository configuration mode!
2019-05-06 09:05:08.439 [restartedMain] INFO  o.s.d.r.config.RepositoryConfigurationDelegate - Bootstrapping Spring Data repositories in DEFAULT mode.
2019-05-06 09:05:08.535 [restartedMain] INFO  o.s.d.r.config.RepositoryConfigurationDelegate - Finished Spring Data repository scanning in 59ms. Found 0 repository interfaces.
2019-05-06 09:05:09.329 [restartedMain] INFO  o.s.c.s.PostProcessorRegistrationDelegate$BeanPostProcessorChecker - Bean 'org.springframework.transaction.annotation.ProxyTransactionManagementConfiguration' of type [org.springframework.transaction.annotation.ProxyTransactionManagementConfiguration$$EnhancerBySpringCGLIB$$647dff82] is not eligible for getting processed by all BeanPostProcessors (for example: not eligible for auto-proxying)
2019-05-06 09:05:10.211 [restartedMain] INFO  o.s.boot.web.embedded.tomcat.TomcatWebServer - Tomcat initialized with port(s): 9090 (http)
2019-05-06 09:05:10.241 [restartedMain] INFO  org.apache.coyote.http11.Http11NioProtocol - Initializing ProtocolHandler ["http-nio-9090"]
2019-05-06 09:05:10.259 [restartedMain] INFO  org.apache.catalina.core.StandardService - Starting service [Tomcat]
2019-05-06 09:05:10.260 [restartedMain] INFO  org.apache.catalina.core.StandardEngine - Starting Servlet engine: [Apache Tomcat/9.0.16]
2019-05-06 09:05:10.275 [restartedMain] INFO  org.apache.catalina.core.AprLifecycleListener - The APR based Apache Tomcat Native library which allows optimal performance in production environments was not found on the java.library.path: [C:\Program Files (x86)\Java\jre1.8.0_60\bin;C:\Windows\Sun\Java\bin;C:\Windows\system32;C:\Windows;C:/Program Files (x86)/Java/jre1.8.0_60/bin/client;C:/Program Files (x86)/Java/jre1.8.0_60/bin;C:/Program Files (x86)/Java/jre1.8.0_60/lib/i386;C:\ProgramData\Oracle\Java\javapath;C:\Windows\system32;C:\Windows;C:\Windows\System32\Wbem;C:\Windows\System32\WindowsPowerShell\v1.0\;C:\Program Files (x86)\Java\jdk1.8.0_60\bin;C:\Program Files (x86)\Java\jdk1.8.0_60\jre\bin;C:\Program Files\TortoiseGit\bin;C:\Program Files\Git\cmd;C:\Program Files (x86)\MySQL\MySQL Server 5.5\bin;C:\Program Files\nodejs\;C:\Users\Administrator\AppData\Local\Microsoft\WindowsApps;C:\Users\Administrator\AppData\Roaming\npm;E:\zhangwenhua\eclipse\eclipse;;.]
2019-05-06 09:05:10.440 [restartedMain] INFO  o.a.c.core.ContainerBase.[Tomcat].[localhost].[/] - Initializing Spring embedded WebApplicationContext
2019-05-06 09:05:10.441 [restartedMain] INFO  org.springframework.web.context.ContextLoader - Root WebApplicationContext: initialization completed in 4030 ms
2019-05-06 09:05:12.388 [restartedMain] INFO  o.s.scheduling.concurrent.ThreadPoolTaskExecutor - Initializing ExecutorService 'applicationTaskExecutor'
2019-05-06 09:05:12.425 [restartedMain] INFO  o.s.b.d.autoconfigure.OptionalLiveReloadServer - LiveReload server is running on port 35729
2019-05-06 09:05:12.974 [restartedMain] INFO  s.d.s.web.plugins.DocumentationPluginsBootstrapper - Context refreshed
2019-05-06 09:05:13.004 [restartedMain] INFO  s.d.s.web.plugins.DocumentationPluginsBootstrapper - Found 1 custom documentation plugin(s)
2019-05-06 09:05:13.017 [restartedMain] INFO  s.d.spring.web.scanners.ApiListingReferenceScanner - Scanning for api listing references
2019-05-06 09:05:13.503 [restartedMain] INFO  s.d.s.w.r.operation.CachingOperationNameGenerator - Generating unique operation named: addDeptUsingPOST_1
2019-05-06 09:05:13.510 [restartedMain] INFO  s.d.s.w.r.operation.CachingOperationNameGenerator - Generating unique operation named: deleteDeptUsingPOST_1
2019-05-06 09:05:13.515 [restartedMain] INFO  s.d.s.w.r.operation.CachingOperationNameGenerator - Generating unique operation named: getDeptUsingGET_1
2019-05-06 09:05:13.521 [restartedMain] INFO  s.d.s.w.r.operation.CachingOperationNameGenerator - Generating unique operation named: updateDeptUsingPUT_1
2019-05-06 09:05:13.564 [restartedMain] INFO  s.d.s.w.r.operation.CachingOperationNameGenerator - Generating unique operation named: selectFrameRoleByNameUsingPOST_1
2019-05-06 09:05:13.634 [restartedMain] INFO  s.d.s.w.r.operation.CachingOperationNameGenerator - Generating unique operation named: updateUsingPUT_1
2019-05-06 09:05:13.652 [restartedMain] INFO  s.d.s.w.r.operation.CachingOperationNameGenerator - Generating unique operation named: addUsingPOST_1
2019-05-06 09:05:13.656 [restartedMain] INFO  s.d.s.w.r.operation.CachingOperationNameGenerator - Generating unique operation named: deleteUsingPOST_1
2019-05-06 09:05:13.665 [restartedMain] INFO  s.d.s.w.r.operation.CachingOperationNameGenerator - Generating unique operation named: listDataUsingGET_1
2019-05-06 09:05:13.667 [restartedMain] INFO  s.d.s.w.r.operation.CachingOperationNameGenerator - Generating unique operation named: updateUsingPUT_2
2019-05-06 09:05:13.670 [restartedMain] INFO  s.d.s.w.r.operation.CachingOperationNameGenerator - Generating unique operation named: addUsingPOST_2
2019-05-06 09:05:13.672 [restartedMain] INFO  s.d.s.w.r.operation.CachingOperationNameGenerator - Generating unique operation named: checkDeptUsingPOST_1
2019-05-06 09:05:13.676 [restartedMain] INFO  s.d.s.w.r.operation.CachingOperationNameGenerator - Generating unique operation named: deleteUsingPOST_2
2019-05-06 09:05:13.681 [restartedMain] INFO  s.d.s.w.r.operation.CachingOperationNameGenerator - Generating unique operation named: listDataUsingGET_2
2019-05-06 09:05:13.685 [restartedMain] INFO  s.d.s.w.r.operation.CachingOperationNameGenerator - Generating unique operation named: updateUsingPUT_3
2019-05-06 09:05:13.692 [restartedMain] INFO  s.d.s.w.r.operation.CachingOperationNameGenerator - Generating unique operation named: addUsingPOST_3
2019-05-06 09:05:13.694 [restartedMain] INFO  s.d.s.w.r.operation.CachingOperationNameGenerator - Generating unique operation named: deleteUsingPOST_3
2019-05-06 09:05:13.695 [restartedMain] INFO  s.d.s.w.r.operation.CachingOperationNameGenerator - Generating unique operation named: listDataUsingGET_3
2019-05-06 09:05:13.699 [restartedMain] INFO  s.d.s.w.r.operation.CachingOperationNameGenerator - Generating unique operation named: updateUsingPUT_4
2019-05-06 09:05:13.703 [restartedMain] INFO  s.d.s.w.r.operation.CachingOperationNameGenerator - Generating unique operation named: addUsingPOST_4
2019-05-06 09:05:13.705 [restartedMain] INFO  s.d.s.w.r.operation.CachingOperationNameGenerator - Generating unique operation named: deleteUsingPOST_4
2019-05-06 09:05:13.707 [restartedMain] INFO  s.d.s.w.r.operation.CachingOperationNameGenerator - Generating unique operation named: listDataUsingGET_4
2019-05-06 09:05:13.710 [restartedMain] INFO  s.d.s.w.r.operation.CachingOperationNameGenerator - Generating unique operation named: updateUsingPUT_5
2019-05-06 09:05:13.717 [restartedMain] INFO  s.d.s.w.r.operation.CachingOperationNameGenerator - Generating unique operation named: addUsingPOST_5
2019-05-06 09:05:13.720 [restartedMain] INFO  s.d.s.w.r.operation.CachingOperationNameGenerator - Generating unique operation named: deleteUsingPOST_5
2019-05-06 09:05:13.726 [restartedMain] INFO  s.d.s.w.r.operation.CachingOperationNameGenerator - Generating unique operation named: listDataUsingGET_5
2019-05-06 09:05:13.728 [restartedMain] INFO  s.d.s.w.r.operation.CachingOperationNameGenerator - Generating unique operation named: updateUsingPUT_6
2019-05-06 09:05:13.733 [restartedMain] INFO  s.d.s.w.r.operation.CachingOperationNameGenerator - Generating unique operation named: addUsingPOST_6
2019-05-06 09:05:13.737 [restartedMain] INFO  s.d.s.w.r.operation.CachingOperationNameGenerator - Generating unique operation named: deleteUsingPOST_6
2019-05-06 09:05:13.743 [restartedMain] INFO  s.d.s.w.r.operation.CachingOperationNameGenerator - Generating unique operation named: getdeptTreesUsingPOST_1
2019-05-06 09:05:13.745 [restartedMain] INFO  s.d.s.w.r.operation.CachingOperationNameGenerator - Generating unique operation named: listDataUsingGET_6
2019-05-06 09:05:13.747 [restartedMain] INFO  s.d.s.w.r.operation.CachingOperationNameGenerator - Generating unique operation named: updateUsingPUT_7
2019-05-06 09:05:13.754 [restartedMain] INFO  s.d.s.w.r.operation.CachingOperationNameGenerator - Generating unique operation named: addUsingPOST_7
2019-05-06 09:05:13.761 [restartedMain] INFO  s.d.s.w.r.operation.CachingOperationNameGenerator - Generating unique operation named: deleteUsingPOST_7
2019-05-06 09:05:13.768 [restartedMain] INFO  s.d.s.w.r.operation.CachingOperationNameGenerator - Generating unique operation named: listDataUsingGET_7
2019-05-06 09:05:13.776 [restartedMain] INFO  s.d.s.w.r.operation.CachingOperationNameGenerator - Generating unique operation named: updateUsingPUT_8
2019-05-06 09:05:13.832 [restartedMain] INFO  org.apache.coyote.http11.Http11NioProtocol - Starting ProtocolHandler ["http-nio-9090"]
2019-05-06 09:05:13.882 [restartedMain] INFO  o.s.boot.web.embedded.tomcat.TomcatWebServer - Tomcat started on port(s): 9090 (http) with context path ''
2019-05-06 09:05:13.885 [restartedMain] INFO  com.basic.javaframe.DemoApplication - Started DemoApplication in 8.569 seconds (JVM running for 9.3)
2019-05-06 09:05:44.892 [http-nio-9090-exec-1] INFO  o.a.c.core.ContainerBase.[Tomcat].[localhost].[/] - Initializing Spring DispatcherServlet 'dispatcherServlet'
2019-05-06 09:05:44.892 [http-nio-9090-exec-1] INFO  org.springframework.web.servlet.DispatcherServlet - Initializing Servlet 'dispatcherServlet'
2019-05-06 09:05:44.901 [http-nio-9090-exec-1] INFO  org.springframework.web.servlet.DispatcherServlet - Completed initialization in 9 ms
2019-05-06 09:05:45.106 [http-nio-9090-exec-1] INFO  com.alibaba.druid.pool.DruidDataSource - {dataSource-1} inited
2019-05-06 10:59:01.311 [http-nio-9090-exec-2] INFO  com.basic.javaframe.controller.UploadifyController - 文件上传成功
2019-05-06 11:05:47.537 [http-nio-9090-exec-6] INFO  com.basic.javaframe.controller.UploadifyController - 文件上传成功
2019-05-06 11:06:43.441 [http-nio-9090-exec-3] INFO  com.basic.javaframe.controller.UploadifyController - 文件上传成功
2019-05-06 11:11:56.514 [http-nio-9090-exec-7] INFO  com.basic.javaframe.controller.UploadifyController - 文件上传成功
2019-05-06 11:13:09.234 [http-nio-9090-exec-1] INFO  com.basic.javaframe.controller.UploadifyController - 文件上传成功
2019-05-06 11:16:22.140 [http-nio-9090-exec-6] INFO  com.basic.javaframe.controller.UploadifyController - 文件上传成功
2019-05-06 11:17:15.486 [http-nio-9090-exec-2] INFO  com.basic.javaframe.controller.UploadifyController - 文件上传成功
2019-05-06 11:17:59.618 [http-nio-9090-exec-7] INFO  com.basic.javaframe.controller.UploadifyController - 文件上传成功
2019-05-06 11:20:55.179 [http-nio-9090-exec-5] INFO  com.basic.javaframe.controller.UploadifyController - 文件上传成功
2019-05-06 11:23:34.402 [http-nio-9090-exec-2] INFO  com.basic.javaframe.controller.UploadifyController - 文件上传成功
2019-05-06 11:27:05.542 [http-nio-9090-exec-1] INFO  com.basic.javaframe.controller.UploadifyController - 文件上传成功
2019-05-06 13:42:32.624 [http-nio-9090-exec-4] ERROR o.a.c.c.C.[.[localhost].[/].[dispatcherServlet] - Servlet.service() for servlet [dispatcherServlet] in context with path [] threw exception [Request processing failed; nested exception is org.springframework.web.multipart.MultipartException: Failed to parse multipart servlet request; nested exception is java.io.IOException: The temporary upload location [C:\Users\Administrator\AppData\Local\Temp\tomcat.7637786093811214787.9090\work\Tomcat\localhost\ROOT] is not valid] with root cause
java.io.IOException: The temporary upload location [C:\Users\Administrator\AppData\Local\Temp\tomcat.7637786093811214787.9090\work\Tomcat\localhost\ROOT] is not valid
	at org.apache.catalina.connector.Request.parseParts(Request.java:2821)
	at org.apache.catalina.connector.Request.parseParameters(Request.java:3185)
	at org.apache.catalina.connector.Request.getParameter(Request.java:1116)
	at org.apache.catalina.connector.RequestFacade.getParameter(RequestFacade.java:381)
	at org.springframework.web.filter.HiddenHttpMethodFilter.doFilterInternal(HiddenHttpMethodFilter.java:84)
	at org.springframework.web.filter.OncePerRequestFilter.doFilter(OncePerRequestFilter.java:107)
	at org.apache.catalina.core.ApplicationFilterChain.internalDoFilter(ApplicationFilterChain.java:193)
	at org.apache.catalina.core.ApplicationFilterChain.doFilter(ApplicationFilterChain.java:166)
	at org.springframework.web.filter.CharacterEncodingFilter.doFilterInternal(CharacterEncodingFilter.java:200)
	at org.springframework.web.filter.OncePerRequestFilter.doFilter(OncePerRequestFilter.java:107)
	at org.apache.catalina.core.ApplicationFilterChain.internalDoFilter(ApplicationFilterChain.java:193)
	at org.apache.catalina.core.ApplicationFilterChain.doFilter(ApplicationFilterChain.java:166)
	at org.apache.catalina.core.StandardWrapperValve.invoke(StandardWrapperValve.java:200)
	at org.apache.catalina.core.StandardContextValve.invoke(StandardContextValve.java:96)
	at org.apache.catalina.authenticator.AuthenticatorBase.invoke(AuthenticatorBase.java:490)
	at org.apache.catalina.core.StandardHostValve.invoke(StandardHostValve.java:139)
	at org.apache.catalina.valves.ErrorReportValve.invoke(ErrorReportValve.java:92)
	at org.apache.catalina.core.StandardEngineValve.invoke(StandardEngineValve.java:74)
	at org.apache.catalina.connector.CoyoteAdapter.service(CoyoteAdapter.java:343)
	at org.apache.coyote.http11.Http11Processor.service(Http11Processor.java:408)
	at org.apache.coyote.AbstractProcessorLight.process(AbstractProcessorLight.java:66)
	at org.apache.coyote.AbstractProtocol$ConnectionHandler.process(AbstractProtocol.java:834)
	at org.apache.tomcat.util.net.NioEndpoint$SocketProcessor.doRun(NioEndpoint.java:1415)
	at org.apache.tomcat.util.net.SocketProcessorBase.run(SocketProcessorBase.java:49)
	at java.util.concurrent.ThreadPoolExecutor.runWorker(Unknown Source)
	at java.util.concurrent.ThreadPoolExecutor$Worker.run(Unknown Source)
	at org.apache.tomcat.util.threads.TaskThread$WrappingRunnable.run(TaskThread.java:61)
	at java.lang.Thread.run(Unknown Source)
2019-05-06 13:43:07.215 [restartedMain] INFO  com.basic.javaframe.DemoApplication - Starting DemoApplication on CY0GKUO5SUFLLJ6 with PID 21052 (started by Administrator in E:\zhangwenhua\work\git\医院订餐系统\zjgerst\代码\hos)
2019-05-06 13:43:07.220 [restartedMain] INFO  com.basic.javaframe.DemoApplication - The following profiles are active: dev
2019-05-06 13:43:07.317 [restartedMain] INFO  o.s.b.d.env.DevToolsPropertyDefaultsPostProcessor - Devtools property defaults active! Set 'spring.devtools.add-properties' to 'false' to disable
2019-05-06 13:43:07.321 [restartedMain] INFO  o.s.b.d.env.DevToolsPropertyDefaultsPostProcessor - For additional web related logging consider setting the 'logging.level.web' property to 'DEBUG'
2019-05-06 13:43:08.894 [restartedMain] INFO  o.s.d.r.config.RepositoryConfigurationDelegate - Multiple Spring Data modules found, entering strict repository configuration mode!
2019-05-06 13:43:08.897 [restartedMain] INFO  o.s.d.r.config.RepositoryConfigurationDelegate - Bootstrapping Spring Data repositories in DEFAULT mode.
2019-05-06 13:43:08.973 [restartedMain] INFO  o.s.d.r.config.RepositoryConfigurationDelegate - Finished Spring Data repository scanning in 55ms. Found 0 repository interfaces.
2019-05-06 13:43:09.487 [restartedMain] INFO  o.s.c.s.PostProcessorRegistrationDelegate$BeanPostProcessorChecker - Bean 'org.springframework.transaction.annotation.ProxyTransactionManagementConfiguration' of type [org.springframework.transaction.annotation.ProxyTransactionManagementConfiguration$$EnhancerBySpringCGLIB$$22f20c70] is not eligible for getting processed by all BeanPostProcessors (for example: not eligible for auto-proxying)
2019-05-06 13:43:10.174 [restartedMain] INFO  o.s.boot.web.embedded.tomcat.TomcatWebServer - Tomcat initialized with port(s): 9090 (http)
2019-05-06 13:43:10.199 [restartedMain] INFO  org.apache.coyote.http11.Http11NioProtocol - Initializing ProtocolHandler ["http-nio-9090"]
2019-05-06 13:43:10.213 [restartedMain] INFO  org.apache.catalina.core.StandardService - Starting service [Tomcat]
2019-05-06 13:43:10.213 [restartedMain] INFO  org.apache.catalina.core.StandardEngine - Starting Servlet engine: [Apache Tomcat/9.0.16]
2019-05-06 13:43:10.228 [restartedMain] INFO  org.apache.catalina.core.AprLifecycleListener - The APR based Apache Tomcat Native library which allows optimal performance in production environments was not found on the java.library.path: [C:\Program Files (x86)\Java\jre1.8.0_60\bin;C:\Windows\Sun\Java\bin;C:\Windows\system32;C:\Windows;C:/Program Files (x86)/Java/jre1.8.0_60/bin/client;C:/Program Files (x86)/Java/jre1.8.0_60/bin;C:/Program Files (x86)/Java/jre1.8.0_60/lib/i386;C:\ProgramData\Oracle\Java\javapath;C:\Windows\system32;C:\Windows;C:\Windows\System32\Wbem;C:\Windows\System32\WindowsPowerShell\v1.0\;C:\Program Files (x86)\Java\jdk1.8.0_60\bin;C:\Program Files (x86)\Java\jdk1.8.0_60\jre\bin;C:\Program Files\TortoiseGit\bin;C:\Program Files\Git\cmd;C:\Program Files (x86)\MySQL\MySQL Server 5.5\bin;C:\Program Files\nodejs\;C:\Users\Administrator\AppData\Local\Microsoft\WindowsApps;C:\Users\Administrator\AppData\Roaming\npm;E:\zhangwenhua\eclipse\eclipse;;.]
2019-05-06 13:43:10.380 [restartedMain] INFO  o.a.c.core.ContainerBase.[Tomcat].[localhost].[/] - Initializing Spring embedded WebApplicationContext
2019-05-06 13:43:10.380 [restartedMain] INFO  org.springframework.web.context.ContextLoader - Root WebApplicationContext: initialization completed in 3058 ms
2019-05-06 13:43:12.112 [restartedMain] INFO  o.s.scheduling.concurrent.ThreadPoolTaskExecutor - Initializing ExecutorService 'applicationTaskExecutor'
2019-05-06 13:43:12.145 [restartedMain] INFO  o.s.b.d.autoconfigure.OptionalLiveReloadServer - LiveReload server is running on port 35729
2019-05-06 13:43:12.629 [restartedMain] INFO  s.d.s.web.plugins.DocumentationPluginsBootstrapper - Context refreshed
2019-05-06 13:43:12.651 [restartedMain] INFO  s.d.s.web.plugins.DocumentationPluginsBootstrapper - Found 1 custom documentation plugin(s)
2019-05-06 13:43:12.774 [restartedMain] INFO  s.d.spring.web.scanners.ApiListingReferenceScanner - Scanning for api listing references
2019-05-06 13:43:13.127 [restartedMain] INFO  s.d.s.w.r.operation.CachingOperationNameGenerator - Generating unique operation named: addDeptUsingPOST_1
2019-05-06 13:43:13.133 [restartedMain] INFO  s.d.s.w.r.operation.CachingOperationNameGenerator - Generating unique operation named: deleteDeptUsingPOST_1
2019-05-06 13:43:13.137 [restartedMain] INFO  s.d.s.w.r.operation.CachingOperationNameGenerator - Generating unique operation named: getDeptUsingGET_1
2019-05-06 13:43:13.143 [restartedMain] INFO  s.d.s.w.r.operation.CachingOperationNameGenerator - Generating unique operation named: updateDeptUsingPUT_1
2019-05-06 13:43:13.174 [restartedMain] INFO  s.d.s.w.r.operation.CachingOperationNameGenerator - Generating unique operation named: selectFrameRoleByNameUsingPOST_1
2019-05-06 13:43:13.267 [restartedMain] INFO  s.d.s.w.r.operation.CachingOperationNameGenerator - Generating unique operation named: updateUsingPUT_1
2019-05-06 13:43:13.279 [restartedMain] INFO  s.d.s.w.r.operation.CachingOperationNameGenerator - Generating unique operation named: addUsingPOST_1
2019-05-06 13:43:13.283 [restartedMain] INFO  s.d.s.w.r.operation.CachingOperationNameGenerator - Generating unique operation named: deleteUsingPOST_1
2019-05-06 13:43:13.292 [restartedMain] INFO  s.d.s.w.r.operation.CachingOperationNameGenerator - Generating unique operation named: listDataUsingGET_1
2019-05-06 13:43:13.294 [restartedMain] INFO  s.d.s.w.r.operation.CachingOperationNameGenerator - Generating unique operation named: updateUsingPUT_2
2019-05-06 13:43:13.297 [restartedMain] INFO  s.d.s.w.r.operation.CachingOperationNameGenerator - Generating unique operation named: addUsingPOST_2
2019-05-06 13:43:13.299 [restartedMain] INFO  s.d.s.w.r.operation.CachingOperationNameGenerator - Generating unique operation named: checkDeptUsingPOST_1
2019-05-06 13:43:13.302 [restartedMain] INFO  s.d.s.w.r.operation.CachingOperationNameGenerator - Generating unique operation named: deleteUsingPOST_2
2019-05-06 13:43:13.308 [restartedMain] INFO  s.d.s.w.r.operation.CachingOperationNameGenerator - Generating unique operation named: listDataUsingGET_2
2019-05-06 13:43:13.312 [restartedMain] INFO  s.d.s.w.r.operation.CachingOperationNameGenerator - Generating unique operation named: updateUsingPUT_3
2019-05-06 13:43:13.318 [restartedMain] INFO  s.d.s.w.r.operation.CachingOperationNameGenerator - Generating unique operation named: addUsingPOST_3
2019-05-06 13:43:13.320 [restartedMain] INFO  s.d.s.w.r.operation.CachingOperationNameGenerator - Generating unique operation named: deleteUsingPOST_3
2019-05-06 13:43:13.322 [restartedMain] INFO  s.d.s.w.r.operation.CachingOperationNameGenerator - Generating unique operation named: listDataUsingGET_3
2019-05-06 13:43:13.325 [restartedMain] INFO  s.d.s.w.r.operation.CachingOperationNameGenerator - Generating unique operation named: updateUsingPUT_4
2019-05-06 13:43:13.329 [restartedMain] INFO  s.d.s.w.r.operation.CachingOperationNameGenerator - Generating unique operation named: addUsingPOST_4
2019-05-06 13:43:13.331 [restartedMain] INFO  s.d.s.w.r.operation.CachingOperationNameGenerator - Generating unique operation named: deleteUsingPOST_4
2019-05-06 13:43:13.334 [restartedMain] INFO  s.d.s.w.r.operation.CachingOperationNameGenerator - Generating unique operation named: listDataUsingGET_4
2019-05-06 13:43:13.342 [restartedMain] INFO  s.d.s.w.r.operation.CachingOperationNameGenerator - Generating unique operation named: updateUsingPUT_5
2019-05-06 13:43:13.348 [restartedMain] INFO  s.d.s.w.r.operation.CachingOperationNameGenerator - Generating unique operation named: addUsingPOST_5
2019-05-06 13:43:13.350 [restartedMain] INFO  s.d.s.w.r.operation.CachingOperationNameGenerator - Generating unique operation named: deleteUsingPOST_5
2019-05-06 13:43:13.356 [restartedMain] INFO  s.d.s.w.r.operation.CachingOperationNameGenerator - Generating unique operation named: listDataUsingGET_5
2019-05-06 13:43:13.359 [restartedMain] INFO  s.d.s.w.r.operation.CachingOperationNameGenerator - Generating unique operation named: updateUsingPUT_6
2019-05-06 13:43:13.366 [restartedMain] INFO  s.d.s.w.r.operation.CachingOperationNameGenerator - Generating unique operation named: addUsingPOST_6
2019-05-06 13:43:13.368 [restartedMain] INFO  s.d.s.w.r.operation.CachingOperationNameGenerator - Generating unique operation named: deleteUsingPOST_6
2019-05-06 13:43:13.376 [restartedMain] INFO  s.d.s.w.r.operation.CachingOperationNameGenerator - Generating unique operation named: getdeptTreesUsingPOST_1
2019-05-06 13:43:13.378 [restartedMain] INFO  s.d.s.w.r.operation.CachingOperationNameGenerator - Generating unique operation named: listDataUsingGET_6
2019-05-06 13:43:13.380 [restartedMain] INFO  s.d.s.w.r.operation.CachingOperationNameGenerator - Generating unique operation named: updateUsingPUT_7
2019-05-06 13:43:13.387 [restartedMain] INFO  s.d.s.w.r.operation.CachingOperationNameGenerator - Generating unique operation named: addUsingPOST_7
2019-05-06 13:43:13.395 [restartedMain] INFO  s.d.s.w.r.operation.CachingOperationNameGenerator - Generating unique operation named: deleteUsingPOST_7
2019-05-06 13:43:13.402 [restartedMain] INFO  s.d.s.w.r.operation.CachingOperationNameGenerator - Generating unique operation named: listDataUsingGET_7
2019-05-06 13:43:13.410 [restartedMain] INFO  s.d.s.w.r.operation.CachingOperationNameGenerator - Generating unique operation named: updateUsingPUT_8
2019-05-06 13:43:13.452 [restartedMain] INFO  org.apache.coyote.http11.Http11NioProtocol - Starting ProtocolHandler ["http-nio-9090"]
2019-05-06 13:43:13.482 [restartedMain] INFO  o.s.boot.web.embedded.tomcat.TomcatWebServer - Tomcat started on port(s): 9090 (http) with context path ''
2019-05-06 13:43:13.486 [restartedMain] INFO  com.basic.javaframe.DemoApplication - Started DemoApplication in 6.9 seconds (JVM running for 7.566)
2019-05-06 13:43:17.275 [http-nio-9090-exec-1] INFO  o.a.c.core.ContainerBase.[Tomcat].[localhost].[/] - Initializing Spring DispatcherServlet 'dispatcherServlet'
2019-05-06 13:43:17.275 [http-nio-9090-exec-1] INFO  org.springframework.web.servlet.DispatcherServlet - Initializing Servlet 'dispatcherServlet'
2019-05-06 13:43:17.284 [http-nio-9090-exec-1] INFO  org.springframework.web.servlet.DispatcherServlet - Completed initialization in 9 ms
2019-05-06 13:43:17.444 [http-nio-9090-exec-1] INFO  com.alibaba.druid.pool.DruidDataSource - {dataSource-1} inited
2019-05-06 13:43:24.120 [http-nio-9090-exec-4] INFO  com.basic.javaframe.controller.UploadifyController - 文件上传成功
2019-05-06 14:18:22.301 [Thread-5] INFO  o.s.scheduling.concurrent.ThreadPoolTaskExecutor - Shutting down ExecutorService 'applicationTaskExecutor'
2019-05-06 14:18:22.311 [Thread-5] INFO  com.alibaba.druid.pool.DruidDataSource - {dataSource-1} closed
2019-05-06 14:18:22.654 [restartedMain] INFO  com.basic.javaframe.DemoApplication - Starting DemoApplication on CY0GKUO5SUFLLJ6 with PID 21052 (started by Administrator in E:\zhangwenhua\work\git\医院订餐系统\zjgerst\代码\hos)
2019-05-06 14:18:22.654 [restartedMain] INFO  com.basic.javaframe.DemoApplication - The following profiles are active: dev
2019-05-06 14:18:23.614 [restartedMain] INFO  o.s.d.r.config.RepositoryConfigurationDelegate - Multiple Spring Data modules found, entering strict repository configuration mode!
2019-05-06 14:18:23.614 [restartedMain] INFO  o.s.d.r.config.RepositoryConfigurationDelegate - Bootstrapping Spring Data repositories in DEFAULT mode.
2019-05-06 14:18:23.654 [restartedMain] INFO  o.s.d.r.config.RepositoryConfigurationDelegate - Finished Spring Data repository scanning in 39ms. Found 0 repository interfaces.
2019-05-06 14:18:23.791 [restartedMain] INFO  o.s.c.s.PostProcessorRegistrationDelegate$BeanPostProcessorChecker - Bean 'org.springframework.transaction.annotation.ProxyTransactionManagementConfiguration' of type [org.springframework.transaction.annotation.ProxyTransactionManagementConfiguration$$EnhancerBySpringCGLIB$$22f20c70] is not eligible for getting processed by all BeanPostProcessors (for example: not eligible for auto-proxying)
2019-05-06 14:18:23.958 [restartedMain] INFO  o.s.boot.web.embedded.tomcat.TomcatWebServer - Tomcat initialized with port(s): 9090 (http)
2019-05-06 14:18:23.959 [restartedMain] INFO  org.apache.coyote.http11.Http11NioProtocol - Initializing ProtocolHandler ["http-nio-9090"]
2019-05-06 14:18:23.960 [restartedMain] INFO  org.apache.catalina.core.StandardService - Starting service [Tomcat]
2019-05-06 14:18:23.961 [restartedMain] INFO  org.apache.catalina.core.StandardEngine - Starting Servlet engine: [Apache Tomcat/9.0.16]
2019-05-06 14:18:23.992 [restartedMain] INFO  o.a.c.core.ContainerBase.[Tomcat].[localhost].[/] - Initializing Spring embedded WebApplicationContext
2019-05-06 14:18:23.992 [restartedMain] INFO  org.springframework.web.context.ContextLoader - Root WebApplicationContext: initialization completed in 1333 ms
2019-05-06 15:50:43.881 [restartedMain] INFO  com.basic.javaframe.DemoApplication - Starting DemoApplication on CY0GKUO5SUFLLJ6 with PID 23956 (started by Administrator in E:\zhangwenhua\work\git\医院订餐系统\zjgerst\代码\hos)
2019-05-06 15:50:43.887 [restartedMain] INFO  com.basic.javaframe.DemoApplication - The following profiles are active: dev
2019-05-06 15:50:43.976 [restartedMain] INFO  o.s.b.d.env.DevToolsPropertyDefaultsPostProcessor - Devtools property defaults active! Set 'spring.devtools.add-properties' to 'false' to disable
2019-05-06 15:50:43.977 [restartedMain] INFO  o.s.b.d.env.DevToolsPropertyDefaultsPostProcessor - For additional web related logging consider setting the 'logging.level.web' property to 'DEBUG'
2019-05-06 15:50:45.606 [restartedMain] INFO  o.s.d.r.config.RepositoryConfigurationDelegate - Multiple Spring Data modules found, entering strict repository configuration mode!
2019-05-06 15:50:45.609 [restartedMain] INFO  o.s.d.r.config.RepositoryConfigurationDelegate - Bootstrapping Spring Data repositories in DEFAULT mode.
2019-05-06 15:50:45.686 [restartedMain] INFO  o.s.d.r.config.RepositoryConfigurationDelegate - Finished Spring Data repository scanning in 55ms. Found 0 repository interfaces.
2019-05-06 15:50:46.198 [restartedMain] INFO  o.s.c.s.PostProcessorRegistrationDelegate$BeanPostProcessorChecker - Bean 'org.springframework.transaction.annotation.ProxyTransactionManagementConfiguration' of type [org.springframework.transaction.annotation.ProxyTransactionManagementConfiguration$$EnhancerBySpringCGLIB$$b4ffc8bf] is not eligible for getting processed by all BeanPostProcessors (for example: not eligible for auto-proxying)
2019-05-06 15:50:46.899 [restartedMain] INFO  o.s.boot.web.embedded.tomcat.TomcatWebServer - Tomcat initialized with port(s): 9090 (http)
2019-05-06 15:50:46.920 [restartedMain] INFO  org.apache.coyote.http11.Http11NioProtocol - Initializing ProtocolHandler ["http-nio-9090"]
2019-05-06 15:50:46.935 [restartedMain] INFO  org.apache.catalina.core.StandardService - Starting service [Tomcat]
2019-05-06 15:50:46.936 [restartedMain] INFO  org.apache.catalina.core.StandardEngine - Starting Servlet engine: [Apache Tomcat/9.0.16]
2019-05-06 15:50:46.950 [restartedMain] INFO  org.apache.catalina.core.AprLifecycleListener - The APR based Apache Tomcat Native library which allows optimal performance in production environments was not found on the java.library.path: [C:\Program Files (x86)\Java\jre1.8.0_60\bin;C:\Windows\Sun\Java\bin;C:\Windows\system32;C:\Windows;C:/Program Files (x86)/Java/jre1.8.0_60/bin/client;C:/Program Files (x86)/Java/jre1.8.0_60/bin;C:/Program Files (x86)/Java/jre1.8.0_60/lib/i386;C:\ProgramData\Oracle\Java\javapath;C:\Windows\system32;C:\Windows;C:\Windows\System32\Wbem;C:\Windows\System32\WindowsPowerShell\v1.0\;C:\Program Files (x86)\Java\jdk1.8.0_60\bin;C:\Program Files (x86)\Java\jdk1.8.0_60\jre\bin;C:\Program Files\TortoiseGit\bin;C:\Program Files\Git\cmd;C:\Program Files (x86)\MySQL\MySQL Server 5.5\bin;C:\Program Files\nodejs\;C:\Users\Administrator\AppData\Local\Microsoft\WindowsApps;C:\Users\Administrator\AppData\Roaming\npm;E:\zhangwenhua\eclipse\eclipse;;.]
2019-05-06 15:50:47.098 [restartedMain] INFO  o.a.c.core.ContainerBase.[Tomcat].[localhost].[/] - Initializing Spring embedded WebApplicationContext
2019-05-06 15:50:47.098 [restartedMain] INFO  org.springframework.web.context.ContextLoader - Root WebApplicationContext: initialization completed in 3120 ms
2019-05-06 15:50:48.837 [restartedMain] INFO  o.s.scheduling.concurrent.ThreadPoolTaskExecutor - Initializing ExecutorService 'applicationTaskExecutor'
2019-05-06 15:50:48.869 [restartedMain] INFO  o.s.b.d.autoconfigure.OptionalLiveReloadServer - LiveReload server is running on port 35729
2019-05-06 15:50:49.519 [restartedMain] INFO  s.d.s.web.plugins.DocumentationPluginsBootstrapper - Context refreshed
2019-05-06 15:50:49.548 [restartedMain] INFO  s.d.s.web.plugins.DocumentationPluginsBootstrapper - Found 1 custom documentation plugin(s)
2019-05-06 15:50:49.564 [restartedMain] INFO  s.d.spring.web.scanners.ApiListingReferenceScanner - Scanning for api listing references
2019-05-06 15:50:49.957 [restartedMain] INFO  s.d.s.w.r.operation.CachingOperationNameGenerator - Generating unique operation named: addDeptUsingPOST_1
2019-05-06 15:50:49.963 [restartedMain] INFO  s.d.s.w.r.operation.CachingOperationNameGenerator - Generating unique operation named: deleteDeptUsingPOST_1
2019-05-06 15:50:49.967 [restartedMain] INFO  s.d.s.w.r.operation.CachingOperationNameGenerator - Generating unique operation named: getDeptUsingGET_1
2019-05-06 15:50:49.975 [restartedMain] INFO  s.d.s.w.r.operation.CachingOperationNameGenerator - Generating unique operation named: updateDeptUsingPUT_1
2019-05-06 15:50:50.014 [restartedMain] INFO  s.d.s.w.r.operation.CachingOperationNameGenerator - Generating unique operation named: selectFrameRoleByNameUsingPOST_1
2019-05-06 15:50:50.100 [restartedMain] INFO  s.d.s.w.r.operation.CachingOperationNameGenerator - Generating unique operation named: updateUsingPUT_1
2019-05-06 15:50:50.115 [restartedMain] INFO  s.d.s.w.r.operation.CachingOperationNameGenerator - Generating unique operation named: addUsingPOST_1
2019-05-06 15:50:50.122 [restartedMain] INFO  s.d.s.w.r.operation.CachingOperationNameGenerator - Generating unique operation named: deleteUsingPOST_1
2019-05-06 15:50:50.131 [restartedMain] INFO  s.d.s.w.r.operation.CachingOperationNameGenerator - Generating unique operation named: listDataUsingGET_1
2019-05-06 15:50:50.134 [restartedMain] INFO  s.d.s.w.r.operation.CachingOperationNameGenerator - Generating unique operation named: updateUsingPUT_2
2019-05-06 15:50:50.138 [restartedMain] INFO  s.d.s.w.r.operation.CachingOperationNameGenerator - Generating unique operation named: addUsingPOST_2
2019-05-06 15:50:50.145 [restartedMain] INFO  s.d.s.w.r.operation.CachingOperationNameGenerator - Generating unique operation named: checkDeptUsingPOST_1
2019-05-06 15:50:50.147 [restartedMain] INFO  s.d.s.w.r.operation.CachingOperationNameGenerator - Generating unique operation named: deleteUsingPOST_2
2019-05-06 15:50:50.153 [restartedMain] INFO  s.d.s.w.r.operation.CachingOperationNameGenerator - Generating unique operation named: listDataUsingGET_2
2019-05-06 15:50:50.157 [restartedMain] INFO  s.d.s.w.r.operation.CachingOperationNameGenerator - Generating unique operation named: updateUsingPUT_3
2019-05-06 15:50:50.164 [restartedMain] INFO  s.d.s.w.r.operation.CachingOperationNameGenerator - Generating unique operation named: addUsingPOST_3
2019-05-06 15:50:50.167 [restartedMain] INFO  s.d.s.w.r.operation.CachingOperationNameGenerator - Generating unique operation named: deleteUsingPOST_3
2019-05-06 15:50:50.169 [restartedMain] INFO  s.d.s.w.r.operation.CachingOperationNameGenerator - Generating unique operation named: listDataUsingGET_3
2019-05-06 15:50:50.174 [restartedMain] INFO  s.d.s.w.r.operation.CachingOperationNameGenerator - Generating unique operation named: updateUsingPUT_4
2019-05-06 15:50:50.179 [restartedMain] INFO  s.d.s.w.r.operation.CachingOperationNameGenerator - Generating unique operation named: addUsingPOST_4
2019-05-06 15:50:50.181 [restartedMain] INFO  s.d.s.w.r.operation.CachingOperationNameGenerator - Generating unique operation named: deleteUsingPOST_4
2019-05-06 15:50:50.183 [restartedMain] INFO  s.d.s.w.r.operation.CachingOperationNameGenerator - Generating unique operation named: listDataUsingGET_4
2019-05-06 15:50:50.185 [restartedMain] INFO  s.d.s.w.r.operation.CachingOperationNameGenerator - Generating unique operation named: updateUsingPUT_5
2019-05-06 15:50:50.191 [restartedMain] INFO  s.d.s.w.r.operation.CachingOperationNameGenerator - Generating unique operation named: addUsingPOST_5
2019-05-06 15:50:50.192 [restartedMain] INFO  s.d.s.w.r.operation.CachingOperationNameGenerator - Generating unique operation named: deleteUsingPOST_5
2019-05-06 15:50:50.196 [restartedMain] INFO  s.d.s.w.r.operation.CachingOperationNameGenerator - Generating unique operation named: listDataUsingGET_5
2019-05-06 15:50:50.198 [restartedMain] INFO  s.d.s.w.r.operation.CachingOperationNameGenerator - Generating unique operation named: updateUsingPUT_6
2019-05-06 15:50:50.203 [restartedMain] INFO  s.d.s.w.r.operation.CachingOperationNameGenerator - Generating unique operation named: addUsingPOST_6
2019-05-06 15:50:50.208 [restartedMain] INFO  s.d.s.w.r.operation.CachingOperationNameGenerator - Generating unique operation named: deleteUsingPOST_6
2019-05-06 15:50:50.213 [restartedMain] INFO  s.d.s.w.r.operation.CachingOperationNameGenerator - Generating unique operation named: getdeptTreesUsingPOST_1
2019-05-06 15:50:50.215 [restartedMain] INFO  s.d.s.w.r.operation.CachingOperationNameGenerator - Generating unique operation named: listDataUsingGET_6
2019-05-06 15:50:50.217 [restartedMain] INFO  s.d.s.w.r.operation.CachingOperationNameGenerator - Generating unique operation named: updateUsingPUT_7
2019-05-06 15:50:50.225 [restartedMain] INFO  s.d.s.w.r.operation.CachingOperationNameGenerator - Generating unique operation named: addUsingPOST_7
2019-05-06 15:50:50.232 [restartedMain] INFO  s.d.s.w.r.operation.CachingOperationNameGenerator - Generating unique operation named: deleteUsingPOST_7
2019-05-06 15:50:50.239 [restartedMain] INFO  s.d.s.w.r.operation.CachingOperationNameGenerator - Generating unique operation named: listDataUsingGET_7
2019-05-06 15:50:50.246 [restartedMain] INFO  s.d.s.w.r.operation.CachingOperationNameGenerator - Generating unique operation named: updateUsingPUT_8
2019-05-06 15:50:50.299 [restartedMain] INFO  org.apache.coyote.http11.Http11NioProtocol - Starting ProtocolHandler ["http-nio-9090"]
2019-05-06 15:50:50.330 [restartedMain] INFO  o.s.boot.web.embedded.tomcat.TomcatWebServer - Tomcat started on port(s): 9090 (http) with context path ''
2019-05-06 15:50:50.333 [restartedMain] INFO  com.basic.javaframe.DemoApplication - Started DemoApplication in 7.074 seconds (JVM running for 7.671)
2019-05-06 15:50:58.810 [http-nio-9090-exec-1] INFO  o.a.c.core.ContainerBase.[Tomcat].[localhost].[/] - Initializing Spring DispatcherServlet 'dispatcherServlet'
2019-05-06 15:50:58.811 [http-nio-9090-exec-1] INFO  org.springframework.web.servlet.DispatcherServlet - Initializing Servlet 'dispatcherServlet'
2019-05-06 15:50:58.822 [http-nio-9090-exec-1] INFO  org.springframework.web.servlet.DispatcherServlet - Completed initialization in 11 ms
2019-05-06 15:50:58.989 [http-nio-9090-exec-1] INFO  com.alibaba.druid.pool.DruidDataSource - {dataSource-1} inited
2019-05-06 15:52:43.891 [Thread-5] INFO  o.s.scheduling.concurrent.ThreadPoolTaskExecutor - Shutting down ExecutorService 'applicationTaskExecutor'
2019-05-06 15:52:43.903 [Thread-5] INFO  com.alibaba.druid.pool.DruidDataSource - {dataSource-1} closed
2019-05-06 15:52:44.207 [restartedMain] INFO  com.basic.javaframe.DemoApplication - Starting DemoApplication on CY0GKUO5SUFLLJ6 with PID 23956 (started by Administrator in E:\zhangwenhua\work\git\医院订餐系统\zjgerst\代码\hos)
2019-05-06 15:52:44.207 [restartedMain] INFO  com.basic.javaframe.DemoApplication - The following profiles are active: dev
2019-05-06 15:52:45.063 [restartedMain] INFO  o.s.d.r.config.RepositoryConfigurationDelegate - Multiple Spring Data modules found, entering strict repository configuration mode!
2019-05-06 15:52:45.063 [restartedMain] INFO  o.s.d.r.config.RepositoryConfigurationDelegate - Bootstrapping Spring Data repositories in DEFAULT mode.
2019-05-06 15:52:45.103 [restartedMain] INFO  o.s.d.r.config.RepositoryConfigurationDelegate - Finished Spring Data repository scanning in 39ms. Found 0 repository interfaces.
2019-05-06 15:52:45.220 [restartedMain] INFO  o.s.c.s.PostProcessorRegistrationDelegate$BeanPostProcessorChecker - Bean 'org.springframework.transaction.annotation.ProxyTransactionManagementConfiguration' of type [org.springframework.transaction.annotation.ProxyTransactionManagementConfiguration$$EnhancerBySpringCGLIB$$b4ffc8bf] is not eligible for getting processed by all BeanPostProcessors (for example: not eligible for auto-proxying)
2019-05-06 15:52:45.370 [restartedMain] INFO  o.s.boot.web.embedded.tomcat.TomcatWebServer - Tomcat initialized with port(s): 9090 (http)
2019-05-06 15:52:45.372 [restartedMain] INFO  org.apache.coyote.http11.Http11NioProtocol - Initializing ProtocolHandler ["http-nio-9090"]
2019-05-06 15:52:45.372 [restartedMain] INFO  org.apache.catalina.core.StandardService - Starting service [Tomcat]
2019-05-06 15:52:45.373 [restartedMain] INFO  org.apache.catalina.core.StandardEngine - Starting Servlet engine: [Apache Tomcat/9.0.16]
2019-05-06 15:52:45.399 [restartedMain] INFO  o.a.c.core.ContainerBase.[Tomcat].[localhost].[/] - Initializing Spring embedded WebApplicationContext
2019-05-06 15:52:45.400 [restartedMain] INFO  org.springframework.web.context.ContextLoader - Root WebApplicationContext: initialization completed in 1189 ms
2019-05-06 15:52:46.303 [restartedMain] INFO  o.s.scheduling.concurrent.ThreadPoolTaskExecutor - Initializing ExecutorService 'applicationTaskExecutor'
2019-05-06 15:52:46.311 [restartedMain] INFO  o.s.b.d.autoconfigure.OptionalLiveReloadServer - LiveReload server is running on port 35729
2019-05-06 15:52:46.538 [restartedMain] INFO  s.d.s.web.plugins.DocumentationPluginsBootstrapper - Context refreshed
2019-05-06 15:52:46.539 [restartedMain] INFO  s.d.s.web.plugins.DocumentationPluginsBootstrapper - Found 1 custom documentation plugin(s)
2019-05-06 15:52:46.543 [restartedMain] INFO  s.d.spring.web.scanners.ApiListingReferenceScanner - Scanning for api listing references
2019-05-06 15:52:46.707 [restartedMain] INFO  s.d.s.w.r.operation.CachingOperationNameGenerator - Generating unique operation named: addDeptUsingPOST_1
2019-05-06 15:52:46.712 [restartedMain] INFO  s.d.s.w.r.operation.CachingOperationNameGenerator - Generating unique operation named: deleteDeptUsingPOST_1
2019-05-06 15:52:46.714 [restartedMain] INFO  s.d.s.w.r.operation.CachingOperationNameGenerator - Generating unique operation named: getDeptUsingGET_1
2019-05-06 15:52:46.720 [restartedMain] INFO  s.d.s.w.r.operation.CachingOperationNameGenerator - Generating unique operation named: updateDeptUsingPUT_1
2019-05-06 15:52:46.754 [restartedMain] INFO  s.d.s.w.r.operation.CachingOperationNameGenerator - Generating unique operation named: selectFrameRoleByNameUsingPOST_1
2019-05-06 15:52:46.809 [restartedMain] INFO  s.d.s.w.r.operation.CachingOperationNameGenerator - Generating unique operation named: updateUsingPUT_1
2019-05-06 15:52:46.819 [restartedMain] INFO  s.d.s.w.r.operation.CachingOperationNameGenerator - Generating unique operation named: addUsingPOST_1
2019-05-06 15:52:46.823 [restartedMain] INFO  s.d.s.w.r.operation.CachingOperationNameGenerator - Generating unique operation named: deleteUsingPOST_1
2019-05-06 15:52:46.830 [restartedMain] INFO  s.d.s.w.r.operation.CachingOperationNameGenerator - Generating unique operation named: listDataUsingGET_1
2019-05-06 15:52:46.832 [restartedMain] INFO  s.d.s.w.r.operation.CachingOperationNameGenerator - Generating unique operation named: updateUsingPUT_2
2019-05-06 15:52:46.835 [restartedMain] INFO  s.d.s.w.r.operation.CachingOperationNameGenerator - Generating unique operation named: addUsingPOST_2
2019-05-06 15:52:46.837 [restartedMain] INFO  s.d.s.w.r.operation.CachingOperationNameGenerator - Generating unique operation named: checkDeptUsingPOST_1
2019-05-06 15:52:46.839 [restartedMain] INFO  s.d.s.w.r.operation.CachingOperationNameGenerator - Generating unique operation named: deleteUsingPOST_2
2019-05-06 15:52:46.845 [restartedMain] INFO  s.d.s.w.r.operation.CachingOperationNameGenerator - Generating unique operation named: listDataUsingGET_2
2019-05-06 15:52:46.848 [restartedMain] INFO  s.d.s.w.r.operation.CachingOperationNameGenerator - Generating unique operation named: updateUsingPUT_3
2019-05-06 15:52:46.858 [restartedMain] INFO  s.d.s.w.r.operation.CachingOperationNameGenerator - Generating unique operation named: addUsingPOST_3
2019-05-06 15:52:46.860 [restartedMain] INFO  s.d.s.w.r.operation.CachingOperationNameGenerator - Generating unique operation named: deleteUsingPOST_3
2019-05-06 15:52:46.861 [restartedMain] INFO  s.d.s.w.r.operation.CachingOperationNameGenerator - Generating unique operation named: listDataUsingGET_3
2019-05-06 15:52:46.864 [restartedMain] INFO  s.d.s.w.r.operation.CachingOperationNameGenerator - Generating unique operation named: updateUsingPUT_4
2019-05-06 15:52:46.868 [restartedMain] INFO  s.d.s.w.r.operation.CachingOperationNameGenerator - Generating unique operation named: addUsingPOST_4
2019-05-06 15:52:46.870 [restartedMain] INFO  s.d.s.w.r.operation.CachingOperationNameGenerator - Generating unique operation named: deleteUsingPOST_4
2019-05-06 15:52:46.872 [restartedMain] INFO  s.d.s.w.r.operation.CachingOperationNameGenerator - Generating unique operation named: listDataUsingGET_4
2019-05-06 15:52:46.874 [restartedMain] INFO  s.d.s.w.r.operation.CachingOperationNameGenerator - Generating unique operation named: updateUsingPUT_5
2019-05-06 15:52:46.878 [restartedMain] INFO  s.d.s.w.r.operation.CachingOperationNameGenerator - Generating unique operation named: addUsingPOST_5
2019-05-06 15:52:46.879 [restartedMain] INFO  s.d.s.w.r.operation.CachingOperationNameGenerator - Generating unique operation named: deleteUsingPOST_5
2019-05-06 15:52:46.882 [restartedMain] INFO  s.d.s.w.r.operation.CachingOperationNameGenerator - Generating unique operation named: listDataUsingGET_5
2019-05-06 15:52:46.883 [restartedMain] INFO  s.d.s.w.r.operation.CachingOperationNameGenerator - Generating unique operation named: updateUsingPUT_6
2019-05-06 15:52:46.888 [restartedMain] INFO  s.d.s.w.r.operation.CachingOperationNameGenerator - Generating unique operation named: addUsingPOST_6
2019-05-06 15:52:46.890 [restartedMain] INFO  s.d.s.w.r.operation.CachingOperationNameGenerator - Generating unique operation named: deleteUsingPOST_6
2019-05-06 15:52:46.894 [restartedMain] INFO  s.d.s.w.r.operation.CachingOperationNameGenerator - Generating unique operation named: getdeptTreesUsingPOST_1
2019-05-06 15:52:46.895 [restartedMain] INFO  s.d.s.w.r.operation.CachingOperationNameGenerator - Generating unique operation named: listDataUsingGET_6
2019-05-06 15:52:46.897 [restartedMain] INFO  s.d.s.w.r.operation.CachingOperationNameGenerator - Generating unique operation named: updateUsingPUT_7
2019-05-06 15:52:46.903 [restartedMain] INFO  s.d.s.w.r.operation.CachingOperationNameGenerator - Generating unique operation named: addUsingPOST_7
2019-05-06 15:52:46.909 [restartedMain] INFO  s.d.s.w.r.operation.CachingOperationNameGenerator - Generating unique operation named: deleteUsingPOST_7
2019-05-06 15:52:46.917 [restartedMain] INFO  s.d.s.w.r.operation.CachingOperationNameGenerator - Generating unique operation named: listDataUsingGET_7
2019-05-06 15:52:46.926 [restartedMain] INFO  s.d.s.w.r.operation.CachingOperationNameGenerator - Generating unique operation named: updateUsingPUT_8
2019-05-06 15:52:46.955 [restartedMain] INFO  org.apache.coyote.http11.Http11NioProtocol - Starting ProtocolHandler ["http-nio-9090"]
2019-05-06 15:52:46.960 [restartedMain] INFO  o.s.boot.web.embedded.tomcat.TomcatWebServer - Tomcat started on port(s): 9090 (http) with context path ''
2019-05-06 15:52:46.960 [restartedMain] INFO  com.basic.javaframe.DemoApplication - Started DemoApplication in 2.819 seconds (JVM running for 124.299)
2019-05-06 15:52:46.965 [restartedMain] INFO  o.s.b.d.a.ConditionEvaluationDeltaLoggingListener - Condition evaluation unchanged
