2019-05-22 08:57:55.849 [restartedMain] DEBUG com.basic.javaframe.DemoApplication - Running with Spring Boot v2.1.3.RELEASE, Spring v5.1.5.RELEASE
2019-05-22 08:58:43.694 [http-nio-9090-exec-2] DEBUG c.basic.javaframe.dao.Frame_UserDao.findUserByGuid - ==>  Preparing: select * from frame_user where row_guid = ? and del_flag = 0 
2019-05-22 08:58:43.721 [http-nio-9090-exec-2] DEBUG c.basic.javaframe.dao.Frame_UserDao.findUserByGuid - ==> Parameters: 8532db7a-b412-4296-8934-9cede3c655eb(String)
2019-05-22 08:58:43.748 [http-nio-9090-exec-2] DEBUG c.basic.javaframe.dao.Frame_UserDao.findUserByGuid - <==      Total: 1
2019-05-22 08:58:55.361 [http-nio-9090-exec-4] DEBUG c.b.j.dao.Frame_UserDao.getFrameUserByLoginId - ==>  Preparing: select * from frame_user where login_id = ? and del_flag = 0 
2019-05-22 08:58:55.362 [http-nio-9090-exec-4] DEBUG c.b.j.dao.Frame_UserDao.getFrameUserByLoginId - ==> Parameters: admin(String)
2019-05-22 08:58:55.367 [http-nio-9090-exec-4] DEBUG c.b.j.dao.Frame_UserDao.getFrameUserByLoginId - <==      Total: 1
2019-05-22 08:58:55.411 [http-nio-9090-exec-4] DEBUG c.basic.javaframe.dao.Frame_UserDao.getDeptByGuid - ==>  Preparing: select dept_guid from frame_user where row_guid = ? 
2019-05-22 08:58:55.412 [http-nio-9090-exec-4] DEBUG c.basic.javaframe.dao.Frame_UserDao.getDeptByGuid - ==> Parameters: 8532db7a-b412-4296-8934-9cede3c655eb(String)
2019-05-22 08:58:55.415 [http-nio-9090-exec-4] DEBUG c.basic.javaframe.dao.Frame_UserDao.getDeptByGuid - <==      Total: 1
2019-05-22 08:58:55.416 [http-nio-9090-exec-4] DEBUG c.b.javaframe.dao.Frame_DeptDao.getDeptNameByGuid - ==>  Preparing: select dept_name from frame_dept where row_guid=? and del_flag = 0 
2019-05-22 08:58:55.416 [http-nio-9090-exec-4] DEBUG c.b.javaframe.dao.Frame_DeptDao.getDeptNameByGuid - ==> Parameters: (String)
2019-05-22 08:58:55.418 [http-nio-9090-exec-4] DEBUG c.b.javaframe.dao.Frame_DeptDao.getDeptNameByGuid - <==      Total: 0
2019-05-22 08:58:55.631 [http-nio-9090-exec-6] DEBUG c.basic.javaframe.dao.Frame_UserDao.findUserByGuid - ==>  Preparing: select * from frame_user where row_guid = ? and del_flag = 0 
2019-05-22 08:58:55.632 [http-nio-9090-exec-6] DEBUG c.basic.javaframe.dao.Frame_UserDao.findUserByGuid - ==> Parameters: 8532db7a-b412-4296-8934-9cede3c655eb(String)
2019-05-22 08:58:55.640 [http-nio-9090-exec-6] DEBUG c.basic.javaframe.dao.Frame_UserDao.findUserByGuid - <==      Total: 1
2019-05-22 08:58:55.647 [http-nio-9090-exec-6] DEBUG c.b.j.dao.Frame_Role_UserDao.getCheckedRole - ==>  Preparing: select role_guid from frame_role_user where user_guid = ? 
2019-05-22 08:58:55.647 [http-nio-9090-exec-6] DEBUG c.b.j.dao.Frame_Role_UserDao.getCheckedRole - ==> Parameters: 8532db7a-b412-4296-8934-9cede3c655eb(String)
2019-05-22 08:58:55.650 [http-nio-9090-exec-6] DEBUG c.b.j.dao.Frame_Role_UserDao.getCheckedRole - <==      Total: 2
2019-05-22 08:58:55.667 [http-nio-9090-exec-6] DEBUG c.b.j.d.F.selectModuleByRoleGuid - ==>  Preparing: select * from frame_moduleright where allow_to = ? 
2019-05-22 08:58:55.667 [http-nio-9090-exec-6] DEBUG c.b.j.d.F.selectModuleByRoleGuid - ==> Parameters: Bf6p0CI4(String)
2019-05-22 08:58:55.672 [http-nio-9090-exec-6] DEBUG c.b.j.d.F.selectModuleByRoleGuid - <==      Total: 9
2019-05-22 08:58:55.673 [http-nio-9090-exec-6] DEBUG c.basic.javaframe.dao.Frame_ModuleDao.findModules - ==>  Preparing: select * from frame_module where pmodule_code = '0' and del_flag = 0 
2019-05-22 08:58:55.674 [http-nio-9090-exec-6] DEBUG c.basic.javaframe.dao.Frame_ModuleDao.findModules - ==> Parameters: 
2019-05-22 08:58:55.679 [http-nio-9090-exec-6] DEBUG c.basic.javaframe.dao.Frame_ModuleDao.findModules - <==      Total: 3
2019-05-22 08:58:55.681 [http-nio-9090-exec-6] DEBUG c.b.javaframe.dao.Frame_ModuleDao.getByPmoduleCode - ==>  Preparing: select * from frame_module where pmodule_code = ? and del_flag = 0 
2019-05-22 08:58:55.682 [http-nio-9090-exec-6] DEBUG c.b.javaframe.dao.Frame_ModuleDao.getByPmoduleCode - ==> Parameters: eede6a12-a9aa-4a70-a973-62010e6dac9f(String)
2019-05-22 08:58:55.686 [http-nio-9090-exec-6] DEBUG c.b.javaframe.dao.Frame_ModuleDao.getByPmoduleCode - <==      Total: 4
2019-05-22 08:58:55.687 [http-nio-9090-exec-6] DEBUG c.b.javaframe.dao.Frame_ModuleDao.getByPmoduleCode - ==>  Preparing: select * from frame_module where pmodule_code = ? and del_flag = 0 
2019-05-22 08:58:55.688 [http-nio-9090-exec-6] DEBUG c.b.javaframe.dao.Frame_ModuleDao.getByPmoduleCode - ==> Parameters: 2a554195-9c2c-4836-9547-0f77b2991be9(String)
2019-05-22 08:58:55.691 [http-nio-9090-exec-6] DEBUG c.b.javaframe.dao.Frame_ModuleDao.getByPmoduleCode - <==      Total: 0
2019-05-22 08:58:55.691 [http-nio-9090-exec-6] DEBUG c.b.javaframe.dao.Frame_ModuleDao.getByPmoduleCode - ==>  Preparing: select * from frame_module where pmodule_code = ? and del_flag = 0 
2019-05-22 08:58:55.692 [http-nio-9090-exec-6] DEBUG c.b.javaframe.dao.Frame_ModuleDao.getByPmoduleCode - ==> Parameters: dc1c6a41-c65a-4d80-85b3-d7587eeb94f9(String)
2019-05-22 08:58:55.694 [http-nio-9090-exec-6] DEBUG c.b.javaframe.dao.Frame_ModuleDao.getByPmoduleCode - <==      Total: 0
2019-05-22 08:58:55.694 [http-nio-9090-exec-6] DEBUG c.b.javaframe.dao.Frame_ModuleDao.getByPmoduleCode - ==>  Preparing: select * from frame_module where pmodule_code = ? and del_flag = 0 
2019-05-22 08:58:55.694 [http-nio-9090-exec-6] DEBUG c.b.javaframe.dao.Frame_ModuleDao.getByPmoduleCode - ==> Parameters: c1cb05ae-a9d6-4813-b8c5-17738e550a04(String)
2019-05-22 08:58:55.696 [http-nio-9090-exec-6] DEBUG c.b.javaframe.dao.Frame_ModuleDao.getByPmoduleCode - <==      Total: 0
2019-05-22 08:58:55.697 [http-nio-9090-exec-6] DEBUG c.b.javaframe.dao.Frame_ModuleDao.getByPmoduleCode - ==>  Preparing: select * from frame_module where pmodule_code = ? and del_flag = 0 
2019-05-22 08:58:55.697 [http-nio-9090-exec-6] DEBUG c.b.javaframe.dao.Frame_ModuleDao.getByPmoduleCode - ==> Parameters: 217c11cb-fa84-4a81-a8f3-71fa01bae9b5(String)
2019-05-22 08:58:55.700 [http-nio-9090-exec-6] DEBUG c.b.javaframe.dao.Frame_ModuleDao.getByPmoduleCode - <==      Total: 0
2019-05-22 08:58:55.700 [http-nio-9090-exec-6] DEBUG c.b.javaframe.dao.Frame_ModuleDao.getByPmoduleCode - ==>  Preparing: select * from frame_module where pmodule_code = ? and del_flag = 0 
2019-05-22 08:58:55.701 [http-nio-9090-exec-6] DEBUG c.b.javaframe.dao.Frame_ModuleDao.getByPmoduleCode - ==> Parameters: 1a0e02dc-a77c-4e0c-95b6-3fccbcffa349(String)
2019-05-22 08:58:55.707 [http-nio-9090-exec-6] DEBUG c.b.javaframe.dao.Frame_ModuleDao.getByPmoduleCode - <==      Total: 6
2019-05-22 08:58:55.707 [http-nio-9090-exec-6] DEBUG c.b.javaframe.dao.Frame_ModuleDao.getByPmoduleCode - ==>  Preparing: select * from frame_module where pmodule_code = ? and del_flag = 0 
2019-05-22 08:58:55.708 [http-nio-9090-exec-6] DEBUG c.b.javaframe.dao.Frame_ModuleDao.getByPmoduleCode - ==> Parameters: 1c4fe4ef-ca8b-4f25-9430-c8fdcdff5299(String)
2019-05-22 08:58:55.710 [http-nio-9090-exec-6] DEBUG c.b.javaframe.dao.Frame_ModuleDao.getByPmoduleCode - <==      Total: 0
2019-05-22 08:58:55.711 [http-nio-9090-exec-6] DEBUG c.b.javaframe.dao.Frame_ModuleDao.getByPmoduleCode - ==>  Preparing: select * from frame_module where pmodule_code = ? and del_flag = 0 
2019-05-22 08:58:55.712 [http-nio-9090-exec-6] DEBUG c.b.javaframe.dao.Frame_ModuleDao.getByPmoduleCode - ==> Parameters: 0b3fd10b-0ccf-4b0d-8799-1d06be057995(String)
2019-05-22 08:58:55.715 [http-nio-9090-exec-6] DEBUG c.b.javaframe.dao.Frame_ModuleDao.getByPmoduleCode - <==      Total: 0
2019-05-22 08:58:55.717 [http-nio-9090-exec-6] DEBUG c.b.javaframe.dao.Frame_ModuleDao.getByPmoduleCode - ==>  Preparing: select * from frame_module where pmodule_code = ? and del_flag = 0 
2019-05-22 08:58:55.718 [http-nio-9090-exec-6] DEBUG c.b.javaframe.dao.Frame_ModuleDao.getByPmoduleCode - ==> Parameters: 8178a488-6df6-4dd8-85ad-6af745dce24c(String)
2019-05-22 08:58:55.721 [http-nio-9090-exec-6] DEBUG c.b.javaframe.dao.Frame_ModuleDao.getByPmoduleCode - <==      Total: 0
2019-05-22 08:58:55.722 [http-nio-9090-exec-6] DEBUG c.b.javaframe.dao.Frame_ModuleDao.getByPmoduleCode - ==>  Preparing: select * from frame_module where pmodule_code = ? and del_flag = 0 
2019-05-22 08:58:55.722 [http-nio-9090-exec-6] DEBUG c.b.javaframe.dao.Frame_ModuleDao.getByPmoduleCode - ==> Parameters: 9d8dbf55-773e-49e8-9adb-06f855cc3a14(String)
2019-05-22 08:58:55.725 [http-nio-9090-exec-6] DEBUG c.b.javaframe.dao.Frame_ModuleDao.getByPmoduleCode - <==      Total: 0
2019-05-22 08:58:55.725 [http-nio-9090-exec-6] DEBUG c.b.javaframe.dao.Frame_ModuleDao.getByPmoduleCode - ==>  Preparing: select * from frame_module where pmodule_code = ? and del_flag = 0 
2019-05-22 08:58:55.726 [http-nio-9090-exec-6] DEBUG c.b.javaframe.dao.Frame_ModuleDao.getByPmoduleCode - ==> Parameters: 38b94cf7-f818-4a10-b491-a534d1cfda88(String)
2019-05-22 08:58:55.728 [http-nio-9090-exec-6] DEBUG c.b.javaframe.dao.Frame_ModuleDao.getByPmoduleCode - <==      Total: 0
2019-05-22 08:58:55.729 [http-nio-9090-exec-6] DEBUG c.b.javaframe.dao.Frame_ModuleDao.getByPmoduleCode - ==>  Preparing: select * from frame_module where pmodule_code = ? and del_flag = 0 
2019-05-22 08:58:55.729 [http-nio-9090-exec-6] DEBUG c.b.javaframe.dao.Frame_ModuleDao.getByPmoduleCode - ==> Parameters: 5aea81df-c0ed-43a0-b8d0-2416535c50ae(String)
2019-05-22 08:58:55.732 [http-nio-9090-exec-6] DEBUG c.b.javaframe.dao.Frame_ModuleDao.getByPmoduleCode - <==      Total: 0
2019-05-22 08:58:55.733 [http-nio-9090-exec-6] DEBUG c.b.javaframe.dao.Frame_ModuleDao.getByPmoduleCode - ==>  Preparing: select * from frame_module where pmodule_code = ? and del_flag = 0 
2019-05-22 08:58:55.733 [http-nio-9090-exec-6] DEBUG c.b.javaframe.dao.Frame_ModuleDao.getByPmoduleCode - ==> Parameters: kKutYZWa(String)
2019-05-22 08:58:55.748 [http-nio-9090-exec-6] DEBUG c.b.javaframe.dao.Frame_ModuleDao.getByPmoduleCode - <==      Total: 9
2019-05-22 08:58:55.749 [http-nio-9090-exec-6] DEBUG c.b.javaframe.dao.Frame_ModuleDao.getByPmoduleCode - ==>  Preparing: select * from frame_module where pmodule_code = ? and del_flag = 0 
2019-05-22 08:58:55.750 [http-nio-9090-exec-6] DEBUG c.b.javaframe.dao.Frame_ModuleDao.getByPmoduleCode - ==> Parameters: 9uLG21LJ(String)
2019-05-22 08:58:55.752 [http-nio-9090-exec-6] DEBUG c.b.javaframe.dao.Frame_ModuleDao.getByPmoduleCode - <==      Total: 0
2019-05-22 08:58:55.752 [http-nio-9090-exec-6] DEBUG c.b.javaframe.dao.Frame_ModuleDao.getByPmoduleCode - ==>  Preparing: select * from frame_module where pmodule_code = ? and del_flag = 0 
2019-05-22 08:58:55.753 [http-nio-9090-exec-6] DEBUG c.b.javaframe.dao.Frame_ModuleDao.getByPmoduleCode - ==> Parameters: mYzuiFh6(String)
2019-05-22 08:58:55.755 [http-nio-9090-exec-6] DEBUG c.b.javaframe.dao.Frame_ModuleDao.getByPmoduleCode - <==      Total: 0
2019-05-22 08:58:55.756 [http-nio-9090-exec-6] DEBUG c.b.javaframe.dao.Frame_ModuleDao.getByPmoduleCode - ==>  Preparing: select * from frame_module where pmodule_code = ? and del_flag = 0 
2019-05-22 08:58:55.756 [http-nio-9090-exec-6] DEBUG c.b.javaframe.dao.Frame_ModuleDao.getByPmoduleCode - ==> Parameters: P2qSssnA(String)
2019-05-22 08:58:55.759 [http-nio-9090-exec-6] DEBUG c.b.javaframe.dao.Frame_ModuleDao.getByPmoduleCode - <==      Total: 0
2019-05-22 08:58:55.759 [http-nio-9090-exec-6] DEBUG c.b.javaframe.dao.Frame_ModuleDao.getByPmoduleCode - ==>  Preparing: select * from frame_module where pmodule_code = ? and del_flag = 0 
2019-05-22 08:58:55.760 [http-nio-9090-exec-6] DEBUG c.b.javaframe.dao.Frame_ModuleDao.getByPmoduleCode - ==> Parameters: cmIOpIHK(String)
2019-05-22 08:58:55.762 [http-nio-9090-exec-6] DEBUG c.b.javaframe.dao.Frame_ModuleDao.getByPmoduleCode - <==      Total: 0
2019-05-22 08:58:55.763 [http-nio-9090-exec-6] DEBUG c.b.javaframe.dao.Frame_ModuleDao.getByPmoduleCode - ==>  Preparing: select * from frame_module where pmodule_code = ? and del_flag = 0 
2019-05-22 08:58:55.763 [http-nio-9090-exec-6] DEBUG c.b.javaframe.dao.Frame_ModuleDao.getByPmoduleCode - ==> Parameters: M0UMzjjb(String)
2019-05-22 08:58:55.765 [http-nio-9090-exec-6] DEBUG c.b.javaframe.dao.Frame_ModuleDao.getByPmoduleCode - <==      Total: 0
2019-05-22 08:58:55.766 [http-nio-9090-exec-6] DEBUG c.b.javaframe.dao.Frame_ModuleDao.getByPmoduleCode - ==>  Preparing: select * from frame_module where pmodule_code = ? and del_flag = 0 
2019-05-22 08:58:55.766 [http-nio-9090-exec-6] DEBUG c.b.javaframe.dao.Frame_ModuleDao.getByPmoduleCode - ==> Parameters: 6YoAcfu1(String)
2019-05-22 08:58:55.768 [http-nio-9090-exec-6] DEBUG c.b.javaframe.dao.Frame_ModuleDao.getByPmoduleCode - <==      Total: 0
2019-05-22 08:58:55.769 [http-nio-9090-exec-6] DEBUG c.b.javaframe.dao.Frame_ModuleDao.getByPmoduleCode - ==>  Preparing: select * from frame_module where pmodule_code = ? and del_flag = 0 
2019-05-22 08:58:55.769 [http-nio-9090-exec-6] DEBUG c.b.javaframe.dao.Frame_ModuleDao.getByPmoduleCode - ==> Parameters: AnOD9PnB(String)
2019-05-22 08:58:55.771 [http-nio-9090-exec-6] DEBUG c.b.javaframe.dao.Frame_ModuleDao.getByPmoduleCode - <==      Total: 0
2019-05-22 08:58:55.772 [http-nio-9090-exec-6] DEBUG c.b.javaframe.dao.Frame_ModuleDao.getByPmoduleCode - ==>  Preparing: select * from frame_module where pmodule_code = ? and del_flag = 0 
2019-05-22 08:58:55.772 [http-nio-9090-exec-6] DEBUG c.b.javaframe.dao.Frame_ModuleDao.getByPmoduleCode - ==> Parameters: MuEmF4Dh(String)
2019-05-22 08:58:55.775 [http-nio-9090-exec-6] DEBUG c.b.javaframe.dao.Frame_ModuleDao.getByPmoduleCode - <==      Total: 0
2019-05-22 08:58:55.776 [http-nio-9090-exec-6] DEBUG c.b.javaframe.dao.Frame_ModuleDao.getByPmoduleCode - ==>  Preparing: select * from frame_module where pmodule_code = ? and del_flag = 0 
2019-05-22 08:58:55.776 [http-nio-9090-exec-6] DEBUG c.b.javaframe.dao.Frame_ModuleDao.getByPmoduleCode - ==> Parameters: be79231d-6def-4f21-a44c-5b6a68ba9170(String)
2019-05-22 08:58:55.778 [http-nio-9090-exec-6] DEBUG c.b.javaframe.dao.Frame_ModuleDao.getByPmoduleCode - <==      Total: 0
2019-05-22 08:58:56.061 [http-nio-9090-exec-6] DEBUG c.b.j.d.F.selectModuleByRoleGuid - ==>  Preparing: select * from frame_moduleright where allow_to = ? 
2019-05-22 08:58:56.062 [http-nio-9090-exec-6] DEBUG c.b.j.d.F.selectModuleByRoleGuid - ==> Parameters: YKCCr7sH(String)
2019-05-22 08:58:56.069 [http-nio-9090-exec-6] DEBUG c.b.j.d.F.selectModuleByRoleGuid - <==      Total: 22
2019-05-22 08:58:56.069 [http-nio-9090-exec-6] DEBUG c.basic.javaframe.dao.Frame_ModuleDao.findModules - ==>  Preparing: select * from frame_module where pmodule_code = '0' and del_flag = 0 
2019-05-22 08:58:56.069 [http-nio-9090-exec-6] DEBUG c.basic.javaframe.dao.Frame_ModuleDao.findModules - ==> Parameters: 
2019-05-22 08:58:56.074 [http-nio-9090-exec-6] DEBUG c.basic.javaframe.dao.Frame_ModuleDao.findModules - <==      Total: 3
2019-05-22 08:58:56.074 [http-nio-9090-exec-6] DEBUG c.b.javaframe.dao.Frame_ModuleDao.getByPmoduleCode - ==>  Preparing: select * from frame_module where pmodule_code = ? and del_flag = 0 
2019-05-22 08:58:56.075 [http-nio-9090-exec-6] DEBUG c.b.javaframe.dao.Frame_ModuleDao.getByPmoduleCode - ==> Parameters: eede6a12-a9aa-4a70-a973-62010e6dac9f(String)
2019-05-22 08:58:56.079 [http-nio-9090-exec-6] DEBUG c.b.javaframe.dao.Frame_ModuleDao.getByPmoduleCode - <==      Total: 4
2019-05-22 08:58:56.080 [http-nio-9090-exec-6] DEBUG c.b.javaframe.dao.Frame_ModuleDao.getByPmoduleCode - ==>  Preparing: select * from frame_module where pmodule_code = ? and del_flag = 0 
2019-05-22 08:58:56.080 [http-nio-9090-exec-6] DEBUG c.b.javaframe.dao.Frame_ModuleDao.getByPmoduleCode - ==> Parameters: 2a554195-9c2c-4836-9547-0f77b2991be9(String)
2019-05-22 08:58:56.083 [http-nio-9090-exec-6] DEBUG c.b.javaframe.dao.Frame_ModuleDao.getByPmoduleCode - <==      Total: 0
2019-05-22 08:58:56.083 [http-nio-9090-exec-6] DEBUG c.b.javaframe.dao.Frame_ModuleDao.getByPmoduleCode - ==>  Preparing: select * from frame_module where pmodule_code = ? and del_flag = 0 
2019-05-22 08:58:56.084 [http-nio-9090-exec-6] DEBUG c.b.javaframe.dao.Frame_ModuleDao.getByPmoduleCode - ==> Parameters: dc1c6a41-c65a-4d80-85b3-d7587eeb94f9(String)
2019-05-22 08:58:56.086 [http-nio-9090-exec-6] DEBUG c.b.javaframe.dao.Frame_ModuleDao.getByPmoduleCode - <==      Total: 0
2019-05-22 08:58:56.087 [http-nio-9090-exec-6] DEBUG c.b.javaframe.dao.Frame_ModuleDao.getByPmoduleCode - ==>  Preparing: select * from frame_module where pmodule_code = ? and del_flag = 0 
2019-05-22 08:58:56.087 [http-nio-9090-exec-6] DEBUG c.b.javaframe.dao.Frame_ModuleDao.getByPmoduleCode - ==> Parameters: c1cb05ae-a9d6-4813-b8c5-17738e550a04(String)
2019-05-22 08:58:56.089 [http-nio-9090-exec-6] DEBUG c.b.javaframe.dao.Frame_ModuleDao.getByPmoduleCode - <==      Total: 0
2019-05-22 08:58:56.090 [http-nio-9090-exec-6] DEBUG c.b.javaframe.dao.Frame_ModuleDao.getByPmoduleCode - ==>  Preparing: select * from frame_module where pmodule_code = ? and del_flag = 0 
2019-05-22 08:58:56.091 [http-nio-9090-exec-6] DEBUG c.b.javaframe.dao.Frame_ModuleDao.getByPmoduleCode - ==> Parameters: 217c11cb-fa84-4a81-a8f3-71fa01bae9b5(String)
2019-05-22 08:58:56.093 [http-nio-9090-exec-6] DEBUG c.b.javaframe.dao.Frame_ModuleDao.getByPmoduleCode - <==      Total: 0
2019-05-22 08:58:56.094 [http-nio-9090-exec-6] DEBUG c.b.javaframe.dao.Frame_ModuleDao.getByPmoduleCode - ==>  Preparing: select * from frame_module where pmodule_code = ? and del_flag = 0 
2019-05-22 08:58:56.094 [http-nio-9090-exec-6] DEBUG c.b.javaframe.dao.Frame_ModuleDao.getByPmoduleCode - ==> Parameters: 1a0e02dc-a77c-4e0c-95b6-3fccbcffa349(String)
2019-05-22 08:58:56.102 [http-nio-9090-exec-6] DEBUG c.b.javaframe.dao.Frame_ModuleDao.getByPmoduleCode - <==      Total: 6
2019-05-22 08:58:56.103 [http-nio-9090-exec-6] DEBUG c.b.javaframe.dao.Frame_ModuleDao.getByPmoduleCode - ==>  Preparing: select * from frame_module where pmodule_code = ? and del_flag = 0 
2019-05-22 08:58:56.103 [http-nio-9090-exec-6] DEBUG c.b.javaframe.dao.Frame_ModuleDao.getByPmoduleCode - ==> Parameters: 1c4fe4ef-ca8b-4f25-9430-c8fdcdff5299(String)
2019-05-22 08:58:56.107 [http-nio-9090-exec-6] DEBUG c.b.javaframe.dao.Frame_ModuleDao.getByPmoduleCode - <==      Total: 0
2019-05-22 08:58:56.107 [http-nio-9090-exec-6] DEBUG c.b.javaframe.dao.Frame_ModuleDao.getByPmoduleCode - ==>  Preparing: select * from frame_module where pmodule_code = ? and del_flag = 0 
2019-05-22 08:58:56.107 [http-nio-9090-exec-6] DEBUG c.b.javaframe.dao.Frame_ModuleDao.getByPmoduleCode - ==> Parameters: 0b3fd10b-0ccf-4b0d-8799-1d06be057995(String)
2019-05-22 08:58:56.110 [http-nio-9090-exec-6] DEBUG c.b.javaframe.dao.Frame_ModuleDao.getByPmoduleCode - <==      Total: 0
2019-05-22 08:58:56.110 [http-nio-9090-exec-6] DEBUG c.b.javaframe.dao.Frame_ModuleDao.getByPmoduleCode - ==>  Preparing: select * from frame_module where pmodule_code = ? and del_flag = 0 
2019-05-22 08:58:56.111 [http-nio-9090-exec-6] DEBUG c.b.javaframe.dao.Frame_ModuleDao.getByPmoduleCode - ==> Parameters: 8178a488-6df6-4dd8-85ad-6af745dce24c(String)
2019-05-22 08:58:56.114 [http-nio-9090-exec-6] DEBUG c.b.javaframe.dao.Frame_ModuleDao.getByPmoduleCode - <==      Total: 0
2019-05-22 08:58:56.114 [http-nio-9090-exec-6] DEBUG c.b.javaframe.dao.Frame_ModuleDao.getByPmoduleCode - ==>  Preparing: select * from frame_module where pmodule_code = ? and del_flag = 0 
2019-05-22 08:58:56.114 [http-nio-9090-exec-6] DEBUG c.b.javaframe.dao.Frame_ModuleDao.getByPmoduleCode - ==> Parameters: 9d8dbf55-773e-49e8-9adb-06f855cc3a14(String)
2019-05-22 08:58:56.117 [http-nio-9090-exec-6] DEBUG c.b.javaframe.dao.Frame_ModuleDao.getByPmoduleCode - <==      Total: 0
2019-05-22 08:58:56.117 [http-nio-9090-exec-6] DEBUG c.b.javaframe.dao.Frame_ModuleDao.getByPmoduleCode - ==>  Preparing: select * from frame_module where pmodule_code = ? and del_flag = 0 
2019-05-22 08:58:56.118 [http-nio-9090-exec-6] DEBUG c.b.javaframe.dao.Frame_ModuleDao.getByPmoduleCode - ==> Parameters: 38b94cf7-f818-4a10-b491-a534d1cfda88(String)
2019-05-22 08:58:56.120 [http-nio-9090-exec-6] DEBUG c.b.javaframe.dao.Frame_ModuleDao.getByPmoduleCode - <==      Total: 0
2019-05-22 08:58:56.121 [http-nio-9090-exec-6] DEBUG c.b.javaframe.dao.Frame_ModuleDao.getByPmoduleCode - ==>  Preparing: select * from frame_module where pmodule_code = ? and del_flag = 0 
2019-05-22 08:58:56.121 [http-nio-9090-exec-6] DEBUG c.b.javaframe.dao.Frame_ModuleDao.getByPmoduleCode - ==> Parameters: 5aea81df-c0ed-43a0-b8d0-2416535c50ae(String)
2019-05-22 08:58:56.124 [http-nio-9090-exec-6] DEBUG c.b.javaframe.dao.Frame_ModuleDao.getByPmoduleCode - <==      Total: 0
2019-05-22 08:58:56.125 [http-nio-9090-exec-6] DEBUG c.b.javaframe.dao.Frame_ModuleDao.getByPmoduleCode - ==>  Preparing: select * from frame_module where pmodule_code = ? and del_flag = 0 
2019-05-22 08:58:56.125 [http-nio-9090-exec-6] DEBUG c.b.javaframe.dao.Frame_ModuleDao.getByPmoduleCode - ==> Parameters: kKutYZWa(String)
2019-05-22 08:58:56.131 [http-nio-9090-exec-6] DEBUG c.b.javaframe.dao.Frame_ModuleDao.getByPmoduleCode - <==      Total: 9
2019-05-22 08:58:56.132 [http-nio-9090-exec-6] DEBUG c.b.javaframe.dao.Frame_ModuleDao.getByPmoduleCode - ==>  Preparing: select * from frame_module where pmodule_code = ? and del_flag = 0 
2019-05-22 08:58:56.132 [http-nio-9090-exec-6] DEBUG c.b.javaframe.dao.Frame_ModuleDao.getByPmoduleCode - ==> Parameters: 9uLG21LJ(String)
2019-05-22 08:58:56.135 [http-nio-9090-exec-6] DEBUG c.b.javaframe.dao.Frame_ModuleDao.getByPmoduleCode - <==      Total: 0
2019-05-22 08:58:56.135 [http-nio-9090-exec-6] DEBUG c.b.javaframe.dao.Frame_ModuleDao.getByPmoduleCode - ==>  Preparing: select * from frame_module where pmodule_code = ? and del_flag = 0 
2019-05-22 08:58:56.136 [http-nio-9090-exec-6] DEBUG c.b.javaframe.dao.Frame_ModuleDao.getByPmoduleCode - ==> Parameters: mYzuiFh6(String)
2019-05-22 08:58:56.140 [http-nio-9090-exec-6] DEBUG c.b.javaframe.dao.Frame_ModuleDao.getByPmoduleCode - <==      Total: 0
2019-05-22 08:58:56.141 [http-nio-9090-exec-6] DEBUG c.b.javaframe.dao.Frame_ModuleDao.getByPmoduleCode - ==>  Preparing: select * from frame_module where pmodule_code = ? and del_flag = 0 
2019-05-22 08:58:56.141 [http-nio-9090-exec-6] DEBUG c.b.javaframe.dao.Frame_ModuleDao.getByPmoduleCode - ==> Parameters: P2qSssnA(String)
2019-05-22 08:58:56.150 [http-nio-9090-exec-6] DEBUG c.b.javaframe.dao.Frame_ModuleDao.getByPmoduleCode - <==      Total: 0
2019-05-22 08:58:56.150 [http-nio-9090-exec-6] DEBUG c.b.javaframe.dao.Frame_ModuleDao.getByPmoduleCode - ==>  Preparing: select * from frame_module where pmodule_code = ? and del_flag = 0 
2019-05-22 08:58:56.150 [http-nio-9090-exec-6] DEBUG c.b.javaframe.dao.Frame_ModuleDao.getByPmoduleCode - ==> Parameters: cmIOpIHK(String)
2019-05-22 08:58:56.154 [http-nio-9090-exec-6] DEBUG c.b.javaframe.dao.Frame_ModuleDao.getByPmoduleCode - <==      Total: 0
2019-05-22 08:58:56.154 [http-nio-9090-exec-6] DEBUG c.b.javaframe.dao.Frame_ModuleDao.getByPmoduleCode - ==>  Preparing: select * from frame_module where pmodule_code = ? and del_flag = 0 
2019-05-22 08:58:56.154 [http-nio-9090-exec-6] DEBUG c.b.javaframe.dao.Frame_ModuleDao.getByPmoduleCode - ==> Parameters: M0UMzjjb(String)
2019-05-22 08:58:56.157 [http-nio-9090-exec-6] DEBUG c.b.javaframe.dao.Frame_ModuleDao.getByPmoduleCode - <==      Total: 0
2019-05-22 08:58:56.157 [http-nio-9090-exec-6] DEBUG c.b.javaframe.dao.Frame_ModuleDao.getByPmoduleCode - ==>  Preparing: select * from frame_module where pmodule_code = ? and del_flag = 0 
2019-05-22 08:58:56.158 [http-nio-9090-exec-6] DEBUG c.b.javaframe.dao.Frame_ModuleDao.getByPmoduleCode - ==> Parameters: 6YoAcfu1(String)
2019-05-22 08:58:56.160 [http-nio-9090-exec-6] DEBUG c.b.javaframe.dao.Frame_ModuleDao.getByPmoduleCode - <==      Total: 0
2019-05-22 08:58:56.160 [http-nio-9090-exec-6] DEBUG c.b.javaframe.dao.Frame_ModuleDao.getByPmoduleCode - ==>  Preparing: select * from frame_module where pmodule_code = ? and del_flag = 0 
2019-05-22 08:58:56.161 [http-nio-9090-exec-6] DEBUG c.b.javaframe.dao.Frame_ModuleDao.getByPmoduleCode - ==> Parameters: AnOD9PnB(String)
2019-05-22 08:58:56.163 [http-nio-9090-exec-6] DEBUG c.b.javaframe.dao.Frame_ModuleDao.getByPmoduleCode - <==      Total: 0
2019-05-22 08:58:56.164 [http-nio-9090-exec-6] DEBUG c.b.javaframe.dao.Frame_ModuleDao.getByPmoduleCode - ==>  Preparing: select * from frame_module where pmodule_code = ? and del_flag = 0 
2019-05-22 08:58:56.164 [http-nio-9090-exec-6] DEBUG c.b.javaframe.dao.Frame_ModuleDao.getByPmoduleCode - ==> Parameters: MuEmF4Dh(String)
2019-05-22 08:58:56.167 [http-nio-9090-exec-6] DEBUG c.b.javaframe.dao.Frame_ModuleDao.getByPmoduleCode - <==      Total: 0
2019-05-22 08:58:56.167 [http-nio-9090-exec-6] DEBUG c.b.javaframe.dao.Frame_ModuleDao.getByPmoduleCode - ==>  Preparing: select * from frame_module where pmodule_code = ? and del_flag = 0 
2019-05-22 08:58:56.168 [http-nio-9090-exec-6] DEBUG c.b.javaframe.dao.Frame_ModuleDao.getByPmoduleCode - ==> Parameters: be79231d-6def-4f21-a44c-5b6a68ba9170(String)
2019-05-22 08:58:56.170 [http-nio-9090-exec-6] DEBUG c.b.javaframe.dao.Frame_ModuleDao.getByPmoduleCode - <==      Total: 0
2019-05-22 08:59:40.412 [http-nio-9090-exec-7] DEBUG com.basic.javaframe.dao.HosGoodsDao.getList - ==>  Preparing: select t.*,f.content_url as goodsUrl from hos_goods t left join frame_attach f on t.goods_img_guid = f.form_rowGuid WHERE 1=1 and t.del_flag =0 order by t.sort_sq desc limit ?, ? 
2019-05-22 08:59:40.413 [http-nio-9090-exec-7] DEBUG com.basic.javaframe.dao.HosGoodsDao.getList - ==> Parameters: 0(Integer), 10(Integer)
2019-05-22 08:59:40.431 [http-nio-9090-exec-7] DEBUG com.basic.javaframe.dao.HosGoodsDao.getList - <==      Total: 10
2019-05-22 08:59:40.447 [http-nio-9090-exec-7] DEBUG com.basic.javaframe.dao.HosGoodsDao.getCount - ==>  Preparing: select count(*) from hos_goods t left join frame_attach f on t.goods_img_guid = f.form_rowGuid WHERE 1=1 and t.del_flag =0 
2019-05-22 08:59:40.447 [http-nio-9090-exec-7] DEBUG com.basic.javaframe.dao.HosGoodsDao.getCount - ==> Parameters: 
2019-05-22 08:59:40.452 [http-nio-9090-exec-7] DEBUG com.basic.javaframe.dao.HosGoodsDao.getCount - <==      Total: 1
2019-05-22 08:59:40.514 [http-nio-9090-exec-8] DEBUG c.basic.javaframe.dao.Frame_UserDao.findUserByGuid - ==>  Preparing: select * from frame_user where row_guid = ? and del_flag = 0 
2019-05-22 08:59:40.515 [http-nio-9090-exec-8] DEBUG c.basic.javaframe.dao.Frame_UserDao.findUserByGuid - ==> Parameters: 8532db7a-b412-4296-8934-9cede3c655eb(String)
2019-05-22 08:59:40.519 [http-nio-9090-exec-8] DEBUG c.basic.javaframe.dao.Frame_UserDao.findUserByGuid - <==      Total: 1
2019-05-22 08:59:40.541 [http-nio-9090-exec-8] DEBUG c.b.j.dao.HosGoodstypeDao.findTopGoodsTypes - ==>  Preparing: select * from hos_goodstype where pgoods_type_code = '0' and del_flag = 0 
2019-05-22 08:59:40.542 [http-nio-9090-exec-8] DEBUG c.b.j.dao.HosGoodstypeDao.findTopGoodsTypes - ==> Parameters: 
2019-05-22 08:59:40.597 [http-nio-9090-exec-8] DEBUG c.b.j.dao.HosGoodstypeDao.findTopGoodsTypes - <==      Total: 4
2019-05-22 08:59:40.598 [http-nio-9090-exec-8] DEBUG c.b.javaframe.dao.HosGoodstypeDao.getByPgoodsCode - ==>  Preparing: select * from hos_goodstype where pgoods_type_code = ? and del_flag = 0 
2019-05-22 08:59:40.598 [http-nio-9090-exec-8] DEBUG c.b.javaframe.dao.HosGoodstypeDao.getByPgoodsCode - ==> Parameters: 9707a0cb(String)
2019-05-22 08:59:40.601 [http-nio-9090-exec-8] DEBUG c.b.javaframe.dao.HosGoodstypeDao.getByPgoodsCode - <==      Total: 1
2019-05-22 08:59:40.602 [http-nio-9090-exec-8] DEBUG c.b.javaframe.dao.HosGoodstypeDao.getByPgoodsCode - ==>  Preparing: select * from hos_goodstype where pgoods_type_code = ? and del_flag = 0 
2019-05-22 08:59:40.602 [http-nio-9090-exec-8] DEBUG c.b.javaframe.dao.HosGoodstypeDao.getByPgoodsCode - ==> Parameters: bd45977f(String)
2019-05-22 08:59:40.604 [http-nio-9090-exec-8] DEBUG c.b.javaframe.dao.HosGoodstypeDao.getByPgoodsCode - <==      Total: 0
2019-05-22 08:59:40.605 [http-nio-9090-exec-8] DEBUG c.b.javaframe.dao.HosGoodstypeDao.getByPgoodsCode - ==>  Preparing: select * from hos_goodstype where pgoods_type_code = ? and del_flag = 0 
2019-05-22 08:59:40.605 [http-nio-9090-exec-8] DEBUG c.b.javaframe.dao.HosGoodstypeDao.getByPgoodsCode - ==> Parameters: d81a0e48(String)
2019-05-22 08:59:40.609 [http-nio-9090-exec-8] DEBUG c.b.javaframe.dao.HosGoodstypeDao.getByPgoodsCode - <==      Total: 4
2019-05-22 08:59:40.609 [http-nio-9090-exec-8] DEBUG c.b.javaframe.dao.HosGoodstypeDao.getByPgoodsCode - ==>  Preparing: select * from hos_goodstype where pgoods_type_code = ? and del_flag = 0 
2019-05-22 08:59:40.610 [http-nio-9090-exec-8] DEBUG c.b.javaframe.dao.HosGoodstypeDao.getByPgoodsCode - ==> Parameters: e0164be7(String)
2019-05-22 08:59:40.612 [http-nio-9090-exec-8] DEBUG c.b.javaframe.dao.HosGoodstypeDao.getByPgoodsCode - <==      Total: 0
2019-05-22 08:59:40.613 [http-nio-9090-exec-8] DEBUG c.b.javaframe.dao.HosGoodstypeDao.getByPgoodsCode - ==>  Preparing: select * from hos_goodstype where pgoods_type_code = ? and del_flag = 0 
2019-05-22 08:59:40.613 [http-nio-9090-exec-8] DEBUG c.b.javaframe.dao.HosGoodstypeDao.getByPgoodsCode - ==> Parameters: 54b9d19d(String)
2019-05-22 08:59:40.615 [http-nio-9090-exec-8] DEBUG c.b.javaframe.dao.HosGoodstypeDao.getByPgoodsCode - <==      Total: 0
2019-05-22 08:59:40.616 [http-nio-9090-exec-8] DEBUG c.b.javaframe.dao.HosGoodstypeDao.getByPgoodsCode - ==>  Preparing: select * from hos_goodstype where pgoods_type_code = ? and del_flag = 0 
2019-05-22 08:59:40.616 [http-nio-9090-exec-8] DEBUG c.b.javaframe.dao.HosGoodstypeDao.getByPgoodsCode - ==> Parameters: cd346cb1(String)
2019-05-22 08:59:40.618 [http-nio-9090-exec-8] DEBUG c.b.javaframe.dao.HosGoodstypeDao.getByPgoodsCode - <==      Total: 0
2019-05-22 08:59:40.619 [http-nio-9090-exec-8] DEBUG c.b.javaframe.dao.HosGoodstypeDao.getByPgoodsCode - ==>  Preparing: select * from hos_goodstype where pgoods_type_code = ? and del_flag = 0 
2019-05-22 08:59:40.619 [http-nio-9090-exec-8] DEBUG c.b.javaframe.dao.HosGoodstypeDao.getByPgoodsCode - ==> Parameters: 749d1a8f(String)
2019-05-22 08:59:40.621 [http-nio-9090-exec-8] DEBUG c.b.javaframe.dao.HosGoodstypeDao.getByPgoodsCode - <==      Total: 0
2019-05-22 08:59:40.622 [http-nio-9090-exec-8] DEBUG c.b.javaframe.dao.HosGoodstypeDao.getByPgoodsCode - ==>  Preparing: select * from hos_goodstype where pgoods_type_code = ? and del_flag = 0 
2019-05-22 08:59:40.622 [http-nio-9090-exec-8] DEBUG c.b.javaframe.dao.HosGoodstypeDao.getByPgoodsCode - ==> Parameters: d40ec23d(String)
2019-05-22 08:59:40.624 [http-nio-9090-exec-8] DEBUG c.b.javaframe.dao.HosGoodstypeDao.getByPgoodsCode - <==      Total: 1
2019-05-22 08:59:40.625 [http-nio-9090-exec-8] DEBUG c.b.javaframe.dao.HosGoodstypeDao.getByPgoodsCode - ==>  Preparing: select * from hos_goodstype where pgoods_type_code = ? and del_flag = 0 
2019-05-22 08:59:40.625 [http-nio-9090-exec-8] DEBUG c.b.javaframe.dao.HosGoodstypeDao.getByPgoodsCode - ==> Parameters: 93035bf1(String)
2019-05-22 08:59:40.627 [http-nio-9090-exec-8] DEBUG c.b.javaframe.dao.HosGoodstypeDao.getByPgoodsCode - <==      Total: 0
2019-05-22 08:59:40.628 [http-nio-9090-exec-8] DEBUG c.b.javaframe.dao.HosGoodstypeDao.getByPgoodsCode - ==>  Preparing: select * from hos_goodstype where pgoods_type_code = ? and del_flag = 0 
2019-05-22 08:59:40.628 [http-nio-9090-exec-8] DEBUG c.b.javaframe.dao.HosGoodstypeDao.getByPgoodsCode - ==> Parameters: 3d483953(String)
2019-05-22 08:59:40.633 [http-nio-9090-exec-8] DEBUG c.b.javaframe.dao.HosGoodstypeDao.getByPgoodsCode - <==      Total: 0
2019-05-22 08:59:40.994 [http-nio-9090-exec-9] DEBUG com.basic.javaframe.dao.HosOrderDao.getList - ==>  Preparing: select * from hos_order t WHERE 1=1 and t.del_flag =0 order by row_id desc limit ?, ? 
2019-05-22 08:59:40.994 [http-nio-9090-exec-9] DEBUG com.basic.javaframe.dao.HosOrderDao.getList - ==> Parameters: 0(Integer), 10(Integer)
2019-05-22 08:59:41.006 [http-nio-9090-exec-9] DEBUG com.basic.javaframe.dao.HosOrderDao.getList - <==      Total: 10
2019-05-22 08:59:41.016 [http-nio-9090-exec-9] DEBUG com.basic.javaframe.dao.HosOrderDao.getCount - ==>  Preparing: select count(*) from hos_order t WHERE 1=1 and t.del_flag =0 
2019-05-22 08:59:41.017 [http-nio-9090-exec-9] DEBUG com.basic.javaframe.dao.HosOrderDao.getCount - ==> Parameters: 
2019-05-22 08:59:41.019 [http-nio-9090-exec-9] DEBUG com.basic.javaframe.dao.HosOrderDao.getCount - <==      Total: 1
2019-05-22 08:59:41.030 [http-nio-9090-exec-9] DEBUG c.b.javaframe.dao.Frame_CodesDao.getCodesByName - ==>  Preparing: select * from frame_codes where code_name = ? 
2019-05-22 08:59:41.030 [http-nio-9090-exec-9] DEBUG c.b.javaframe.dao.Frame_CodesDao.getCodesByName - ==> Parameters: 订单状态(String)
2019-05-22 08:59:41.034 [http-nio-9090-exec-9] DEBUG c.b.javaframe.dao.Frame_CodesDao.getCodesByName - <==      Total: 1
2019-05-22 08:59:41.035 [http-nio-9090-exec-9] DEBUG c.b.j.dao.Frame_CodeValueDao.getCodeValueByName - ==>  Preparing: select * from frame_codevalue where code_guid = ? 
2019-05-22 08:59:41.036 [http-nio-9090-exec-9] DEBUG c.b.j.dao.Frame_CodeValueDao.getCodeValueByName - ==> Parameters: b55f5f1c-b554-4d4e-9c7c-ce0872f47566(String)
2019-05-22 08:59:41.039 [http-nio-9090-exec-9] DEBUG c.b.j.dao.Frame_CodeValueDao.getCodeValueByName - <==      Total: 6
2019-05-22 08:59:41.039 [http-nio-9090-exec-9] DEBUG c.b.javaframe.dao.Frame_CodesDao.getCodesByName - ==>  Preparing: select * from frame_codes where code_name = ? 
2019-05-22 08:59:41.040 [http-nio-9090-exec-9] DEBUG c.b.javaframe.dao.Frame_CodesDao.getCodesByName - ==> Parameters: 订单状态(String)
2019-05-22 08:59:41.042 [http-nio-9090-exec-9] DEBUG c.b.javaframe.dao.Frame_CodesDao.getCodesByName - <==      Total: 1
2019-05-22 08:59:41.043 [http-nio-9090-exec-9] DEBUG c.b.j.dao.Frame_CodeValueDao.getCodeValueByName - ==>  Preparing: select * from frame_codevalue where code_guid = ? 
2019-05-22 08:59:41.043 [http-nio-9090-exec-9] DEBUG c.b.j.dao.Frame_CodeValueDao.getCodeValueByName - ==> Parameters: b55f5f1c-b554-4d4e-9c7c-ce0872f47566(String)
2019-05-22 08:59:41.047 [http-nio-9090-exec-9] DEBUG c.b.j.dao.Frame_CodeValueDao.getCodeValueByName - <==      Total: 6
2019-05-22 08:59:41.048 [http-nio-9090-exec-9] DEBUG c.b.javaframe.dao.Frame_CodesDao.getCodesByName - ==>  Preparing: select * from frame_codes where code_name = ? 
2019-05-22 08:59:41.048 [http-nio-9090-exec-9] DEBUG c.b.javaframe.dao.Frame_CodesDao.getCodesByName - ==> Parameters: 订单状态(String)
2019-05-22 08:59:41.051 [http-nio-9090-exec-9] DEBUG c.b.javaframe.dao.Frame_CodesDao.getCodesByName - <==      Total: 1
2019-05-22 08:59:41.051 [http-nio-9090-exec-9] DEBUG c.b.j.dao.Frame_CodeValueDao.getCodeValueByName - ==>  Preparing: select * from frame_codevalue where code_guid = ? 
2019-05-22 08:59:41.052 [http-nio-9090-exec-9] DEBUG c.b.j.dao.Frame_CodeValueDao.getCodeValueByName - ==> Parameters: b55f5f1c-b554-4d4e-9c7c-ce0872f47566(String)
2019-05-22 08:59:41.055 [http-nio-9090-exec-9] DEBUG c.b.j.dao.Frame_CodeValueDao.getCodeValueByName - <==      Total: 6
2019-05-22 08:59:41.056 [http-nio-9090-exec-9] DEBUG c.b.javaframe.dao.Frame_CodesDao.getCodesByName - ==>  Preparing: select * from frame_codes where code_name = ? 
2019-05-22 08:59:41.056 [http-nio-9090-exec-9] DEBUG c.b.javaframe.dao.Frame_CodesDao.getCodesByName - ==> Parameters: 订单状态(String)
2019-05-22 08:59:41.060 [http-nio-9090-exec-9] DEBUG c.b.javaframe.dao.Frame_CodesDao.getCodesByName - <==      Total: 1
2019-05-22 08:59:41.060 [http-nio-9090-exec-9] DEBUG c.b.j.dao.Frame_CodeValueDao.getCodeValueByName - ==>  Preparing: select * from frame_codevalue where code_guid = ? 
2019-05-22 08:59:41.061 [http-nio-9090-exec-9] DEBUG c.b.j.dao.Frame_CodeValueDao.getCodeValueByName - ==> Parameters: b55f5f1c-b554-4d4e-9c7c-ce0872f47566(String)
2019-05-22 08:59:41.063 [http-nio-9090-exec-9] DEBUG c.b.j.dao.Frame_CodeValueDao.getCodeValueByName - <==      Total: 6
2019-05-22 08:59:41.064 [http-nio-9090-exec-9] DEBUG c.b.javaframe.dao.Frame_CodesDao.getCodesByName - ==>  Preparing: select * from frame_codes where code_name = ? 
2019-05-22 08:59:41.064 [http-nio-9090-exec-9] DEBUG c.b.javaframe.dao.Frame_CodesDao.getCodesByName - ==> Parameters: 订单状态(String)
2019-05-22 08:59:41.066 [http-nio-9090-exec-9] DEBUG c.b.javaframe.dao.Frame_CodesDao.getCodesByName - <==      Total: 1
2019-05-22 08:59:41.067 [http-nio-9090-exec-9] DEBUG c.b.j.dao.Frame_CodeValueDao.getCodeValueByName - ==>  Preparing: select * from frame_codevalue where code_guid = ? 
2019-05-22 08:59:41.067 [http-nio-9090-exec-9] DEBUG c.b.j.dao.Frame_CodeValueDao.getCodeValueByName - ==> Parameters: b55f5f1c-b554-4d4e-9c7c-ce0872f47566(String)
2019-05-22 08:59:41.070 [http-nio-9090-exec-9] DEBUG c.b.j.dao.Frame_CodeValueDao.getCodeValueByName - <==      Total: 6
2019-05-22 08:59:41.070 [http-nio-9090-exec-9] DEBUG c.b.javaframe.dao.Frame_CodesDao.getCodesByName - ==>  Preparing: select * from frame_codes where code_name = ? 
2019-05-22 08:59:41.071 [http-nio-9090-exec-9] DEBUG c.b.javaframe.dao.Frame_CodesDao.getCodesByName - ==> Parameters: 订单状态(String)
2019-05-22 08:59:41.075 [http-nio-9090-exec-9] DEBUG c.b.javaframe.dao.Frame_CodesDao.getCodesByName - <==      Total: 1
2019-05-22 08:59:41.076 [http-nio-9090-exec-9] DEBUG c.b.j.dao.Frame_CodeValueDao.getCodeValueByName - ==>  Preparing: select * from frame_codevalue where code_guid = ? 
2019-05-22 08:59:41.076 [http-nio-9090-exec-9] DEBUG c.b.j.dao.Frame_CodeValueDao.getCodeValueByName - ==> Parameters: b55f5f1c-b554-4d4e-9c7c-ce0872f47566(String)
2019-05-22 08:59:41.079 [http-nio-9090-exec-9] DEBUG c.b.j.dao.Frame_CodeValueDao.getCodeValueByName - <==      Total: 6
2019-05-22 08:59:41.080 [http-nio-9090-exec-9] DEBUG c.b.javaframe.dao.Frame_CodesDao.getCodesByName - ==>  Preparing: select * from frame_codes where code_name = ? 
2019-05-22 08:59:41.080 [http-nio-9090-exec-9] DEBUG c.b.javaframe.dao.Frame_CodesDao.getCodesByName - ==> Parameters: 订单状态(String)
2019-05-22 08:59:41.082 [http-nio-9090-exec-9] DEBUG c.b.javaframe.dao.Frame_CodesDao.getCodesByName - <==      Total: 1
2019-05-22 08:59:41.082 [http-nio-9090-exec-9] DEBUG c.b.j.dao.Frame_CodeValueDao.getCodeValueByName - ==>  Preparing: select * from frame_codevalue where code_guid = ? 
2019-05-22 08:59:41.083 [http-nio-9090-exec-9] DEBUG c.b.j.dao.Frame_CodeValueDao.getCodeValueByName - ==> Parameters: b55f5f1c-b554-4d4e-9c7c-ce0872f47566(String)
2019-05-22 08:59:41.085 [http-nio-9090-exec-9] DEBUG c.b.j.dao.Frame_CodeValueDao.getCodeValueByName - <==      Total: 6
2019-05-22 08:59:41.086 [http-nio-9090-exec-9] DEBUG c.b.javaframe.dao.Frame_CodesDao.getCodesByName - ==>  Preparing: select * from frame_codes where code_name = ? 
2019-05-22 08:59:41.086 [http-nio-9090-exec-9] DEBUG c.b.javaframe.dao.Frame_CodesDao.getCodesByName - ==> Parameters: 订单状态(String)
2019-05-22 08:59:41.088 [http-nio-9090-exec-9] DEBUG c.b.javaframe.dao.Frame_CodesDao.getCodesByName - <==      Total: 1
2019-05-22 08:59:41.088 [http-nio-9090-exec-9] DEBUG c.b.j.dao.Frame_CodeValueDao.getCodeValueByName - ==>  Preparing: select * from frame_codevalue where code_guid = ? 
2019-05-22 08:59:41.088 [http-nio-9090-exec-9] DEBUG c.b.j.dao.Frame_CodeValueDao.getCodeValueByName - ==> Parameters: b55f5f1c-b554-4d4e-9c7c-ce0872f47566(String)
2019-05-22 08:59:41.091 [http-nio-9090-exec-9] DEBUG c.b.j.dao.Frame_CodeValueDao.getCodeValueByName - <==      Total: 6
2019-05-22 08:59:41.091 [http-nio-9090-exec-9] DEBUG c.b.javaframe.dao.Frame_CodesDao.getCodesByName - ==>  Preparing: select * from frame_codes where code_name = ? 
2019-05-22 08:59:41.092 [http-nio-9090-exec-9] DEBUG c.b.javaframe.dao.Frame_CodesDao.getCodesByName - ==> Parameters: 订单状态(String)
2019-05-22 08:59:41.097 [http-nio-9090-exec-9] DEBUG c.b.javaframe.dao.Frame_CodesDao.getCodesByName - <==      Total: 1
2019-05-22 08:59:41.097 [http-nio-9090-exec-9] DEBUG c.b.j.dao.Frame_CodeValueDao.getCodeValueByName - ==>  Preparing: select * from frame_codevalue where code_guid = ? 
2019-05-22 08:59:41.098 [http-nio-9090-exec-9] DEBUG c.b.j.dao.Frame_CodeValueDao.getCodeValueByName - ==> Parameters: b55f5f1c-b554-4d4e-9c7c-ce0872f47566(String)
2019-05-22 08:59:41.114 [http-nio-9090-exec-9] DEBUG c.b.j.dao.Frame_CodeValueDao.getCodeValueByName - <==      Total: 6
2019-05-22 09:02:25.927 [http-nio-9090-exec-10] DEBUG com.basic.javaframe.dao.HosOrderDao.getList - ==>  Preparing: select * from hos_order t WHERE 1=1 and t.del_flag =0 order by row_id desc 
2019-05-22 09:02:25.928 [http-nio-9090-exec-10] DEBUG com.basic.javaframe.dao.HosOrderDao.getList - ==> Parameters: 
2019-05-22 09:02:25.942 [http-nio-9090-exec-10] DEBUG com.basic.javaframe.dao.HosOrderDao.getList - <==      Total: 28
2019-05-22 09:08:41.919 [restartedMain] DEBUG com.basic.javaframe.DemoApplication - Running with Spring Boot v2.1.3.RELEASE, Spring v5.1.5.RELEASE
2019-05-22 09:08:51.707 [restartedMain] DEBUG com.basic.javaframe.DemoApplication - Running with Spring Boot v2.1.3.RELEASE, Spring v5.1.5.RELEASE
2019-05-22 09:25:27.832 [restartedMain] DEBUG com.basic.javaframe.DemoApplication - Running with Spring Boot v2.1.3.RELEASE, Spring v5.1.5.RELEASE
2019-05-22 09:25:43.987 [restartedMain] DEBUG com.basic.javaframe.DemoApplication - Running with Spring Boot v2.1.3.RELEASE, Spring v5.1.5.RELEASE
2019-05-22 09:30:47.420 [restartedMain] DEBUG com.basic.javaframe.DemoApplication - Running with Spring Boot v2.1.3.RELEASE, Spring v5.1.5.RELEASE
2019-05-22 09:31:59.586 [restartedMain] DEBUG com.basic.javaframe.DemoApplication - Running with Spring Boot v2.1.3.RELEASE, Spring v5.1.5.RELEASE
2019-05-22 10:08:22.995 [restartedMain] DEBUG com.basic.javaframe.DemoApplication - Running with Spring Boot v2.1.3.RELEASE, Spring v5.1.5.RELEASE
2019-05-22 10:09:20.046 [restartedMain] DEBUG com.basic.javaframe.DemoApplication - Running with Spring Boot v2.1.3.RELEASE, Spring v5.1.5.RELEASE
2019-05-22 10:09:40.722 [restartedMain] DEBUG com.basic.javaframe.DemoApplication - Running with Spring Boot v2.1.3.RELEASE, Spring v5.1.5.RELEASE
2019-05-22 10:10:17.869 [restartedMain] DEBUG com.basic.javaframe.DemoApplication - Running with Spring Boot v2.1.3.RELEASE, Spring v5.1.5.RELEASE
2019-05-22 10:32:02.181 [restartedMain] DEBUG com.basic.javaframe.DemoApplication - Running with Spring Boot v2.1.3.RELEASE, Spring v5.1.5.RELEASE
2019-05-22 14:13:41.063 [restartedMain] DEBUG com.basic.javaframe.DemoApplication - Running with Spring Boot v2.1.3.RELEASE, Spring v5.1.5.RELEASE
2019-05-22 14:17:55.819 [restartedMain] DEBUG com.basic.javaframe.DemoApplication - Running with Spring Boot v2.1.3.RELEASE, Spring v5.1.5.RELEASE
2019-05-22 14:18:08.017 [restartedMain] DEBUG com.basic.javaframe.DemoApplication - Running with Spring Boot v2.1.3.RELEASE, Spring v5.1.5.RELEASE
2019-05-22 14:18:42.528 [http-nio-9090-exec-1] DEBUG c.b.j.dao.HosOrderDao.getOrderListByUserGuid - ==>  Preparing: select o.*,m.row_id as orderItemRowId,m.row_guid,m.goods_guid, m.count,m.total_money,m.order_guid,m.item_price,g.row_id as goodsId,g.row_guid,g.goods_name, g.goods_type_guid,g.goods_price,g.goods_img_guid,g.goods_info,g.is_shelf,f.content_url from hos_order o left join hos_orderitem m on o.row_guid = m.order_guid left join hos_goods g on m.goods_guid = g.row_guid left join frame_attach f on g.goods_img_guid = f.form_rowGuid where o.order_userGuid=? and o.del_flag = 0 order by o.reserveTime desc 
2019-05-22 14:18:42.558 [http-nio-9090-exec-1] DEBUG c.b.j.dao.HosOrderDao.getOrderListByUserGuid - ==> Parameters: 7ae96215-7b9e-496d-a096-2d5682742be6(String)
2019-05-22 14:18:42.675 [http-nio-9090-exec-1] DEBUG c.b.j.dao.HosOrderDao.getOrderListByUserGuid - <==      Total: 43
2019-05-22 14:18:43.080 [http-nio-9090-exec-1] DEBUG c.b.j.dao.HosOrderDao.getOrderListByUserGuid - ==>  Preparing: select o.*,m.row_id as orderItemRowId,m.row_guid,m.goods_guid, m.count,m.total_money,m.order_guid,m.item_price,g.row_id as goodsId,g.row_guid,g.goods_name, g.goods_type_guid,g.goods_price,g.goods_img_guid,g.goods_info,g.is_shelf,f.content_url from hos_order o left join hos_orderitem m on o.row_guid = m.order_guid left join hos_goods g on m.goods_guid = g.row_guid left join frame_attach f on g.goods_img_guid = f.form_rowGuid where o.order_userGuid=? and o.del_flag = 0 order by o.reserveTime desc 
2019-05-22 14:18:43.080 [http-nio-9090-exec-1] DEBUG c.b.j.dao.HosOrderDao.getOrderListByUserGuid - ==> Parameters: 7ae96215-7b9e-496d-a096-2d5682742be6(String)
2019-05-22 14:18:43.169 [http-nio-9090-exec-1] DEBUG c.b.j.dao.HosOrderDao.getOrderListByUserGuid - <==      Total: 43
2019-05-22 14:18:43.866 [http-nio-9090-exec-1] DEBUG c.b.j.dao.HosOrderDao.getOrderListByUserGuid - ==>  Preparing: select o.*,m.row_id as orderItemRowId,m.row_guid,m.goods_guid, m.count,m.total_money,m.order_guid,m.item_price,g.row_id as goodsId,g.row_guid,g.goods_name, g.goods_type_guid,g.goods_price,g.goods_img_guid,g.goods_info,g.is_shelf,f.content_url from hos_order o left join hos_orderitem m on o.row_guid = m.order_guid left join hos_goods g on m.goods_guid = g.row_guid left join frame_attach f on g.goods_img_guid = f.form_rowGuid where o.order_userGuid=? and o.del_flag = 0 order by o.reserveTime desc 
2019-05-22 14:18:43.867 [http-nio-9090-exec-1] DEBUG c.b.j.dao.HosOrderDao.getOrderListByUserGuid - ==> Parameters: 7ae96215-7b9e-496d-a096-2d5682742be6(String)
2019-05-22 14:18:43.934 [http-nio-9090-exec-1] DEBUG c.b.j.dao.HosOrderDao.getOrderListByUserGuid - <==      Total: 43
2019-05-22 14:18:43.959 [http-nio-9090-exec-1] DEBUG c.b.j.dao.HosOrderDao.getOrderListByUserGuid - ==>  Preparing: select o.*,m.row_id as orderItemRowId,m.row_guid,m.goods_guid, m.count,m.total_money,m.order_guid,m.item_price,g.row_id as goodsId,g.row_guid,g.goods_name, g.goods_type_guid,g.goods_price,g.goods_img_guid,g.goods_info,g.is_shelf,f.content_url from hos_order o left join hos_orderitem m on o.row_guid = m.order_guid left join hos_goods g on m.goods_guid = g.row_guid left join frame_attach f on g.goods_img_guid = f.form_rowGuid where o.order_userGuid=? and o.del_flag = 0 order by o.reserveTime desc 
2019-05-22 14:18:43.959 [http-nio-9090-exec-1] DEBUG c.b.j.dao.HosOrderDao.getOrderListByUserGuid - ==> Parameters: 7ae96215-7b9e-496d-a096-2d5682742be6(String)
2019-05-22 14:18:43.996 [http-nio-9090-exec-1] DEBUG c.b.j.dao.HosOrderDao.getOrderListByUserGuid - <==      Total: 43
2019-05-22 14:42:10.761 [http-nio-9090-exec-4] DEBUG c.b.j.dao.HosOrderDao.getOrderListByUserGuid - ==>  Preparing: select o.*,m.row_id as orderItemRowId,m.row_guid,m.goods_guid, m.count,m.total_money,m.order_guid,m.item_price,g.row_id as goodsId,g.row_guid,g.goods_name, g.goods_type_guid,g.goods_price,g.goods_img_guid,g.goods_info,g.is_shelf,f.content_url from hos_order o left join hos_orderitem m on o.row_guid = m.order_guid left join hos_goods g on m.goods_guid = g.row_guid left join frame_attach f on g.goods_img_guid = f.form_rowGuid where o.order_userGuid=? and o.del_flag = 0 order by o.reserveTime desc 
2019-05-22 14:42:10.762 [http-nio-9090-exec-4] DEBUG c.b.j.dao.HosOrderDao.getOrderListByUserGuid - ==> Parameters: 7ae96215-7b9e-496d-a096-2d5682742be6(String)
2019-05-22 14:42:10.804 [http-nio-9090-exec-4] DEBUG c.b.j.dao.HosOrderDao.getOrderListByUserGuid - <==      Total: 43
2019-05-22 14:42:10.817 [http-nio-9090-exec-4] DEBUG c.b.javaframe.dao.Frame_CodesDao.getCodesByName - ==>  Preparing: select * from frame_codes where code_name = ? 
2019-05-22 14:42:10.817 [http-nio-9090-exec-4] DEBUG c.b.javaframe.dao.Frame_CodesDao.getCodesByName - ==> Parameters: 订单状态(String)
2019-05-22 14:42:10.821 [http-nio-9090-exec-4] DEBUG c.b.javaframe.dao.Frame_CodesDao.getCodesByName - <==      Total: 1
2019-05-22 14:42:10.822 [http-nio-9090-exec-4] DEBUG c.b.j.dao.Frame_CodeValueDao.getCodeValueByName - ==>  Preparing: select * from frame_codevalue where code_guid = ? 
2019-05-22 14:42:10.822 [http-nio-9090-exec-4] DEBUG c.b.j.dao.Frame_CodeValueDao.getCodeValueByName - ==> Parameters: b55f5f1c-b554-4d4e-9c7c-ce0872f47566(String)
2019-05-22 14:42:10.825 [http-nio-9090-exec-4] DEBUG c.b.j.dao.Frame_CodeValueDao.getCodeValueByName - <==      Total: 6
2019-05-22 14:42:10.833 [http-nio-9090-exec-4] DEBUG c.b.javaframe.dao.Frame_CodesDao.getCodesByName - ==>  Preparing: select * from frame_codes where code_name = ? 
2019-05-22 14:42:10.833 [http-nio-9090-exec-4] DEBUG c.b.javaframe.dao.Frame_CodesDao.getCodesByName - ==> Parameters: 订单状态(String)
2019-05-22 14:42:10.836 [http-nio-9090-exec-4] DEBUG c.b.javaframe.dao.Frame_CodesDao.getCodesByName - <==      Total: 1
2019-05-22 14:42:10.837 [http-nio-9090-exec-4] DEBUG c.b.j.dao.Frame_CodeValueDao.getCodeValueByName - ==>  Preparing: select * from frame_codevalue where code_guid = ? 
2019-05-22 14:42:10.837 [http-nio-9090-exec-4] DEBUG c.b.j.dao.Frame_CodeValueDao.getCodeValueByName - ==> Parameters: b55f5f1c-b554-4d4e-9c7c-ce0872f47566(String)
2019-05-22 14:42:10.840 [http-nio-9090-exec-4] DEBUG c.b.j.dao.Frame_CodeValueDao.getCodeValueByName - <==      Total: 6
2019-05-22 14:42:10.841 [http-nio-9090-exec-4] DEBUG c.b.javaframe.dao.Frame_CodesDao.getCodesByName - ==>  Preparing: select * from frame_codes where code_name = ? 
2019-05-22 14:42:10.842 [http-nio-9090-exec-4] DEBUG c.b.javaframe.dao.Frame_CodesDao.getCodesByName - ==> Parameters: 订单状态(String)
2019-05-22 14:42:10.844 [http-nio-9090-exec-4] DEBUG c.b.javaframe.dao.Frame_CodesDao.getCodesByName - <==      Total: 1
2019-05-22 14:42:10.845 [http-nio-9090-exec-4] DEBUG c.b.j.dao.Frame_CodeValueDao.getCodeValueByName - ==>  Preparing: select * from frame_codevalue where code_guid = ? 
2019-05-22 14:42:10.845 [http-nio-9090-exec-4] DEBUG c.b.j.dao.Frame_CodeValueDao.getCodeValueByName - ==> Parameters: b55f5f1c-b554-4d4e-9c7c-ce0872f47566(String)
2019-05-22 14:42:10.849 [http-nio-9090-exec-4] DEBUG c.b.j.dao.Frame_CodeValueDao.getCodeValueByName - <==      Total: 6
2019-05-22 14:42:10.850 [http-nio-9090-exec-4] DEBUG c.b.javaframe.dao.Frame_CodesDao.getCodesByName - ==>  Preparing: select * from frame_codes where code_name = ? 
2019-05-22 14:42:10.850 [http-nio-9090-exec-4] DEBUG c.b.javaframe.dao.Frame_CodesDao.getCodesByName - ==> Parameters: 订单状态(String)
2019-05-22 14:42:10.853 [http-nio-9090-exec-4] DEBUG c.b.javaframe.dao.Frame_CodesDao.getCodesByName - <==      Total: 1
2019-05-22 14:42:10.853 [http-nio-9090-exec-4] DEBUG c.b.j.dao.Frame_CodeValueDao.getCodeValueByName - ==>  Preparing: select * from frame_codevalue where code_guid = ? 
2019-05-22 14:42:10.854 [http-nio-9090-exec-4] DEBUG c.b.j.dao.Frame_CodeValueDao.getCodeValueByName - ==> Parameters: b55f5f1c-b554-4d4e-9c7c-ce0872f47566(String)
2019-05-22 14:42:10.858 [http-nio-9090-exec-4] DEBUG c.b.j.dao.Frame_CodeValueDao.getCodeValueByName - <==      Total: 6
2019-05-22 14:42:10.859 [http-nio-9090-exec-4] DEBUG c.b.javaframe.dao.Frame_CodesDao.getCodesByName - ==>  Preparing: select * from frame_codes where code_name = ? 
2019-05-22 14:42:10.859 [http-nio-9090-exec-4] DEBUG c.b.javaframe.dao.Frame_CodesDao.getCodesByName - ==> Parameters: 订单状态(String)
2019-05-22 14:42:10.861 [http-nio-9090-exec-4] DEBUG c.b.javaframe.dao.Frame_CodesDao.getCodesByName - <==      Total: 1
2019-05-22 14:42:10.862 [http-nio-9090-exec-4] DEBUG c.b.j.dao.Frame_CodeValueDao.getCodeValueByName - ==>  Preparing: select * from frame_codevalue where code_guid = ? 
2019-05-22 14:42:10.862 [http-nio-9090-exec-4] DEBUG c.b.j.dao.Frame_CodeValueDao.getCodeValueByName - ==> Parameters: b55f5f1c-b554-4d4e-9c7c-ce0872f47566(String)
2019-05-22 14:42:10.865 [http-nio-9090-exec-4] DEBUG c.b.j.dao.Frame_CodeValueDao.getCodeValueByName - <==      Total: 6
2019-05-22 14:42:10.866 [http-nio-9090-exec-4] DEBUG c.b.javaframe.dao.Frame_CodesDao.getCodesByName - ==>  Preparing: select * from frame_codes where code_name = ? 
2019-05-22 14:42:10.867 [http-nio-9090-exec-4] DEBUG c.b.javaframe.dao.Frame_CodesDao.getCodesByName - ==> Parameters: 订单状态(String)
2019-05-22 14:42:10.906 [http-nio-9090-exec-4] DEBUG c.b.javaframe.dao.Frame_CodesDao.getCodesByName - <==      Total: 1
2019-05-22 14:42:10.907 [http-nio-9090-exec-4] DEBUG c.b.j.dao.Frame_CodeValueDao.getCodeValueByName - ==>  Preparing: select * from frame_codevalue where code_guid = ? 
2019-05-22 14:42:10.908 [http-nio-9090-exec-4] DEBUG c.b.j.dao.Frame_CodeValueDao.getCodeValueByName - ==> Parameters: b55f5f1c-b554-4d4e-9c7c-ce0872f47566(String)
2019-05-22 14:42:10.911 [http-nio-9090-exec-4] DEBUG c.b.j.dao.Frame_CodeValueDao.getCodeValueByName - <==      Total: 6
2019-05-22 14:42:10.915 [http-nio-9090-exec-4] DEBUG c.b.javaframe.dao.Frame_CodesDao.getCodesByName - ==>  Preparing: select * from frame_codes where code_name = ? 
2019-05-22 14:42:10.915 [http-nio-9090-exec-4] DEBUG c.b.javaframe.dao.Frame_CodesDao.getCodesByName - ==> Parameters: 订单状态(String)
2019-05-22 14:42:10.918 [http-nio-9090-exec-4] DEBUG c.b.javaframe.dao.Frame_CodesDao.getCodesByName - <==      Total: 1
2019-05-22 14:42:10.919 [http-nio-9090-exec-4] DEBUG c.b.j.dao.Frame_CodeValueDao.getCodeValueByName - ==>  Preparing: select * from frame_codevalue where code_guid = ? 
2019-05-22 14:42:10.919 [http-nio-9090-exec-4] DEBUG c.b.j.dao.Frame_CodeValueDao.getCodeValueByName - ==> Parameters: b55f5f1c-b554-4d4e-9c7c-ce0872f47566(String)
2019-05-22 14:42:10.922 [http-nio-9090-exec-4] DEBUG c.b.j.dao.Frame_CodeValueDao.getCodeValueByName - <==      Total: 6
2019-05-22 14:42:10.923 [http-nio-9090-exec-4] DEBUG c.b.javaframe.dao.Frame_CodesDao.getCodesByName - ==>  Preparing: select * from frame_codes where code_name = ? 
2019-05-22 14:42:10.923 [http-nio-9090-exec-4] DEBUG c.b.javaframe.dao.Frame_CodesDao.getCodesByName - ==> Parameters: 订单状态(String)
2019-05-22 14:42:10.926 [http-nio-9090-exec-4] DEBUG c.b.javaframe.dao.Frame_CodesDao.getCodesByName - <==      Total: 1
2019-05-22 14:42:10.926 [http-nio-9090-exec-4] DEBUG c.b.j.dao.Frame_CodeValueDao.getCodeValueByName - ==>  Preparing: select * from frame_codevalue where code_guid = ? 
2019-05-22 14:42:10.926 [http-nio-9090-exec-4] DEBUG c.b.j.dao.Frame_CodeValueDao.getCodeValueByName - ==> Parameters: b55f5f1c-b554-4d4e-9c7c-ce0872f47566(String)
2019-05-22 14:42:10.929 [http-nio-9090-exec-4] DEBUG c.b.j.dao.Frame_CodeValueDao.getCodeValueByName - <==      Total: 6
2019-05-22 14:42:10.930 [http-nio-9090-exec-4] DEBUG c.b.javaframe.dao.Frame_CodesDao.getCodesByName - ==>  Preparing: select * from frame_codes where code_name = ? 
2019-05-22 14:42:10.930 [http-nio-9090-exec-4] DEBUG c.b.javaframe.dao.Frame_CodesDao.getCodesByName - ==> Parameters: 订单状态(String)
2019-05-22 14:42:10.934 [http-nio-9090-exec-4] DEBUG c.b.javaframe.dao.Frame_CodesDao.getCodesByName - <==      Total: 1
2019-05-22 14:42:10.934 [http-nio-9090-exec-4] DEBUG c.b.j.dao.Frame_CodeValueDao.getCodeValueByName - ==>  Preparing: select * from frame_codevalue where code_guid = ? 
2019-05-22 14:42:10.935 [http-nio-9090-exec-4] DEBUG c.b.j.dao.Frame_CodeValueDao.getCodeValueByName - ==> Parameters: b55f5f1c-b554-4d4e-9c7c-ce0872f47566(String)
2019-05-22 14:42:10.938 [http-nio-9090-exec-4] DEBUG c.b.j.dao.Frame_CodeValueDao.getCodeValueByName - <==      Total: 6
2019-05-22 14:42:10.939 [http-nio-9090-exec-4] DEBUG c.b.javaframe.dao.Frame_CodesDao.getCodesByName - ==>  Preparing: select * from frame_codes where code_name = ? 
2019-05-22 14:42:10.939 [http-nio-9090-exec-4] DEBUG c.b.javaframe.dao.Frame_CodesDao.getCodesByName - ==> Parameters: 订单状态(String)
2019-05-22 14:42:10.941 [http-nio-9090-exec-4] DEBUG c.b.javaframe.dao.Frame_CodesDao.getCodesByName - <==      Total: 1
2019-05-22 14:42:10.941 [http-nio-9090-exec-4] DEBUG c.b.j.dao.Frame_CodeValueDao.getCodeValueByName - ==>  Preparing: select * from frame_codevalue where code_guid = ? 
2019-05-22 14:42:10.946 [http-nio-9090-exec-4] DEBUG c.b.j.dao.Frame_CodeValueDao.getCodeValueByName - ==> Parameters: b55f5f1c-b554-4d4e-9c7c-ce0872f47566(String)
2019-05-22 14:42:10.949 [http-nio-9090-exec-4] DEBUG c.b.j.dao.Frame_CodeValueDao.getCodeValueByName - <==      Total: 6
2019-05-22 14:42:10.950 [http-nio-9090-exec-4] DEBUG c.b.javaframe.dao.Frame_CodesDao.getCodesByName - ==>  Preparing: select * from frame_codes where code_name = ? 
2019-05-22 14:42:10.950 [http-nio-9090-exec-4] DEBUG c.b.javaframe.dao.Frame_CodesDao.getCodesByName - ==> Parameters: 订单状态(String)
2019-05-22 14:42:10.952 [http-nio-9090-exec-4] DEBUG c.b.javaframe.dao.Frame_CodesDao.getCodesByName - <==      Total: 1
2019-05-22 14:42:10.953 [http-nio-9090-exec-4] DEBUG c.b.j.dao.Frame_CodeValueDao.getCodeValueByName - ==>  Preparing: select * from frame_codevalue where code_guid = ? 
2019-05-22 14:42:10.954 [http-nio-9090-exec-4] DEBUG c.b.j.dao.Frame_CodeValueDao.getCodeValueByName - ==> Parameters: b55f5f1c-b554-4d4e-9c7c-ce0872f47566(String)
2019-05-22 14:42:10.995 [http-nio-9090-exec-4] DEBUG c.b.j.dao.Frame_CodeValueDao.getCodeValueByName - <==      Total: 6
2019-05-22 14:42:10.997 [http-nio-9090-exec-4] DEBUG c.b.javaframe.dao.Frame_CodesDao.getCodesByName - ==>  Preparing: select * from frame_codes where code_name = ? 
2019-05-22 14:42:10.997 [http-nio-9090-exec-4] DEBUG c.b.javaframe.dao.Frame_CodesDao.getCodesByName - ==> Parameters: 订单状态(String)
2019-05-22 14:42:10.999 [http-nio-9090-exec-4] DEBUG c.b.javaframe.dao.Frame_CodesDao.getCodesByName - <==      Total: 1
2019-05-22 14:42:11.000 [http-nio-9090-exec-4] DEBUG c.b.j.dao.Frame_CodeValueDao.getCodeValueByName - ==>  Preparing: select * from frame_codevalue where code_guid = ? 
2019-05-22 14:42:11.000 [http-nio-9090-exec-4] DEBUG c.b.j.dao.Frame_CodeValueDao.getCodeValueByName - ==> Parameters: b55f5f1c-b554-4d4e-9c7c-ce0872f47566(String)
2019-05-22 14:42:11.004 [http-nio-9090-exec-4] DEBUG c.b.j.dao.Frame_CodeValueDao.getCodeValueByName - <==      Total: 6
2019-05-22 14:42:11.005 [http-nio-9090-exec-4] DEBUG c.b.javaframe.dao.Frame_CodesDao.getCodesByName - ==>  Preparing: select * from frame_codes where code_name = ? 
2019-05-22 14:42:11.005 [http-nio-9090-exec-4] DEBUG c.b.javaframe.dao.Frame_CodesDao.getCodesByName - ==> Parameters: 订单状态(String)
2019-05-22 14:42:11.008 [http-nio-9090-exec-4] DEBUG c.b.javaframe.dao.Frame_CodesDao.getCodesByName - <==      Total: 1
2019-05-22 14:42:11.008 [http-nio-9090-exec-4] DEBUG c.b.j.dao.Frame_CodeValueDao.getCodeValueByName - ==>  Preparing: select * from frame_codevalue where code_guid = ? 
2019-05-22 14:42:11.008 [http-nio-9090-exec-4] DEBUG c.b.j.dao.Frame_CodeValueDao.getCodeValueByName - ==> Parameters: b55f5f1c-b554-4d4e-9c7c-ce0872f47566(String)
2019-05-22 14:42:11.011 [http-nio-9090-exec-4] DEBUG c.b.j.dao.Frame_CodeValueDao.getCodeValueByName - <==      Total: 6
2019-05-22 14:42:11.012 [http-nio-9090-exec-4] DEBUG c.b.javaframe.dao.Frame_CodesDao.getCodesByName - ==>  Preparing: select * from frame_codes where code_name = ? 
2019-05-22 14:42:11.012 [http-nio-9090-exec-4] DEBUG c.b.javaframe.dao.Frame_CodesDao.getCodesByName - ==> Parameters: 订单状态(String)
2019-05-22 14:42:11.014 [http-nio-9090-exec-4] DEBUG c.b.javaframe.dao.Frame_CodesDao.getCodesByName - <==      Total: 1
2019-05-22 14:42:11.015 [http-nio-9090-exec-4] DEBUG c.b.j.dao.Frame_CodeValueDao.getCodeValueByName - ==>  Preparing: select * from frame_codevalue where code_guid = ? 
2019-05-22 14:42:11.015 [http-nio-9090-exec-4] DEBUG c.b.j.dao.Frame_CodeValueDao.getCodeValueByName - ==> Parameters: b55f5f1c-b554-4d4e-9c7c-ce0872f47566(String)
2019-05-22 14:42:11.017 [http-nio-9090-exec-4] DEBUG c.b.j.dao.Frame_CodeValueDao.getCodeValueByName - <==      Total: 6
2019-05-22 14:42:11.019 [http-nio-9090-exec-4] DEBUG c.b.javaframe.dao.Frame_CodesDao.getCodesByName - ==>  Preparing: select * from frame_codes where code_name = ? 
2019-05-22 14:42:11.019 [http-nio-9090-exec-4] DEBUG c.b.javaframe.dao.Frame_CodesDao.getCodesByName - ==> Parameters: 订单状态(String)
2019-05-22 14:42:11.022 [http-nio-9090-exec-4] DEBUG c.b.javaframe.dao.Frame_CodesDao.getCodesByName - <==      Total: 1
2019-05-22 14:42:11.023 [http-nio-9090-exec-4] DEBUG c.b.j.dao.Frame_CodeValueDao.getCodeValueByName - ==>  Preparing: select * from frame_codevalue where code_guid = ? 
2019-05-22 14:42:11.023 [http-nio-9090-exec-4] DEBUG c.b.j.dao.Frame_CodeValueDao.getCodeValueByName - ==> Parameters: b55f5f1c-b554-4d4e-9c7c-ce0872f47566(String)
2019-05-22 14:42:11.025 [http-nio-9090-exec-4] DEBUG c.b.j.dao.Frame_CodeValueDao.getCodeValueByName - <==      Total: 6
2019-05-22 14:42:11.028 [http-nio-9090-exec-4] DEBUG c.b.javaframe.dao.Frame_CodesDao.getCodesByName - ==>  Preparing: select * from frame_codes where code_name = ? 
2019-05-22 14:42:11.028 [http-nio-9090-exec-4] DEBUG c.b.javaframe.dao.Frame_CodesDao.getCodesByName - ==> Parameters: 订单状态(String)
2019-05-22 14:42:11.031 [http-nio-9090-exec-4] DEBUG c.b.javaframe.dao.Frame_CodesDao.getCodesByName - <==      Total: 1
2019-05-22 14:42:11.032 [http-nio-9090-exec-4] DEBUG c.b.j.dao.Frame_CodeValueDao.getCodeValueByName - ==>  Preparing: select * from frame_codevalue where code_guid = ? 
2019-05-22 14:42:11.033 [http-nio-9090-exec-4] DEBUG c.b.j.dao.Frame_CodeValueDao.getCodeValueByName - ==> Parameters: b55f5f1c-b554-4d4e-9c7c-ce0872f47566(String)
2019-05-22 14:42:11.036 [http-nio-9090-exec-4] DEBUG c.b.j.dao.Frame_CodeValueDao.getCodeValueByName - <==      Total: 6
2019-05-22 14:42:11.038 [http-nio-9090-exec-4] DEBUG c.b.javaframe.dao.Frame_CodesDao.getCodesByName - ==>  Preparing: select * from frame_codes where code_name = ? 
2019-05-22 14:42:11.038 [http-nio-9090-exec-4] DEBUG c.b.javaframe.dao.Frame_CodesDao.getCodesByName - ==> Parameters: 订单状态(String)
2019-05-22 14:42:11.041 [http-nio-9090-exec-4] DEBUG c.b.javaframe.dao.Frame_CodesDao.getCodesByName - <==      Total: 1
2019-05-22 14:42:11.042 [http-nio-9090-exec-4] DEBUG c.b.j.dao.Frame_CodeValueDao.getCodeValueByName - ==>  Preparing: select * from frame_codevalue where code_guid = ? 
2019-05-22 14:42:11.042 [http-nio-9090-exec-4] DEBUG c.b.j.dao.Frame_CodeValueDao.getCodeValueByName - ==> Parameters: b55f5f1c-b554-4d4e-9c7c-ce0872f47566(String)
2019-05-22 14:42:11.045 [http-nio-9090-exec-4] DEBUG c.b.j.dao.Frame_CodeValueDao.getCodeValueByName - <==      Total: 6
2019-05-22 14:42:11.045 [http-nio-9090-exec-4] DEBUG c.b.javaframe.dao.Frame_CodesDao.getCodesByName - ==>  Preparing: select * from frame_codes where code_name = ? 
2019-05-22 14:42:11.045 [http-nio-9090-exec-4] DEBUG c.b.javaframe.dao.Frame_CodesDao.getCodesByName - ==> Parameters: 订单状态(String)
2019-05-22 14:42:11.047 [http-nio-9090-exec-4] DEBUG c.b.javaframe.dao.Frame_CodesDao.getCodesByName - <==      Total: 1
2019-05-22 14:42:11.048 [http-nio-9090-exec-4] DEBUG c.b.j.dao.Frame_CodeValueDao.getCodeValueByName - ==>  Preparing: select * from frame_codevalue where code_guid = ? 
2019-05-22 14:42:11.048 [http-nio-9090-exec-4] DEBUG c.b.j.dao.Frame_CodeValueDao.getCodeValueByName - ==> Parameters: b55f5f1c-b554-4d4e-9c7c-ce0872f47566(String)
2019-05-22 14:42:11.050 [http-nio-9090-exec-4] DEBUG c.b.j.dao.Frame_CodeValueDao.getCodeValueByName - <==      Total: 6
2019-05-22 14:42:11.051 [http-nio-9090-exec-4] DEBUG c.b.javaframe.dao.Frame_CodesDao.getCodesByName - ==>  Preparing: select * from frame_codes where code_name = ? 
2019-05-22 14:42:11.051 [http-nio-9090-exec-4] DEBUG c.b.javaframe.dao.Frame_CodesDao.getCodesByName - ==> Parameters: 订单状态(String)
2019-05-22 14:42:11.054 [http-nio-9090-exec-4] DEBUG c.b.javaframe.dao.Frame_CodesDao.getCodesByName - <==      Total: 1
2019-05-22 14:42:11.054 [http-nio-9090-exec-4] DEBUG c.b.j.dao.Frame_CodeValueDao.getCodeValueByName - ==>  Preparing: select * from frame_codevalue where code_guid = ? 
2019-05-22 14:42:11.054 [http-nio-9090-exec-4] DEBUG c.b.j.dao.Frame_CodeValueDao.getCodeValueByName - ==> Parameters: b55f5f1c-b554-4d4e-9c7c-ce0872f47566(String)
2019-05-22 14:42:11.057 [http-nio-9090-exec-4] DEBUG c.b.j.dao.Frame_CodeValueDao.getCodeValueByName - <==      Total: 6
2019-05-22 14:42:11.058 [http-nio-9090-exec-4] DEBUG c.b.javaframe.dao.Frame_CodesDao.getCodesByName - ==>  Preparing: select * from frame_codes where code_name = ? 
2019-05-22 14:42:11.058 [http-nio-9090-exec-4] DEBUG c.b.javaframe.dao.Frame_CodesDao.getCodesByName - ==> Parameters: 订单状态(String)
2019-05-22 14:42:11.060 [http-nio-9090-exec-4] DEBUG c.b.javaframe.dao.Frame_CodesDao.getCodesByName - <==      Total: 1
2019-05-22 14:42:11.061 [http-nio-9090-exec-4] DEBUG c.b.j.dao.Frame_CodeValueDao.getCodeValueByName - ==>  Preparing: select * from frame_codevalue where code_guid = ? 
2019-05-22 14:42:11.061 [http-nio-9090-exec-4] DEBUG c.b.j.dao.Frame_CodeValueDao.getCodeValueByName - ==> Parameters: b55f5f1c-b554-4d4e-9c7c-ce0872f47566(String)
2019-05-22 14:42:11.063 [http-nio-9090-exec-4] DEBUG c.b.j.dao.Frame_CodeValueDao.getCodeValueByName - <==      Total: 6
2019-05-22 14:45:03.854 [http-nio-9090-exec-6] DEBUG c.b.j.dao.HosOrderDao.getOrderListByUserGuid - ==>  Preparing: select o.*,m.row_id as orderItemRowId,m.row_guid,m.goods_guid, m.count,m.total_money,m.order_guid,m.item_price,g.row_id as goodsId,g.row_guid,g.goods_name, g.goods_type_guid,g.goods_price,g.goods_img_guid,g.goods_info,g.is_shelf,f.content_url from hos_order o left join hos_orderitem m on o.row_guid = m.order_guid left join hos_goods g on m.goods_guid = g.row_guid left join frame_attach f on g.goods_img_guid = f.form_rowGuid where o.order_userGuid=? and o.del_flag = 0 order by o.reserveTime desc 
2019-05-22 14:45:03.855 [http-nio-9090-exec-6] DEBUG c.b.j.dao.HosOrderDao.getOrderListByUserGuid - ==> Parameters: e2d0a107-6e63-4e86-a1c3-99e594bc0417(String)
2019-05-22 14:45:03.927 [http-nio-9090-exec-6] DEBUG c.b.j.dao.HosOrderDao.getOrderListByUserGuid - <==      Total: 4
2019-05-22 14:45:04.048 [http-nio-9090-exec-6] DEBUG c.b.javaframe.dao.Frame_CodesDao.getCodesByName - ==>  Preparing: select * from frame_codes where code_name = ? 
2019-05-22 14:45:04.049 [http-nio-9090-exec-6] DEBUG c.b.javaframe.dao.Frame_CodesDao.getCodesByName - ==> Parameters: 订单状态(String)
2019-05-22 14:45:04.082 [http-nio-9090-exec-6] DEBUG c.b.javaframe.dao.Frame_CodesDao.getCodesByName - <==      Total: 1
2019-05-22 14:45:04.083 [http-nio-9090-exec-6] DEBUG c.b.j.dao.Frame_CodeValueDao.getCodeValueByName - ==>  Preparing: select * from frame_codevalue where code_guid = ? 
2019-05-22 14:45:04.083 [http-nio-9090-exec-6] DEBUG c.b.j.dao.Frame_CodeValueDao.getCodeValueByName - ==> Parameters: b55f5f1c-b554-4d4e-9c7c-ce0872f47566(String)
2019-05-22 14:45:04.147 [http-nio-9090-exec-6] DEBUG c.b.j.dao.Frame_CodeValueDao.getCodeValueByName - <==      Total: 6
2019-05-22 14:45:04.148 [http-nio-9090-exec-6] DEBUG c.b.javaframe.dao.Frame_CodesDao.getCodesByName - ==>  Preparing: select * from frame_codes where code_name = ? 
2019-05-22 14:45:04.148 [http-nio-9090-exec-6] DEBUG c.b.javaframe.dao.Frame_CodesDao.getCodesByName - ==> Parameters: 订单状态(String)
2019-05-22 14:45:04.201 [http-nio-9090-exec-6] DEBUG c.b.javaframe.dao.Frame_CodesDao.getCodesByName - <==      Total: 1
2019-05-22 14:45:04.201 [http-nio-9090-exec-6] DEBUG c.b.j.dao.Frame_CodeValueDao.getCodeValueByName - ==>  Preparing: select * from frame_codevalue where code_guid = ? 
2019-05-22 14:45:04.201 [http-nio-9090-exec-6] DEBUG c.b.j.dao.Frame_CodeValueDao.getCodeValueByName - ==> Parameters: b55f5f1c-b554-4d4e-9c7c-ce0872f47566(String)
2019-05-22 14:45:04.207 [http-nio-9090-exec-6] DEBUG c.b.j.dao.Frame_CodeValueDao.getCodeValueByName - <==      Total: 6
2019-05-22 14:45:22.780 [restartedMain] DEBUG com.basic.javaframe.DemoApplication - Running with Spring Boot v2.1.3.RELEASE, Spring v5.1.5.RELEASE
2019-05-22 14:50:36.367 [restartedMain] DEBUG com.basic.javaframe.DemoApplication - Running with Spring Boot v2.1.3.RELEASE, Spring v5.1.5.RELEASE
2019-05-22 14:52:28.680 [restartedMain] DEBUG com.basic.javaframe.DemoApplication - Running with Spring Boot v2.1.3.RELEASE, Spring v5.1.5.RELEASE
2019-05-22 14:52:43.060 [restartedMain] DEBUG com.basic.javaframe.DemoApplication - Running with Spring Boot v2.1.3.RELEASE, Spring v5.1.5.RELEASE
2019-05-22 15:03:40.895 [http-nio-9090-exec-1] DEBUG c.b.j.dao.HosOrderDao.getOrderListByUserGuid - ==>  Preparing: select o.*,m.row_id as orderItemRowId,m.row_guid,m.goods_guid, m.count,m.total_money,m.order_guid,m.item_price,g.row_id as goodsId,g.row_guid,g.goods_name, g.goods_type_guid,g.goods_price,g.goods_img_guid,g.goods_info,g.is_shelf,f.content_url from hos_order o left join hos_orderitem m on o.row_guid = m.order_guid left join hos_goods g on m.goods_guid = g.row_guid left join frame_attach f on g.goods_img_guid = f.form_rowGuid where o.order_userGuid=? and o.del_flag = 0 order by o.reserveTime desc 
2019-05-22 15:03:40.896 [http-nio-9090-exec-1] DEBUG c.b.j.dao.HosOrderDao.getOrderListByUserGuid - ==> Parameters: e2d0a107-6e63-4e86-a1c3-99e594bc0417(String)
2019-05-22 15:03:40.910 [http-nio-9090-exec-1] DEBUG c.b.j.dao.HosOrderDao.getOrderListByUserGuid - <==      Total: 4
2019-05-22 15:03:40.998 [http-nio-9090-exec-1] DEBUG c.b.j.dao.HosOrderDao.getOrderListByUserGuid - ==>  Preparing: select o.*,m.row_id as orderItemRowId,m.row_guid,m.goods_guid, m.count,m.total_money,m.order_guid,m.item_price,g.row_id as goodsId,g.row_guid,g.goods_name, g.goods_type_guid,g.goods_price,g.goods_img_guid,g.goods_info,g.is_shelf,f.content_url from hos_order o left join hos_orderitem m on o.row_guid = m.order_guid left join hos_goods g on m.goods_guid = g.row_guid left join frame_attach f on g.goods_img_guid = f.form_rowGuid where o.order_userGuid=? and o.del_flag = 0 order by o.reserveTime desc 
2019-05-22 15:03:40.999 [http-nio-9090-exec-1] DEBUG c.b.j.dao.HosOrderDao.getOrderListByUserGuid - ==> Parameters: e2d0a107-6e63-4e86-a1c3-99e594bc0417(String)
2019-05-22 15:03:41.009 [http-nio-9090-exec-1] DEBUG c.b.j.dao.HosOrderDao.getOrderListByUserGuid - <==      Total: 4
2019-05-22 15:03:41.237 [http-nio-9090-exec-1] DEBUG c.b.j.dao.HosOrderDao.getOrderListByUserGuid - ==>  Preparing: select o.*,m.row_id as orderItemRowId,m.row_guid,m.goods_guid, m.count,m.total_money,m.order_guid,m.item_price,g.row_id as goodsId,g.row_guid,g.goods_name, g.goods_type_guid,g.goods_price,g.goods_img_guid,g.goods_info,g.is_shelf,f.content_url from hos_order o left join hos_orderitem m on o.row_guid = m.order_guid left join hos_goods g on m.goods_guid = g.row_guid left join frame_attach f on g.goods_img_guid = f.form_rowGuid where o.order_userGuid=? and o.del_flag = 0 order by o.reserveTime desc 
2019-05-22 15:03:41.238 [http-nio-9090-exec-1] DEBUG c.b.j.dao.HosOrderDao.getOrderListByUserGuid - ==> Parameters: e2d0a107-6e63-4e86-a1c3-99e594bc0417(String)
2019-05-22 15:03:41.247 [http-nio-9090-exec-1] DEBUG c.b.j.dao.HosOrderDao.getOrderListByUserGuid - <==      Total: 4
2019-05-22 15:03:41.273 [http-nio-9090-exec-1] DEBUG c.b.j.dao.HosOrderDao.getOrderListByUserGuid - ==>  Preparing: select o.*,m.row_id as orderItemRowId,m.row_guid,m.goods_guid, m.count,m.total_money,m.order_guid,m.item_price,g.row_id as goodsId,g.row_guid,g.goods_name, g.goods_type_guid,g.goods_price,g.goods_img_guid,g.goods_info,g.is_shelf,f.content_url from hos_order o left join hos_orderitem m on o.row_guid = m.order_guid left join hos_goods g on m.goods_guid = g.row_guid left join frame_attach f on g.goods_img_guid = f.form_rowGuid where o.order_userGuid=? and o.del_flag = 0 order by o.reserveTime desc 
2019-05-22 15:03:41.273 [http-nio-9090-exec-1] DEBUG c.b.j.dao.HosOrderDao.getOrderListByUserGuid - ==> Parameters: e2d0a107-6e63-4e86-a1c3-99e594bc0417(String)
2019-05-22 15:03:41.290 [http-nio-9090-exec-1] DEBUG c.b.j.dao.HosOrderDao.getOrderListByUserGuid - <==      Total: 4
2019-05-22 15:05:03.642 [http-nio-9090-exec-3] DEBUG c.b.j.dao.HosOrderDao.getOrderListByUserGuid - ==>  Preparing: select o.*,m.row_id as orderItemRowId,m.row_guid,m.goods_guid, m.count,m.total_money,m.order_guid,m.item_price,g.row_id as goodsId,g.row_guid,g.goods_name, g.goods_type_guid,g.goods_price,g.goods_img_guid,g.goods_info,g.is_shelf,f.content_url from hos_order o left join hos_orderitem m on o.row_guid = m.order_guid left join hos_goods g on m.goods_guid = g.row_guid left join frame_attach f on g.goods_img_guid = f.form_rowGuid where o.order_userGuid=? and o.del_flag = 0 order by o.reserveTime desc 
2019-05-22 15:05:03.643 [http-nio-9090-exec-3] DEBUG c.b.j.dao.HosOrderDao.getOrderListByUserGuid - ==> Parameters: e2d0a107-6e63-4e86-a1c3-99e594bc0417(String)
2019-05-22 15:05:03.654 [http-nio-9090-exec-3] DEBUG c.b.j.dao.HosOrderDao.getOrderListByUserGuid - <==      Total: 4
2019-05-22 15:05:04.079 [http-nio-9090-exec-3] DEBUG c.b.j.dao.HosOrderDao.getOrderListByUserGuid - ==>  Preparing: select o.*,m.row_id as orderItemRowId,m.row_guid,m.goods_guid, m.count,m.total_money,m.order_guid,m.item_price,g.row_id as goodsId,g.row_guid,g.goods_name, g.goods_type_guid,g.goods_price,g.goods_img_guid,g.goods_info,g.is_shelf,f.content_url from hos_order o left join hos_orderitem m on o.row_guid = m.order_guid left join hos_goods g on m.goods_guid = g.row_guid left join frame_attach f on g.goods_img_guid = f.form_rowGuid where o.order_userGuid=? and o.del_flag = 0 order by o.reserveTime desc 
2019-05-22 15:05:04.080 [http-nio-9090-exec-3] DEBUG c.b.j.dao.HosOrderDao.getOrderListByUserGuid - ==> Parameters: e2d0a107-6e63-4e86-a1c3-99e594bc0417(String)
2019-05-22 15:05:04.088 [http-nio-9090-exec-3] DEBUG c.b.j.dao.HosOrderDao.getOrderListByUserGuid - <==      Total: 4
2019-05-22 15:05:04.581 [http-nio-9090-exec-3] DEBUG c.b.j.dao.HosOrderDao.getOrderListByUserGuid - ==>  Preparing: select o.*,m.row_id as orderItemRowId,m.row_guid,m.goods_guid, m.count,m.total_money,m.order_guid,m.item_price,g.row_id as goodsId,g.row_guid,g.goods_name, g.goods_type_guid,g.goods_price,g.goods_img_guid,g.goods_info,g.is_shelf,f.content_url from hos_order o left join hos_orderitem m on o.row_guid = m.order_guid left join hos_goods g on m.goods_guid = g.row_guid left join frame_attach f on g.goods_img_guid = f.form_rowGuid where o.order_userGuid=? and o.del_flag = 0 order by o.reserveTime desc 
2019-05-22 15:05:04.582 [http-nio-9090-exec-3] DEBUG c.b.j.dao.HosOrderDao.getOrderListByUserGuid - ==> Parameters: e2d0a107-6e63-4e86-a1c3-99e594bc0417(String)
2019-05-22 15:05:04.597 [http-nio-9090-exec-3] DEBUG c.b.j.dao.HosOrderDao.getOrderListByUserGuid - <==      Total: 4
2019-05-22 15:05:04.628 [http-nio-9090-exec-3] DEBUG c.b.j.dao.HosOrderDao.getOrderListByUserGuid - ==>  Preparing: select o.*,m.row_id as orderItemRowId,m.row_guid,m.goods_guid, m.count,m.total_money,m.order_guid,m.item_price,g.row_id as goodsId,g.row_guid,g.goods_name, g.goods_type_guid,g.goods_price,g.goods_img_guid,g.goods_info,g.is_shelf,f.content_url from hos_order o left join hos_orderitem m on o.row_guid = m.order_guid left join hos_goods g on m.goods_guid = g.row_guid left join frame_attach f on g.goods_img_guid = f.form_rowGuid where o.order_userGuid=? and o.del_flag = 0 order by o.reserveTime desc 
2019-05-22 15:05:04.629 [http-nio-9090-exec-3] DEBUG c.b.j.dao.HosOrderDao.getOrderListByUserGuid - ==> Parameters: e2d0a107-6e63-4e86-a1c3-99e594bc0417(String)
2019-05-22 15:05:04.641 [http-nio-9090-exec-3] DEBUG c.b.j.dao.HosOrderDao.getOrderListByUserGuid - <==      Total: 4
2019-05-22 15:12:16.452 [restartedMain] DEBUG com.basic.javaframe.DemoApplication - Running with Spring Boot v2.1.3.RELEASE, Spring v5.1.5.RELEASE
2019-05-22 15:24:48.185 [restartedMain] DEBUG com.basic.javaframe.DemoApplication - Running with Spring Boot v2.1.3.RELEASE, Spring v5.1.5.RELEASE
2019-05-22 15:25:10.285 [restartedMain] DEBUG com.basic.javaframe.DemoApplication - Running with Spring Boot v2.1.3.RELEASE, Spring v5.1.5.RELEASE
2019-05-22 15:25:30.661 [restartedMain] DEBUG com.basic.javaframe.DemoApplication - Running with Spring Boot v2.1.3.RELEASE, Spring v5.1.5.RELEASE
2019-05-22 15:27:18.476 [restartedMain] DEBUG com.basic.javaframe.DemoApplication - Running with Spring Boot v2.1.3.RELEASE, Spring v5.1.5.RELEASE
2019-05-22 16:00:28.339 [restartedMain] DEBUG com.basic.javaframe.DemoApplication - Running with Spring Boot v2.1.3.RELEASE, Spring v5.1.5.RELEASE
2019-05-22 16:03:58.938 [http-nio-9090-exec-4] DEBUG com.basic.javaframe.dao.HosOrderDao.getByRowGuid - ==>  Preparing: select * from hos_order where row_guid = ? 
2019-05-22 16:03:58.968 [http-nio-9090-exec-4] DEBUG com.basic.javaframe.dao.HosOrderDao.getByRowGuid - ==> Parameters: 5c052be8-5df0-4898-ac82-ffcb7f3da485(String)
2019-05-22 16:03:59.014 [http-nio-9090-exec-4] DEBUG com.basic.javaframe.dao.HosOrderDao.getByRowGuid - <==      Total: 1
2019-05-22 16:03:59.357 [http-nio-9090-exec-4] DEBUG com.basic.javaframe.dao.HosOrderDao.getByRowGuid - ==>  Preparing: select * from hos_order where row_guid = ? 
2019-05-22 16:03:59.357 [http-nio-9090-exec-4] DEBUG com.basic.javaframe.dao.HosOrderDao.getByRowGuid - ==> Parameters: 5c052be8-5df0-4898-ac82-ffcb7f3da485(String)
2019-05-22 16:03:59.367 [http-nio-9090-exec-4] DEBUG com.basic.javaframe.dao.HosOrderDao.getByRowGuid - <==      Total: 1
2019-05-22 16:03:59.560 [http-nio-9090-exec-4] DEBUG com.basic.javaframe.dao.HosOrderDao.getByRowGuid - ==>  Preparing: select * from hos_order where row_guid = ? 
2019-05-22 16:03:59.561 [http-nio-9090-exec-4] DEBUG com.basic.javaframe.dao.HosOrderDao.getByRowGuid - ==> Parameters: 5c052be8-5df0-4898-ac82-ffcb7f3da485(String)
2019-05-22 16:03:59.565 [http-nio-9090-exec-4] DEBUG com.basic.javaframe.dao.HosOrderDao.getByRowGuid - <==      Total: 1
2019-05-22 16:03:59.586 [http-nio-9090-exec-4] DEBUG com.basic.javaframe.dao.HosOrderDao.getByRowGuid - ==>  Preparing: select * from hos_order where row_guid = ? 
2019-05-22 16:03:59.587 [http-nio-9090-exec-4] DEBUG com.basic.javaframe.dao.HosOrderDao.getByRowGuid - ==> Parameters: 5c052be8-5df0-4898-ac82-ffcb7f3da485(String)
2019-05-22 16:03:59.592 [http-nio-9090-exec-4] DEBUG com.basic.javaframe.dao.HosOrderDao.getByRowGuid - <==      Total: 1
2019-05-22 16:05:06.487 [restartedMain] DEBUG com.basic.javaframe.DemoApplication - Running with Spring Boot v2.1.3.RELEASE, Spring v5.1.5.RELEASE
2019-05-22 16:05:16.809 [http-nio-9090-exec-1] DEBUG com.basic.javaframe.dao.HosOrderDao.getByRowGuid - ==>  Preparing: select * from hos_order where row_guid = ? 
2019-05-22 16:05:16.809 [http-nio-9090-exec-1] DEBUG com.basic.javaframe.dao.HosOrderDao.getByRowGuid - ==> Parameters: 5c052be8-5df0-4898-ac82-ffcb7f3da485(String)
2019-05-22 16:05:16.813 [http-nio-9090-exec-1] DEBUG com.basic.javaframe.dao.HosOrderDao.getByRowGuid - <==      Total: 1
2019-05-22 16:05:17.211 [http-nio-9090-exec-1] DEBUG com.basic.javaframe.dao.HosOrderDao.getByRowGuid - ==>  Preparing: select * from hos_order where row_guid = ? 
2019-05-22 16:05:17.212 [http-nio-9090-exec-1] DEBUG com.basic.javaframe.dao.HosOrderDao.getByRowGuid - ==> Parameters: 5c052be8-5df0-4898-ac82-ffcb7f3da485(String)
2019-05-22 16:05:17.256 [http-nio-9090-exec-1] DEBUG com.basic.javaframe.dao.HosOrderDao.getByRowGuid - <==      Total: 1
2019-05-22 16:07:48.453 [restartedMain] DEBUG com.basic.javaframe.DemoApplication - Running with Spring Boot v2.1.3.RELEASE, Spring v5.1.5.RELEASE
2019-05-22 16:11:42.746 [restartedMain] DEBUG com.basic.javaframe.DemoApplication - Running with Spring Boot v2.1.3.RELEASE, Spring v5.1.5.RELEASE
2019-05-22 16:13:46.705 [restartedMain] DEBUG com.basic.javaframe.DemoApplication - Running with Spring Boot v2.1.3.RELEASE, Spring v5.1.5.RELEASE
2019-05-22 16:14:07.485 [restartedMain] DEBUG com.basic.javaframe.DemoApplication - Running with Spring Boot v2.1.3.RELEASE, Spring v5.1.5.RELEASE
2019-05-22 16:14:55.506 [restartedMain] DEBUG com.basic.javaframe.DemoApplication - Running with Spring Boot v2.1.3.RELEASE, Spring v5.1.5.RELEASE
2019-05-22 16:15:18.388 [restartedMain] DEBUG com.basic.javaframe.DemoApplication - Running with Spring Boot v2.1.3.RELEASE, Spring v5.1.5.RELEASE
2019-05-22 16:15:30.131 [http-nio-9090-exec-1] DEBUG com.basic.javaframe.dao.HosOrderDao.getByRowGuid - ==>  Preparing: select * from hos_order where row_guid = ? 
2019-05-22 16:15:30.133 [http-nio-9090-exec-1] DEBUG com.basic.javaframe.dao.HosOrderDao.getByRowGuid - ==> Parameters: 5c052be8-5df0-4898-ac82-ffcb7f3da485(String)
2019-05-22 16:15:30.140 [http-nio-9090-exec-1] DEBUG com.basic.javaframe.dao.HosOrderDao.getByRowGuid - <==      Total: 1
2019-05-22 16:15:30.513 [http-nio-9090-exec-1] DEBUG com.basic.javaframe.dao.HosOrderDao.getByRowGuid - ==>  Preparing: select * from hos_order where row_guid = ? 
2019-05-22 16:15:30.513 [http-nio-9090-exec-1] DEBUG com.basic.javaframe.dao.HosOrderDao.getByRowGuid - ==> Parameters: 5c052be8-5df0-4898-ac82-ffcb7f3da485(String)
2019-05-22 16:15:30.521 [http-nio-9090-exec-1] DEBUG com.basic.javaframe.dao.HosOrderDao.getByRowGuid - <==      Total: 1
2019-05-22 16:16:29.319 [restartedMain] DEBUG com.basic.javaframe.DemoApplication - Running with Spring Boot v2.1.3.RELEASE, Spring v5.1.5.RELEASE
2019-05-22 16:16:58.574 [restartedMain] DEBUG com.basic.javaframe.DemoApplication - Running with Spring Boot v2.1.3.RELEASE, Spring v5.1.5.RELEASE
2019-05-22 16:39:58.579 [restartedMain] DEBUG com.basic.javaframe.DemoApplication - Running with Spring Boot v2.1.3.RELEASE, Spring v5.1.5.RELEASE
2019-05-22 16:42:11.388 [restartedMain] DEBUG com.basic.javaframe.DemoApplication - Running with Spring Boot v2.1.3.RELEASE, Spring v5.1.5.RELEASE
2019-05-22 16:47:14.434 [restartedMain] DEBUG com.basic.javaframe.DemoApplication - Running with Spring Boot v2.1.3.RELEASE, Spring v5.1.5.RELEASE
2019-05-22 16:50:50.685 [restartedMain] DEBUG com.basic.javaframe.DemoApplication - Running with Spring Boot v2.1.3.RELEASE, Spring v5.1.5.RELEASE
2019-05-22 16:56:56.763 [restartedMain] DEBUG com.basic.javaframe.DemoApplication - Running with Spring Boot v2.1.3.RELEASE, Spring v5.1.5.RELEASE
2019-05-22 16:57:20.455 [restartedMain] DEBUG com.basic.javaframe.DemoApplication - Running with Spring Boot v2.1.3.RELEASE, Spring v5.1.5.RELEASE
2019-05-22 16:57:33.034 [http-nio-9090-exec-5] DEBUG com.basic.javaframe.dao.HosOrderDao.getByRowGuid - ==>  Preparing: select * from hos_order where row_guid = ? 
2019-05-22 16:57:33.035 [http-nio-9090-exec-5] DEBUG com.basic.javaframe.dao.HosOrderDao.getByRowGuid - ==> Parameters: 5c052be8-5df0-4898-ac82-ffcb7f3da485(String)
2019-05-22 16:57:33.039 [http-nio-9090-exec-5] DEBUG com.basic.javaframe.dao.HosOrderDao.getByRowGuid - <==      Total: 1
2019-05-22 16:57:33.537 [http-nio-9090-exec-5] DEBUG com.basic.javaframe.dao.HosOrderDao.getByRowGuid - ==>  Preparing: select * from hos_order where row_guid = ? 
2019-05-22 16:57:33.538 [http-nio-9090-exec-5] DEBUG com.basic.javaframe.dao.HosOrderDao.getByRowGuid - ==> Parameters: 5c052be8-5df0-4898-ac82-ffcb7f3da485(String)
2019-05-22 16:57:33.544 [http-nio-9090-exec-5] DEBUG com.basic.javaframe.dao.HosOrderDao.getByRowGuid - <==      Total: 1
2019-05-22 17:00:18.760 [restartedMain] DEBUG com.basic.javaframe.DemoApplication - Running with Spring Boot v2.1.3.RELEASE, Spring v5.1.5.RELEASE
2019-05-22 17:00:28.352 [restartedMain] DEBUG com.basic.javaframe.DemoApplication - Running with Spring Boot v2.1.3.RELEASE, Spring v5.1.5.RELEASE
2019-05-22 17:01:57.049 [restartedMain] DEBUG com.basic.javaframe.DemoApplication - Running with Spring Boot v2.1.3.RELEASE, Spring v5.1.5.RELEASE
2019-05-22 17:02:09.762 [restartedMain] DEBUG com.basic.javaframe.DemoApplication - Running with Spring Boot v2.1.3.RELEASE, Spring v5.1.5.RELEASE
2019-05-22 17:02:45.974 [http-nio-9090-exec-5] DEBUG com.basic.javaframe.dao.HosOrderDao.getByRowGuid - ==>  Preparing: select * from hos_order where row_guid = ? 
2019-05-22 17:02:45.976 [http-nio-9090-exec-5] DEBUG com.basic.javaframe.dao.HosOrderDao.getByRowGuid - ==> Parameters: 5c052be8-5df0-4898-ac82-ffcb7f3da485(String)
2019-05-22 17:02:45.983 [http-nio-9090-exec-5] DEBUG com.basic.javaframe.dao.HosOrderDao.getByRowGuid - <==      Total: 1
2019-05-22 17:02:46.346 [http-nio-9090-exec-5] DEBUG com.basic.javaframe.dao.HosOrderDao.getByRowGuid - ==>  Preparing: select * from hos_order where row_guid = ? 
2019-05-22 17:02:46.347 [http-nio-9090-exec-5] DEBUG com.basic.javaframe.dao.HosOrderDao.getByRowGuid - ==> Parameters: 5c052be8-5df0-4898-ac82-ffcb7f3da485(String)
2019-05-22 17:02:46.353 [http-nio-9090-exec-5] DEBUG com.basic.javaframe.dao.HosOrderDao.getByRowGuid - <==      Total: 1
2019-05-22 17:06:39.772 [restartedMain] DEBUG com.basic.javaframe.DemoApplication - Running with Spring Boot v2.1.3.RELEASE, Spring v5.1.5.RELEASE
2019-05-22 17:11:41.954 [restartedMain] DEBUG com.basic.javaframe.DemoApplication - Running with Spring Boot v2.1.3.RELEASE, Spring v5.1.5.RELEASE
2019-05-22 17:12:42.811 [restartedMain] DEBUG com.basic.javaframe.DemoApplication - Running with Spring Boot v2.1.3.RELEASE, Spring v5.1.5.RELEASE
2019-05-22 17:14:41.946 [restartedMain] DEBUG com.basic.javaframe.DemoApplication - Running with Spring Boot v2.1.3.RELEASE, Spring v5.1.5.RELEASE
2019-05-22 17:15:03.826 [restartedMain] DEBUG com.basic.javaframe.DemoApplication - Running with Spring Boot v2.1.3.RELEASE, Spring v5.1.5.RELEASE
2019-05-22 17:20:11.843 [restartedMain] DEBUG com.basic.javaframe.DemoApplication - Running with Spring Boot v2.1.3.RELEASE, Spring v5.1.5.RELEASE
2019-05-22 17:20:59.739 [restartedMain] DEBUG com.basic.javaframe.DemoApplication - Running with Spring Boot v2.1.3.RELEASE, Spring v5.1.5.RELEASE
2019-05-22 17:22:25.177 [restartedMain] DEBUG com.basic.javaframe.DemoApplication - Running with Spring Boot v2.1.3.RELEASE, Spring v5.1.5.RELEASE
2019-05-22 17:22:38.903 [http-nio-9090-exec-10] DEBUG com.basic.javaframe.dao.HosOrderDao.getByRowGuid - ==>  Preparing: select * from hos_order where row_guid = ? 
2019-05-22 17:22:38.904 [http-nio-9090-exec-10] DEBUG com.basic.javaframe.dao.HosOrderDao.getByRowGuid - ==> Parameters: 5c052be8-5df0-4898-ac82-ffcb7f3da485(String)
2019-05-22 17:22:38.907 [http-nio-9090-exec-10] DEBUG com.basic.javaframe.dao.HosOrderDao.getByRowGuid - <==      Total: 1
2019-05-22 17:22:39.324 [http-nio-9090-exec-10] DEBUG com.basic.javaframe.dao.HosOrderDao.getByRowGuid - ==>  Preparing: select * from hos_order where row_guid = ? 
2019-05-22 17:22:39.325 [http-nio-9090-exec-10] DEBUG com.basic.javaframe.dao.HosOrderDao.getByRowGuid - ==> Parameters: 5c052be8-5df0-4898-ac82-ffcb7f3da485(String)
2019-05-22 17:22:39.331 [http-nio-9090-exec-10] DEBUG com.basic.javaframe.dao.HosOrderDao.getByRowGuid - <==      Total: 1
2019-05-22 17:25:01.821 [restartedMain] DEBUG com.basic.javaframe.DemoApplication - Running with Spring Boot v2.1.3.RELEASE, Spring v5.1.5.RELEASE
2019-05-22 17:29:12.463 [restartedMain] DEBUG com.basic.javaframe.DemoApplication - Running with Spring Boot v2.1.3.RELEASE, Spring v5.1.5.RELEASE
2019-05-22 17:30:25.689 [restartedMain] DEBUG com.basic.javaframe.DemoApplication - Running with Spring Boot v2.1.3.RELEASE, Spring v5.1.5.RELEASE
2019-05-22 17:34:20.078 [restartedMain] DEBUG com.basic.javaframe.DemoApplication - Running with Spring Boot v2.1.3.RELEASE, Spring v5.1.5.RELEASE
2019-05-22 17:35:08.715 [restartedMain] DEBUG com.basic.javaframe.DemoApplication - Running with Spring Boot v2.1.3.RELEASE, Spring v5.1.5.RELEASE
2019-05-22 17:35:17.329 [http-nio-9090-exec-1] DEBUG com.basic.javaframe.dao.HosOrderDao.getByRowGuid - ==>  Preparing: select * from hos_order where row_guid = ? 
2019-05-22 17:35:17.358 [http-nio-9090-exec-1] DEBUG com.basic.javaframe.dao.HosOrderDao.getByRowGuid - ==> Parameters: 5c052be8-5df0-4898-ac82-ffcb7f3da485(String)
2019-05-22 17:35:17.380 [http-nio-9090-exec-1] DEBUG com.basic.javaframe.dao.HosOrderDao.getByRowGuid - <==      Total: 1
2019-05-22 17:35:35.998 [restartedMain] DEBUG com.basic.javaframe.DemoApplication - Running with Spring Boot v2.1.3.RELEASE, Spring v5.1.5.RELEASE
2019-05-22 17:37:30.738 [restartedMain] DEBUG com.basic.javaframe.DemoApplication - Running with Spring Boot v2.1.3.RELEASE, Spring v5.1.5.RELEASE
2019-05-22 17:38:04.389 [restartedMain] DEBUG com.basic.javaframe.DemoApplication - Running with Spring Boot v2.1.3.RELEASE, Spring v5.1.5.RELEASE
2019-05-22 17:38:19.665 [restartedMain] DEBUG com.basic.javaframe.DemoApplication - Running with Spring Boot v2.1.3.RELEASE, Spring v5.1.5.RELEASE
