2019-05-21 17:40:59.634 [restartedMain] DEBUG com.basic.javaframe.DemoApplication - Running with Spring Boot v2.1.3.RELEASE, Spring v5.1.5.RELEASE
2019-05-21 17:44:39.721 [http-nio-9090-exec-5] DEBUG com.basic.javaframe.dao.HosGoodsDao.getList - ==>  Preparing: select * from hos_goods t left join frame_attach f on t.goods_img_guid = f.form_rowGuid WHERE 1=1 and t.del_flag =0 order by sort_sq desc limit ?, ? 
2019-05-21 17:44:39.769 [http-nio-9090-exec-5] DEBUG com.basic.javaframe.dao.HosGoodsDao.getList - ==> Parameters: 0(Integer), 10(Integer)
2019-05-21 17:44:59.976 [http-nio-9090-exec-2] DEBUG com.basic.javaframe.dao.HosGoodsDao.getList - ==>  Preparing: select * from hos_goods t left join frame_attach f on t.goods_img_guid = f.form_rowGuid WHERE 1=1 and t.del_flag =0 order by sort_sq desc limit ?, ? 
2019-05-21 17:44:59.977 [http-nio-9090-exec-2] DEBUG com.basic.javaframe.dao.HosGoodsDao.getList - ==> Parameters: 0(Integer), 10(Integer)
2019-05-21 17:45:09.981 [http-nio-9090-exec-9] DEBUG com.basic.javaframe.dao.HosGoodsDao.getList - ==>  Preparing: select * from hos_goods t left join frame_attach f on t.goods_img_guid = f.form_rowGuid WHERE 1=1 and t.del_flag =0 order by sort_sq desc limit ?, ? 
2019-05-21 17:45:09.981 [http-nio-9090-exec-9] DEBUG com.basic.javaframe.dao.HosGoodsDao.getList - ==> Parameters: 0(Integer), 10(Integer)
2019-05-21 17:45:49.580 [http-nio-9090-exec-3] DEBUG com.basic.javaframe.dao.HosGoodsDao.getList - ==>  Preparing: select * from hos_goods t left join frame_attach f on t.goods_img_guid = f.form_rowGuid WHERE 1=1 and t.del_flag =0 order by sort_sq desc limit ?, ? 
2019-05-21 17:45:49.581 [http-nio-9090-exec-3] DEBUG com.basic.javaframe.dao.HosGoodsDao.getList - ==> Parameters: 0(Integer), 10(Integer)
2019-05-21 17:47:01.593 [restartedMain] DEBUG com.basic.javaframe.DemoApplication - Running with Spring Boot v2.1.3.RELEASE, Spring v5.1.5.RELEASE
2019-05-21 17:47:09.824 [http-nio-9090-exec-2] DEBUG com.basic.javaframe.dao.HosGoodsDao.getList - ==>  Preparing: select * from hos_goods t left join frame_attach f on t.goods_img_guid = f.form_rowGuid WHERE 1=1 and t.del_flag =0 order by t.sort_sq desc limit ?, ? 
2019-05-21 17:47:09.826 [http-nio-9090-exec-2] DEBUG com.basic.javaframe.dao.HosGoodsDao.getList - ==> Parameters: 0(Integer), 10(Integer)
2019-05-21 17:47:09.862 [http-nio-9090-exec-2] DEBUG com.basic.javaframe.dao.HosGoodsDao.getList - <==      Total: 10
2019-05-21 17:47:09.870 [http-nio-9090-exec-2] DEBUG com.basic.javaframe.dao.HosGoodsDao.getCount - ==>  Preparing: select count(*) from hos_goods t WHERE 1=1 and t.del_flag =0 
2019-05-21 17:47:09.870 [http-nio-9090-exec-2] DEBUG com.basic.javaframe.dao.HosGoodsDao.getCount - ==> Parameters: 
2019-05-21 17:47:09.873 [http-nio-9090-exec-2] DEBUG com.basic.javaframe.dao.HosGoodsDao.getCount - <==      Total: 1
2019-05-21 17:47:35.009 [http-nio-9090-exec-3] DEBUG com.basic.javaframe.dao.HosGoodsDao.getList - ==>  Preparing: select * from hos_goods t left join frame_attach f on t.goods_img_guid = f.form_rowGuid WHERE 1=1 and t.del_flag =0 order by t.sort_sq desc limit ?, ? 
2019-05-21 17:47:35.010 [http-nio-9090-exec-3] DEBUG com.basic.javaframe.dao.HosGoodsDao.getList - ==> Parameters: 0(Integer), 100(Integer)
2019-05-21 17:47:35.042 [http-nio-9090-exec-3] DEBUG com.basic.javaframe.dao.HosGoodsDao.getList - <==      Total: 33
2019-05-21 17:47:35.052 [http-nio-9090-exec-3] DEBUG com.basic.javaframe.dao.HosGoodsDao.getCount - ==>  Preparing: select count(*) from hos_goods t WHERE 1=1 and t.del_flag =0 
2019-05-21 17:47:35.053 [http-nio-9090-exec-3] DEBUG com.basic.javaframe.dao.HosGoodsDao.getCount - ==> Parameters: 
2019-05-21 17:47:35.055 [http-nio-9090-exec-3] DEBUG com.basic.javaframe.dao.HosGoodsDao.getCount - <==      Total: 1
2019-05-21 17:48:27.153 [http-nio-9090-exec-4] DEBUG c.basic.javaframe.dao.Frame_UserDao.findUserByGuid - ==>  Preparing: select * from frame_user where row_guid = ? and del_flag = 0 
2019-05-21 17:48:27.154 [http-nio-9090-exec-4] DEBUG c.basic.javaframe.dao.Frame_UserDao.findUserByGuid - ==> Parameters: 8532db7a-b412-4296-8934-9cede3c655eb(String)
2019-05-21 17:48:27.160 [http-nio-9090-exec-4] DEBUG c.basic.javaframe.dao.Frame_UserDao.findUserByGuid - <==      Total: 1
2019-05-21 17:48:31.081 [http-nio-9090-exec-5] DEBUG c.b.j.dao.Frame_UserDao.getFrameUserByLoginId - ==>  Preparing: select * from frame_user where login_id = ? and del_flag = 0 
2019-05-21 17:48:31.082 [http-nio-9090-exec-5] DEBUG c.b.j.dao.Frame_UserDao.getFrameUserByLoginId - ==> Parameters: admin(String)
2019-05-21 17:48:31.119 [http-nio-9090-exec-5] DEBUG c.b.j.dao.Frame_UserDao.getFrameUserByLoginId - <==      Total: 1
2019-05-21 17:48:31.171 [http-nio-9090-exec-5] DEBUG c.basic.javaframe.dao.Frame_UserDao.getDeptByGuid - ==>  Preparing: select dept_guid from frame_user where row_guid = ? 
2019-05-21 17:48:31.172 [http-nio-9090-exec-5] DEBUG c.basic.javaframe.dao.Frame_UserDao.getDeptByGuid - ==> Parameters: 8532db7a-b412-4296-8934-9cede3c655eb(String)
2019-05-21 17:48:31.200 [http-nio-9090-exec-5] DEBUG c.basic.javaframe.dao.Frame_UserDao.getDeptByGuid - <==      Total: 1
2019-05-21 17:48:31.201 [http-nio-9090-exec-5] DEBUG c.b.javaframe.dao.Frame_DeptDao.getDeptNameByGuid - ==>  Preparing: select dept_name from frame_dept where row_guid=? and del_flag = 0 
2019-05-21 17:48:31.201 [http-nio-9090-exec-5] DEBUG c.b.javaframe.dao.Frame_DeptDao.getDeptNameByGuid - ==> Parameters: (String)
2019-05-21 17:48:31.249 [http-nio-9090-exec-5] DEBUG c.b.javaframe.dao.Frame_DeptDao.getDeptNameByGuid - <==      Total: 0
2019-05-21 17:48:31.371 [http-nio-9090-exec-6] DEBUG c.basic.javaframe.dao.Frame_UserDao.findUserByGuid - ==>  Preparing: select * from frame_user where row_guid = ? and del_flag = 0 
2019-05-21 17:48:31.372 [http-nio-9090-exec-6] DEBUG c.basic.javaframe.dao.Frame_UserDao.findUserByGuid - ==> Parameters: 8532db7a-b412-4296-8934-9cede3c655eb(String)
2019-05-21 17:48:31.388 [http-nio-9090-exec-6] DEBUG c.basic.javaframe.dao.Frame_UserDao.findUserByGuid - <==      Total: 1
2019-05-21 17:48:31.391 [http-nio-9090-exec-6] DEBUG c.b.j.dao.Frame_Role_UserDao.getCheckedRole - ==>  Preparing: select role_guid from frame_role_user where user_guid = ? 
2019-05-21 17:48:31.391 [http-nio-9090-exec-6] DEBUG c.b.j.dao.Frame_Role_UserDao.getCheckedRole - ==> Parameters: 8532db7a-b412-4296-8934-9cede3c655eb(String)
2019-05-21 17:48:31.398 [http-nio-9090-exec-6] DEBUG c.b.j.dao.Frame_Role_UserDao.getCheckedRole - <==      Total: 2
2019-05-21 17:48:31.408 [http-nio-9090-exec-6] DEBUG c.b.j.d.F.selectModuleByRoleGuid - ==>  Preparing: select * from frame_moduleright where allow_to = ? 
2019-05-21 17:48:31.408 [http-nio-9090-exec-6] DEBUG c.b.j.d.F.selectModuleByRoleGuid - ==> Parameters: Bf6p0CI4(String)
2019-05-21 17:48:31.431 [http-nio-9090-exec-6] DEBUG c.b.j.d.F.selectModuleByRoleGuid - <==      Total: 9
2019-05-21 17:48:31.431 [http-nio-9090-exec-6] DEBUG c.basic.javaframe.dao.Frame_ModuleDao.findModules - ==>  Preparing: select * from frame_module where pmodule_code = '0' and del_flag = 0 
2019-05-21 17:48:31.432 [http-nio-9090-exec-6] DEBUG c.basic.javaframe.dao.Frame_ModuleDao.findModules - ==> Parameters: 
2019-05-21 17:48:31.469 [http-nio-9090-exec-6] DEBUG c.basic.javaframe.dao.Frame_ModuleDao.findModules - <==      Total: 3
2019-05-21 17:48:31.472 [http-nio-9090-exec-6] DEBUG c.b.javaframe.dao.Frame_ModuleDao.getByPmoduleCode - ==>  Preparing: select * from frame_module where pmodule_code = ? and del_flag = 0 
2019-05-21 17:48:31.472 [http-nio-9090-exec-6] DEBUG c.b.javaframe.dao.Frame_ModuleDao.getByPmoduleCode - ==> Parameters: eede6a12-a9aa-4a70-a973-62010e6dac9f(String)
2019-05-21 17:48:31.535 [http-nio-9090-exec-6] DEBUG c.b.javaframe.dao.Frame_ModuleDao.getByPmoduleCode - <==      Total: 4
2019-05-21 17:48:31.536 [http-nio-9090-exec-6] DEBUG c.b.javaframe.dao.Frame_ModuleDao.getByPmoduleCode - ==>  Preparing: select * from frame_module where pmodule_code = ? and del_flag = 0 
2019-05-21 17:48:31.536 [http-nio-9090-exec-6] DEBUG c.b.javaframe.dao.Frame_ModuleDao.getByPmoduleCode - ==> Parameters: 2a554195-9c2c-4836-9547-0f77b2991be9(String)
2019-05-21 17:48:31.545 [http-nio-9090-exec-6] DEBUG c.b.javaframe.dao.Frame_ModuleDao.getByPmoduleCode - <==      Total: 0
2019-05-21 17:48:31.545 [http-nio-9090-exec-6] DEBUG c.b.javaframe.dao.Frame_ModuleDao.getByPmoduleCode - ==>  Preparing: select * from frame_module where pmodule_code = ? and del_flag = 0 
2019-05-21 17:48:31.546 [http-nio-9090-exec-6] DEBUG c.b.javaframe.dao.Frame_ModuleDao.getByPmoduleCode - ==> Parameters: dc1c6a41-c65a-4d80-85b3-d7587eeb94f9(String)
2019-05-21 17:48:31.575 [http-nio-9090-exec-6] DEBUG c.b.javaframe.dao.Frame_ModuleDao.getByPmoduleCode - <==      Total: 0
2019-05-21 17:48:31.576 [http-nio-9090-exec-6] DEBUG c.b.javaframe.dao.Frame_ModuleDao.getByPmoduleCode - ==>  Preparing: select * from frame_module where pmodule_code = ? and del_flag = 0 
2019-05-21 17:48:31.577 [http-nio-9090-exec-6] DEBUG c.b.javaframe.dao.Frame_ModuleDao.getByPmoduleCode - ==> Parameters: c1cb05ae-a9d6-4813-b8c5-17738e550a04(String)
2019-05-21 17:48:31.587 [http-nio-9090-exec-6] DEBUG c.b.javaframe.dao.Frame_ModuleDao.getByPmoduleCode - <==      Total: 0
2019-05-21 17:48:31.588 [http-nio-9090-exec-6] DEBUG c.b.javaframe.dao.Frame_ModuleDao.getByPmoduleCode - ==>  Preparing: select * from frame_module where pmodule_code = ? and del_flag = 0 
2019-05-21 17:48:31.589 [http-nio-9090-exec-6] DEBUG c.b.javaframe.dao.Frame_ModuleDao.getByPmoduleCode - ==> Parameters: 217c11cb-fa84-4a81-a8f3-71fa01bae9b5(String)
2019-05-21 17:48:31.674 [http-nio-9090-exec-6] DEBUG c.b.javaframe.dao.Frame_ModuleDao.getByPmoduleCode - <==      Total: 0
2019-05-21 17:48:31.674 [http-nio-9090-exec-6] DEBUG c.b.javaframe.dao.Frame_ModuleDao.getByPmoduleCode - ==>  Preparing: select * from frame_module where pmodule_code = ? and del_flag = 0 
2019-05-21 17:48:31.675 [http-nio-9090-exec-6] DEBUG c.b.javaframe.dao.Frame_ModuleDao.getByPmoduleCode - ==> Parameters: 1a0e02dc-a77c-4e0c-95b6-3fccbcffa349(String)
2019-05-21 17:48:31.702 [http-nio-9090-exec-6] DEBUG c.b.javaframe.dao.Frame_ModuleDao.getByPmoduleCode - <==      Total: 6
2019-05-21 17:48:31.702 [http-nio-9090-exec-6] DEBUG c.b.javaframe.dao.Frame_ModuleDao.getByPmoduleCode - ==>  Preparing: select * from frame_module where pmodule_code = ? and del_flag = 0 
2019-05-21 17:48:31.703 [http-nio-9090-exec-6] DEBUG c.b.javaframe.dao.Frame_ModuleDao.getByPmoduleCode - ==> Parameters: 1c4fe4ef-ca8b-4f25-9430-c8fdcdff5299(String)
2019-05-21 17:48:31.709 [http-nio-9090-exec-6] DEBUG c.b.javaframe.dao.Frame_ModuleDao.getByPmoduleCode - <==      Total: 0
2019-05-21 17:48:31.710 [http-nio-9090-exec-6] DEBUG c.b.javaframe.dao.Frame_ModuleDao.getByPmoduleCode - ==>  Preparing: select * from frame_module where pmodule_code = ? and del_flag = 0 
2019-05-21 17:48:31.710 [http-nio-9090-exec-6] DEBUG c.b.javaframe.dao.Frame_ModuleDao.getByPmoduleCode - ==> Parameters: 0b3fd10b-0ccf-4b0d-8799-1d06be057995(String)
2019-05-21 17:48:31.725 [http-nio-9090-exec-6] DEBUG c.b.javaframe.dao.Frame_ModuleDao.getByPmoduleCode - <==      Total: 0
2019-05-21 17:48:31.726 [http-nio-9090-exec-6] DEBUG c.b.javaframe.dao.Frame_ModuleDao.getByPmoduleCode - ==>  Preparing: select * from frame_module where pmodule_code = ? and del_flag = 0 
2019-05-21 17:48:31.726 [http-nio-9090-exec-6] DEBUG c.b.javaframe.dao.Frame_ModuleDao.getByPmoduleCode - ==> Parameters: 8178a488-6df6-4dd8-85ad-6af745dce24c(String)
2019-05-21 17:48:31.737 [http-nio-9090-exec-6] DEBUG c.b.javaframe.dao.Frame_ModuleDao.getByPmoduleCode - <==      Total: 0
2019-05-21 17:48:31.738 [http-nio-9090-exec-6] DEBUG c.b.javaframe.dao.Frame_ModuleDao.getByPmoduleCode - ==>  Preparing: select * from frame_module where pmodule_code = ? and del_flag = 0 
2019-05-21 17:48:31.738 [http-nio-9090-exec-6] DEBUG c.b.javaframe.dao.Frame_ModuleDao.getByPmoduleCode - ==> Parameters: 9d8dbf55-773e-49e8-9adb-06f855cc3a14(String)
2019-05-21 17:48:31.745 [http-nio-9090-exec-6] DEBUG c.b.javaframe.dao.Frame_ModuleDao.getByPmoduleCode - <==      Total: 0
2019-05-21 17:48:31.746 [http-nio-9090-exec-6] DEBUG c.b.javaframe.dao.Frame_ModuleDao.getByPmoduleCode - ==>  Preparing: select * from frame_module where pmodule_code = ? and del_flag = 0 
2019-05-21 17:48:31.747 [http-nio-9090-exec-6] DEBUG c.b.javaframe.dao.Frame_ModuleDao.getByPmoduleCode - ==> Parameters: 38b94cf7-f818-4a10-b491-a534d1cfda88(String)
2019-05-21 17:48:31.791 [http-nio-9090-exec-6] DEBUG c.b.javaframe.dao.Frame_ModuleDao.getByPmoduleCode - <==      Total: 0
2019-05-21 17:48:31.792 [http-nio-9090-exec-6] DEBUG c.b.javaframe.dao.Frame_ModuleDao.getByPmoduleCode - ==>  Preparing: select * from frame_module where pmodule_code = ? and del_flag = 0 
2019-05-21 17:48:31.792 [http-nio-9090-exec-6] DEBUG c.b.javaframe.dao.Frame_ModuleDao.getByPmoduleCode - ==> Parameters: 5aea81df-c0ed-43a0-b8d0-2416535c50ae(String)
2019-05-21 17:48:31.794 [http-nio-9090-exec-6] DEBUG c.b.javaframe.dao.Frame_ModuleDao.getByPmoduleCode - <==      Total: 0
2019-05-21 17:48:31.795 [http-nio-9090-exec-6] DEBUG c.b.javaframe.dao.Frame_ModuleDao.getByPmoduleCode - ==>  Preparing: select * from frame_module where pmodule_code = ? and del_flag = 0 
2019-05-21 17:48:31.795 [http-nio-9090-exec-6] DEBUG c.b.javaframe.dao.Frame_ModuleDao.getByPmoduleCode - ==> Parameters: kKutYZWa(String)
2019-05-21 17:48:31.806 [http-nio-9090-exec-6] DEBUG c.b.javaframe.dao.Frame_ModuleDao.getByPmoduleCode - <==      Total: 9
2019-05-21 17:48:31.807 [http-nio-9090-exec-6] DEBUG c.b.javaframe.dao.Frame_ModuleDao.getByPmoduleCode - ==>  Preparing: select * from frame_module where pmodule_code = ? and del_flag = 0 
2019-05-21 17:48:31.807 [http-nio-9090-exec-6] DEBUG c.b.javaframe.dao.Frame_ModuleDao.getByPmoduleCode - ==> Parameters: 9uLG21LJ(String)
2019-05-21 17:48:31.825 [http-nio-9090-exec-6] DEBUG c.b.javaframe.dao.Frame_ModuleDao.getByPmoduleCode - <==      Total: 0
2019-05-21 17:48:31.826 [http-nio-9090-exec-6] DEBUG c.b.javaframe.dao.Frame_ModuleDao.getByPmoduleCode - ==>  Preparing: select * from frame_module where pmodule_code = ? and del_flag = 0 
2019-05-21 17:48:31.826 [http-nio-9090-exec-6] DEBUG c.b.javaframe.dao.Frame_ModuleDao.getByPmoduleCode - ==> Parameters: mYzuiFh6(String)
2019-05-21 17:48:31.829 [http-nio-9090-exec-6] DEBUG c.b.javaframe.dao.Frame_ModuleDao.getByPmoduleCode - <==      Total: 0
2019-05-21 17:48:31.829 [http-nio-9090-exec-6] DEBUG c.b.javaframe.dao.Frame_ModuleDao.getByPmoduleCode - ==>  Preparing: select * from frame_module where pmodule_code = ? and del_flag = 0 
2019-05-21 17:48:31.830 [http-nio-9090-exec-6] DEBUG c.b.javaframe.dao.Frame_ModuleDao.getByPmoduleCode - ==> Parameters: P2qSssnA(String)
2019-05-21 17:48:31.836 [http-nio-9090-exec-6] DEBUG c.b.javaframe.dao.Frame_ModuleDao.getByPmoduleCode - <==      Total: 0
2019-05-21 17:48:31.837 [http-nio-9090-exec-6] DEBUG c.b.javaframe.dao.Frame_ModuleDao.getByPmoduleCode - ==>  Preparing: select * from frame_module where pmodule_code = ? and del_flag = 0 
2019-05-21 17:48:31.837 [http-nio-9090-exec-6] DEBUG c.b.javaframe.dao.Frame_ModuleDao.getByPmoduleCode - ==> Parameters: cmIOpIHK(String)
2019-05-21 17:48:31.840 [http-nio-9090-exec-6] DEBUG c.b.javaframe.dao.Frame_ModuleDao.getByPmoduleCode - <==      Total: 0
2019-05-21 17:48:31.841 [http-nio-9090-exec-6] DEBUG c.b.javaframe.dao.Frame_ModuleDao.getByPmoduleCode - ==>  Preparing: select * from frame_module where pmodule_code = ? and del_flag = 0 
2019-05-21 17:48:31.841 [http-nio-9090-exec-6] DEBUG c.b.javaframe.dao.Frame_ModuleDao.getByPmoduleCode - ==> Parameters: M0UMzjjb(String)
2019-05-21 17:48:31.843 [http-nio-9090-exec-6] DEBUG c.b.javaframe.dao.Frame_ModuleDao.getByPmoduleCode - <==      Total: 0
2019-05-21 17:48:31.844 [http-nio-9090-exec-6] DEBUG c.b.javaframe.dao.Frame_ModuleDao.getByPmoduleCode - ==>  Preparing: select * from frame_module where pmodule_code = ? and del_flag = 0 
2019-05-21 17:48:31.845 [http-nio-9090-exec-6] DEBUG c.b.javaframe.dao.Frame_ModuleDao.getByPmoduleCode - ==> Parameters: 6YoAcfu1(String)
2019-05-21 17:48:31.847 [http-nio-9090-exec-6] DEBUG c.b.javaframe.dao.Frame_ModuleDao.getByPmoduleCode - <==      Total: 0
2019-05-21 17:48:31.848 [http-nio-9090-exec-6] DEBUG c.b.javaframe.dao.Frame_ModuleDao.getByPmoduleCode - ==>  Preparing: select * from frame_module where pmodule_code = ? and del_flag = 0 
2019-05-21 17:48:31.848 [http-nio-9090-exec-6] DEBUG c.b.javaframe.dao.Frame_ModuleDao.getByPmoduleCode - ==> Parameters: AnOD9PnB(String)
2019-05-21 17:48:31.850 [http-nio-9090-exec-6] DEBUG c.b.javaframe.dao.Frame_ModuleDao.getByPmoduleCode - <==      Total: 0
2019-05-21 17:48:31.850 [http-nio-9090-exec-6] DEBUG c.b.javaframe.dao.Frame_ModuleDao.getByPmoduleCode - ==>  Preparing: select * from frame_module where pmodule_code = ? and del_flag = 0 
2019-05-21 17:48:31.851 [http-nio-9090-exec-6] DEBUG c.b.javaframe.dao.Frame_ModuleDao.getByPmoduleCode - ==> Parameters: MuEmF4Dh(String)
2019-05-21 17:48:31.855 [http-nio-9090-exec-6] DEBUG c.b.javaframe.dao.Frame_ModuleDao.getByPmoduleCode - <==      Total: 0
2019-05-21 17:48:31.855 [http-nio-9090-exec-6] DEBUG c.b.javaframe.dao.Frame_ModuleDao.getByPmoduleCode - ==>  Preparing: select * from frame_module where pmodule_code = ? and del_flag = 0 
2019-05-21 17:48:31.856 [http-nio-9090-exec-6] DEBUG c.b.javaframe.dao.Frame_ModuleDao.getByPmoduleCode - ==> Parameters: be79231d-6def-4f21-a44c-5b6a68ba9170(String)
2019-05-21 17:48:31.858 [http-nio-9090-exec-6] DEBUG c.b.javaframe.dao.Frame_ModuleDao.getByPmoduleCode - <==      Total: 0
2019-05-21 17:48:32.142 [http-nio-9090-exec-6] DEBUG c.b.j.d.F.selectModuleByRoleGuid - ==>  Preparing: select * from frame_moduleright where allow_to = ? 
2019-05-21 17:48:32.143 [http-nio-9090-exec-6] DEBUG c.b.j.d.F.selectModuleByRoleGuid - ==> Parameters: YKCCr7sH(String)
2019-05-21 17:48:32.150 [http-nio-9090-exec-6] DEBUG c.b.j.d.F.selectModuleByRoleGuid - <==      Total: 22
2019-05-21 17:48:32.150 [http-nio-9090-exec-6] DEBUG c.basic.javaframe.dao.Frame_ModuleDao.findModules - ==>  Preparing: select * from frame_module where pmodule_code = '0' and del_flag = 0 
2019-05-21 17:48:32.151 [http-nio-9090-exec-6] DEBUG c.basic.javaframe.dao.Frame_ModuleDao.findModules - ==> Parameters: 
2019-05-21 17:48:32.155 [http-nio-9090-exec-6] DEBUG c.basic.javaframe.dao.Frame_ModuleDao.findModules - <==      Total: 3
2019-05-21 17:48:32.155 [http-nio-9090-exec-6] DEBUG c.b.javaframe.dao.Frame_ModuleDao.getByPmoduleCode - ==>  Preparing: select * from frame_module where pmodule_code = ? and del_flag = 0 
2019-05-21 17:48:32.155 [http-nio-9090-exec-6] DEBUG c.b.javaframe.dao.Frame_ModuleDao.getByPmoduleCode - ==> Parameters: eede6a12-a9aa-4a70-a973-62010e6dac9f(String)
2019-05-21 17:48:32.159 [http-nio-9090-exec-6] DEBUG c.b.javaframe.dao.Frame_ModuleDao.getByPmoduleCode - <==      Total: 4
2019-05-21 17:48:32.160 [http-nio-9090-exec-6] DEBUG c.b.javaframe.dao.Frame_ModuleDao.getByPmoduleCode - ==>  Preparing: select * from frame_module where pmodule_code = ? and del_flag = 0 
2019-05-21 17:48:32.160 [http-nio-9090-exec-6] DEBUG c.b.javaframe.dao.Frame_ModuleDao.getByPmoduleCode - ==> Parameters: 2a554195-9c2c-4836-9547-0f77b2991be9(String)
2019-05-21 17:48:32.164 [http-nio-9090-exec-6] DEBUG c.b.javaframe.dao.Frame_ModuleDao.getByPmoduleCode - <==      Total: 0
2019-05-21 17:48:32.164 [http-nio-9090-exec-6] DEBUG c.b.javaframe.dao.Frame_ModuleDao.getByPmoduleCode - ==>  Preparing: select * from frame_module where pmodule_code = ? and del_flag = 0 
2019-05-21 17:48:32.165 [http-nio-9090-exec-6] DEBUG c.b.javaframe.dao.Frame_ModuleDao.getByPmoduleCode - ==> Parameters: dc1c6a41-c65a-4d80-85b3-d7587eeb94f9(String)
2019-05-21 17:48:32.167 [http-nio-9090-exec-6] DEBUG c.b.javaframe.dao.Frame_ModuleDao.getByPmoduleCode - <==      Total: 0
2019-05-21 17:48:32.167 [http-nio-9090-exec-6] DEBUG c.b.javaframe.dao.Frame_ModuleDao.getByPmoduleCode - ==>  Preparing: select * from frame_module where pmodule_code = ? and del_flag = 0 
2019-05-21 17:48:32.168 [http-nio-9090-exec-6] DEBUG c.b.javaframe.dao.Frame_ModuleDao.getByPmoduleCode - ==> Parameters: c1cb05ae-a9d6-4813-b8c5-17738e550a04(String)
2019-05-21 17:48:32.170 [http-nio-9090-exec-6] DEBUG c.b.javaframe.dao.Frame_ModuleDao.getByPmoduleCode - <==      Total: 0
2019-05-21 17:48:32.170 [http-nio-9090-exec-6] DEBUG c.b.javaframe.dao.Frame_ModuleDao.getByPmoduleCode - ==>  Preparing: select * from frame_module where pmodule_code = ? and del_flag = 0 
2019-05-21 17:48:32.171 [http-nio-9090-exec-6] DEBUG c.b.javaframe.dao.Frame_ModuleDao.getByPmoduleCode - ==> Parameters: 217c11cb-fa84-4a81-a8f3-71fa01bae9b5(String)
2019-05-21 17:48:32.174 [http-nio-9090-exec-6] DEBUG c.b.javaframe.dao.Frame_ModuleDao.getByPmoduleCode - <==      Total: 0
2019-05-21 17:48:32.174 [http-nio-9090-exec-6] DEBUG c.b.javaframe.dao.Frame_ModuleDao.getByPmoduleCode - ==>  Preparing: select * from frame_module where pmodule_code = ? and del_flag = 0 
2019-05-21 17:48:32.174 [http-nio-9090-exec-6] DEBUG c.b.javaframe.dao.Frame_ModuleDao.getByPmoduleCode - ==> Parameters: 1a0e02dc-a77c-4e0c-95b6-3fccbcffa349(String)
2019-05-21 17:48:32.179 [http-nio-9090-exec-6] DEBUG c.b.javaframe.dao.Frame_ModuleDao.getByPmoduleCode - <==      Total: 6
2019-05-21 17:48:32.180 [http-nio-9090-exec-6] DEBUG c.b.javaframe.dao.Frame_ModuleDao.getByPmoduleCode - ==>  Preparing: select * from frame_module where pmodule_code = ? and del_flag = 0 
2019-05-21 17:48:32.180 [http-nio-9090-exec-6] DEBUG c.b.javaframe.dao.Frame_ModuleDao.getByPmoduleCode - ==> Parameters: 1c4fe4ef-ca8b-4f25-9430-c8fdcdff5299(String)
2019-05-21 17:48:32.183 [http-nio-9090-exec-6] DEBUG c.b.javaframe.dao.Frame_ModuleDao.getByPmoduleCode - <==      Total: 0
2019-05-21 17:48:32.183 [http-nio-9090-exec-6] DEBUG c.b.javaframe.dao.Frame_ModuleDao.getByPmoduleCode - ==>  Preparing: select * from frame_module where pmodule_code = ? and del_flag = 0 
2019-05-21 17:48:32.183 [http-nio-9090-exec-6] DEBUG c.b.javaframe.dao.Frame_ModuleDao.getByPmoduleCode - ==> Parameters: 0b3fd10b-0ccf-4b0d-8799-1d06be057995(String)
2019-05-21 17:48:32.185 [http-nio-9090-exec-6] DEBUG c.b.javaframe.dao.Frame_ModuleDao.getByPmoduleCode - <==      Total: 0
2019-05-21 17:48:32.186 [http-nio-9090-exec-6] DEBUG c.b.javaframe.dao.Frame_ModuleDao.getByPmoduleCode - ==>  Preparing: select * from frame_module where pmodule_code = ? and del_flag = 0 
2019-05-21 17:48:32.186 [http-nio-9090-exec-6] DEBUG c.b.javaframe.dao.Frame_ModuleDao.getByPmoduleCode - ==> Parameters: 8178a488-6df6-4dd8-85ad-6af745dce24c(String)
2019-05-21 17:48:32.188 [http-nio-9090-exec-6] DEBUG c.b.javaframe.dao.Frame_ModuleDao.getByPmoduleCode - <==      Total: 0
2019-05-21 17:48:32.189 [http-nio-9090-exec-6] DEBUG c.b.javaframe.dao.Frame_ModuleDao.getByPmoduleCode - ==>  Preparing: select * from frame_module where pmodule_code = ? and del_flag = 0 
2019-05-21 17:48:32.189 [http-nio-9090-exec-6] DEBUG c.b.javaframe.dao.Frame_ModuleDao.getByPmoduleCode - ==> Parameters: 9d8dbf55-773e-49e8-9adb-06f855cc3a14(String)
2019-05-21 17:48:32.191 [http-nio-9090-exec-6] DEBUG c.b.javaframe.dao.Frame_ModuleDao.getByPmoduleCode - <==      Total: 0
2019-05-21 17:48:32.192 [http-nio-9090-exec-6] DEBUG c.b.javaframe.dao.Frame_ModuleDao.getByPmoduleCode - ==>  Preparing: select * from frame_module where pmodule_code = ? and del_flag = 0 
2019-05-21 17:48:32.192 [http-nio-9090-exec-6] DEBUG c.b.javaframe.dao.Frame_ModuleDao.getByPmoduleCode - ==> Parameters: 38b94cf7-f818-4a10-b491-a534d1cfda88(String)
2019-05-21 17:48:32.194 [http-nio-9090-exec-6] DEBUG c.b.javaframe.dao.Frame_ModuleDao.getByPmoduleCode - <==      Total: 0
2019-05-21 17:48:32.195 [http-nio-9090-exec-6] DEBUG c.b.javaframe.dao.Frame_ModuleDao.getByPmoduleCode - ==>  Preparing: select * from frame_module where pmodule_code = ? and del_flag = 0 
2019-05-21 17:48:32.196 [http-nio-9090-exec-6] DEBUG c.b.javaframe.dao.Frame_ModuleDao.getByPmoduleCode - ==> Parameters: 5aea81df-c0ed-43a0-b8d0-2416535c50ae(String)
2019-05-21 17:48:32.198 [http-nio-9090-exec-6] DEBUG c.b.javaframe.dao.Frame_ModuleDao.getByPmoduleCode - <==      Total: 0
2019-05-21 17:48:32.199 [http-nio-9090-exec-6] DEBUG c.b.javaframe.dao.Frame_ModuleDao.getByPmoduleCode - ==>  Preparing: select * from frame_module where pmodule_code = ? and del_flag = 0 
2019-05-21 17:48:32.200 [http-nio-9090-exec-6] DEBUG c.b.javaframe.dao.Frame_ModuleDao.getByPmoduleCode - ==> Parameters: kKutYZWa(String)
2019-05-21 17:48:32.205 [http-nio-9090-exec-6] DEBUG c.b.javaframe.dao.Frame_ModuleDao.getByPmoduleCode - <==      Total: 9
2019-05-21 17:48:32.205 [http-nio-9090-exec-6] DEBUG c.b.javaframe.dao.Frame_ModuleDao.getByPmoduleCode - ==>  Preparing: select * from frame_module where pmodule_code = ? and del_flag = 0 
2019-05-21 17:48:32.206 [http-nio-9090-exec-6] DEBUG c.b.javaframe.dao.Frame_ModuleDao.getByPmoduleCode - ==> Parameters: 9uLG21LJ(String)
2019-05-21 17:48:32.208 [http-nio-9090-exec-6] DEBUG c.b.javaframe.dao.Frame_ModuleDao.getByPmoduleCode - <==      Total: 0
2019-05-21 17:48:32.208 [http-nio-9090-exec-6] DEBUG c.b.javaframe.dao.Frame_ModuleDao.getByPmoduleCode - ==>  Preparing: select * from frame_module where pmodule_code = ? and del_flag = 0 
2019-05-21 17:48:32.209 [http-nio-9090-exec-6] DEBUG c.b.javaframe.dao.Frame_ModuleDao.getByPmoduleCode - ==> Parameters: mYzuiFh6(String)
2019-05-21 17:48:32.211 [http-nio-9090-exec-6] DEBUG c.b.javaframe.dao.Frame_ModuleDao.getByPmoduleCode - <==      Total: 0
2019-05-21 17:48:32.211 [http-nio-9090-exec-6] DEBUG c.b.javaframe.dao.Frame_ModuleDao.getByPmoduleCode - ==>  Preparing: select * from frame_module where pmodule_code = ? and del_flag = 0 
2019-05-21 17:48:32.212 [http-nio-9090-exec-6] DEBUG c.b.javaframe.dao.Frame_ModuleDao.getByPmoduleCode - ==> Parameters: P2qSssnA(String)
2019-05-21 17:48:32.214 [http-nio-9090-exec-6] DEBUG c.b.javaframe.dao.Frame_ModuleDao.getByPmoduleCode - <==      Total: 0
2019-05-21 17:48:32.214 [http-nio-9090-exec-6] DEBUG c.b.javaframe.dao.Frame_ModuleDao.getByPmoduleCode - ==>  Preparing: select * from frame_module where pmodule_code = ? and del_flag = 0 
2019-05-21 17:48:32.215 [http-nio-9090-exec-6] DEBUG c.b.javaframe.dao.Frame_ModuleDao.getByPmoduleCode - ==> Parameters: cmIOpIHK(String)
2019-05-21 17:48:32.217 [http-nio-9090-exec-6] DEBUG c.b.javaframe.dao.Frame_ModuleDao.getByPmoduleCode - <==      Total: 0
2019-05-21 17:48:32.218 [http-nio-9090-exec-6] DEBUG c.b.javaframe.dao.Frame_ModuleDao.getByPmoduleCode - ==>  Preparing: select * from frame_module where pmodule_code = ? and del_flag = 0 
2019-05-21 17:48:32.218 [http-nio-9090-exec-6] DEBUG c.b.javaframe.dao.Frame_ModuleDao.getByPmoduleCode - ==> Parameters: M0UMzjjb(String)
2019-05-21 17:48:32.220 [http-nio-9090-exec-6] DEBUG c.b.javaframe.dao.Frame_ModuleDao.getByPmoduleCode - <==      Total: 0
2019-05-21 17:48:32.221 [http-nio-9090-exec-6] DEBUG c.b.javaframe.dao.Frame_ModuleDao.getByPmoduleCode - ==>  Preparing: select * from frame_module where pmodule_code = ? and del_flag = 0 
2019-05-21 17:48:32.221 [http-nio-9090-exec-6] DEBUG c.b.javaframe.dao.Frame_ModuleDao.getByPmoduleCode - ==> Parameters: 6YoAcfu1(String)
2019-05-21 17:48:32.225 [http-nio-9090-exec-6] DEBUG c.b.javaframe.dao.Frame_ModuleDao.getByPmoduleCode - <==      Total: 0
2019-05-21 17:48:32.225 [http-nio-9090-exec-6] DEBUG c.b.javaframe.dao.Frame_ModuleDao.getByPmoduleCode - ==>  Preparing: select * from frame_module where pmodule_code = ? and del_flag = 0 
2019-05-21 17:48:32.226 [http-nio-9090-exec-6] DEBUG c.b.javaframe.dao.Frame_ModuleDao.getByPmoduleCode - ==> Parameters: AnOD9PnB(String)
2019-05-21 17:48:32.235 [http-nio-9090-exec-6] DEBUG c.b.javaframe.dao.Frame_ModuleDao.getByPmoduleCode - <==      Total: 0
2019-05-21 17:48:32.235 [http-nio-9090-exec-6] DEBUG c.b.javaframe.dao.Frame_ModuleDao.getByPmoduleCode - ==>  Preparing: select * from frame_module where pmodule_code = ? and del_flag = 0 
2019-05-21 17:48:32.236 [http-nio-9090-exec-6] DEBUG c.b.javaframe.dao.Frame_ModuleDao.getByPmoduleCode - ==> Parameters: MuEmF4Dh(String)
2019-05-21 17:48:32.239 [http-nio-9090-exec-6] DEBUG c.b.javaframe.dao.Frame_ModuleDao.getByPmoduleCode - <==      Total: 0
2019-05-21 17:48:32.240 [http-nio-9090-exec-6] DEBUG c.b.javaframe.dao.Frame_ModuleDao.getByPmoduleCode - ==>  Preparing: select * from frame_module where pmodule_code = ? and del_flag = 0 
2019-05-21 17:48:32.240 [http-nio-9090-exec-6] DEBUG c.b.javaframe.dao.Frame_ModuleDao.getByPmoduleCode - ==> Parameters: be79231d-6def-4f21-a44c-5b6a68ba9170(String)
2019-05-21 17:48:32.245 [http-nio-9090-exec-6] DEBUG c.b.javaframe.dao.Frame_ModuleDao.getByPmoduleCode - <==      Total: 0
2019-05-21 17:48:34.707 [http-nio-9090-exec-7] DEBUG com.basic.javaframe.dao.HosGoodstypeDao.getList - ==>  Preparing: select * from hos_goodstype t WHERE 1=1 and t.del_flag = 0 order by sort_sq desc limit ?, ? 
2019-05-21 17:48:34.708 [http-nio-9090-exec-7] DEBUG com.basic.javaframe.dao.HosGoodstypeDao.getList - ==> Parameters: 0(Integer), 10(Integer)
2019-05-21 17:48:34.714 [http-nio-9090-exec-7] DEBUG com.basic.javaframe.dao.HosGoodstypeDao.getList - <==      Total: 10
2019-05-21 17:48:34.724 [http-nio-9090-exec-8] DEBUG c.basic.javaframe.dao.Frame_UserDao.findUserByGuid - ==>  Preparing: select * from frame_user where row_guid = ? and del_flag = 0 
2019-05-21 17:48:34.725 [http-nio-9090-exec-8] DEBUG c.basic.javaframe.dao.Frame_UserDao.findUserByGuid - ==> Parameters: 8532db7a-b412-4296-8934-9cede3c655eb(String)
2019-05-21 17:48:34.729 [http-nio-9090-exec-8] DEBUG c.basic.javaframe.dao.Frame_UserDao.findUserByGuid - <==      Total: 1
2019-05-21 17:48:34.732 [http-nio-9090-exec-7] DEBUG com.basic.javaframe.dao.HosGoodstypeDao.getCount - ==>  Preparing: select count(*) from hos_goodstype t WHERE 1=1 and t.del_flag = 0 
2019-05-21 17:48:34.733 [http-nio-9090-exec-7] DEBUG com.basic.javaframe.dao.HosGoodstypeDao.getCount - ==> Parameters: 
2019-05-21 17:48:34.735 [http-nio-9090-exec-7] DEBUG com.basic.javaframe.dao.HosGoodstypeDao.getCount - <==      Total: 1
2019-05-21 17:48:34.742 [http-nio-9090-exec-8] DEBUG c.b.j.dao.HosGoodstypeDao.findTopGoodsTypes - ==>  Preparing: select * from hos_goodstype where pgoods_type_code = '0' and del_flag = 0 
2019-05-21 17:48:34.743 [http-nio-9090-exec-8] DEBUG c.b.j.dao.HosGoodstypeDao.findTopGoodsTypes - ==> Parameters: 
2019-05-21 17:48:34.747 [http-nio-9090-exec-8] DEBUG c.b.j.dao.HosGoodstypeDao.findTopGoodsTypes - <==      Total: 4
2019-05-21 17:48:34.748 [http-nio-9090-exec-8] DEBUG c.b.javaframe.dao.HosGoodstypeDao.getByPgoodsCode - ==>  Preparing: select * from hos_goodstype where pgoods_type_code = ? and del_flag = 0 
2019-05-21 17:48:34.748 [http-nio-9090-exec-8] DEBUG c.b.javaframe.dao.HosGoodstypeDao.getByPgoodsCode - ==> Parameters: 9707a0cb(String)
2019-05-21 17:48:34.750 [http-nio-9090-exec-8] DEBUG c.b.javaframe.dao.HosGoodstypeDao.getByPgoodsCode - <==      Total: 1
2019-05-21 17:48:34.751 [http-nio-9090-exec-8] DEBUG c.b.javaframe.dao.HosGoodstypeDao.getByPgoodsCode - ==>  Preparing: select * from hos_goodstype where pgoods_type_code = ? and del_flag = 0 
2019-05-21 17:48:34.751 [http-nio-9090-exec-8] DEBUG c.b.javaframe.dao.HosGoodstypeDao.getByPgoodsCode - ==> Parameters: bd45977f(String)
2019-05-21 17:48:34.754 [http-nio-9090-exec-8] DEBUG c.b.javaframe.dao.HosGoodstypeDao.getByPgoodsCode - <==      Total: 0
2019-05-21 17:48:34.754 [http-nio-9090-exec-8] DEBUG c.b.javaframe.dao.HosGoodstypeDao.getByPgoodsCode - ==>  Preparing: select * from hos_goodstype where pgoods_type_code = ? and del_flag = 0 
2019-05-21 17:48:34.755 [http-nio-9090-exec-8] DEBUG c.b.javaframe.dao.HosGoodstypeDao.getByPgoodsCode - ==> Parameters: d81a0e48(String)
2019-05-21 17:48:34.760 [http-nio-9090-exec-8] DEBUG c.b.javaframe.dao.HosGoodstypeDao.getByPgoodsCode - <==      Total: 4
2019-05-21 17:48:34.760 [http-nio-9090-exec-8] DEBUG c.b.javaframe.dao.HosGoodstypeDao.getByPgoodsCode - ==>  Preparing: select * from hos_goodstype where pgoods_type_code = ? and del_flag = 0 
2019-05-21 17:48:34.761 [http-nio-9090-exec-8] DEBUG c.b.javaframe.dao.HosGoodstypeDao.getByPgoodsCode - ==> Parameters: e0164be7(String)
2019-05-21 17:48:34.763 [http-nio-9090-exec-8] DEBUG c.b.javaframe.dao.HosGoodstypeDao.getByPgoodsCode - <==      Total: 0
2019-05-21 17:48:34.763 [http-nio-9090-exec-8] DEBUG c.b.javaframe.dao.HosGoodstypeDao.getByPgoodsCode - ==>  Preparing: select * from hos_goodstype where pgoods_type_code = ? and del_flag = 0 
2019-05-21 17:48:34.763 [http-nio-9090-exec-8] DEBUG c.b.javaframe.dao.HosGoodstypeDao.getByPgoodsCode - ==> Parameters: 54b9d19d(String)
2019-05-21 17:48:34.765 [http-nio-9090-exec-8] DEBUG c.b.javaframe.dao.HosGoodstypeDao.getByPgoodsCode - <==      Total: 0
2019-05-21 17:48:34.766 [http-nio-9090-exec-8] DEBUG c.b.javaframe.dao.HosGoodstypeDao.getByPgoodsCode - ==>  Preparing: select * from hos_goodstype where pgoods_type_code = ? and del_flag = 0 
2019-05-21 17:48:34.766 [http-nio-9090-exec-8] DEBUG c.b.javaframe.dao.HosGoodstypeDao.getByPgoodsCode - ==> Parameters: cd346cb1(String)
2019-05-21 17:48:34.768 [http-nio-9090-exec-8] DEBUG c.b.javaframe.dao.HosGoodstypeDao.getByPgoodsCode - <==      Total: 0
2019-05-21 17:48:34.768 [http-nio-9090-exec-8] DEBUG c.b.javaframe.dao.HosGoodstypeDao.getByPgoodsCode - ==>  Preparing: select * from hos_goodstype where pgoods_type_code = ? and del_flag = 0 
2019-05-21 17:48:34.768 [http-nio-9090-exec-8] DEBUG c.b.javaframe.dao.HosGoodstypeDao.getByPgoodsCode - ==> Parameters: 749d1a8f(String)
2019-05-21 17:48:34.770 [http-nio-9090-exec-8] DEBUG c.b.javaframe.dao.HosGoodstypeDao.getByPgoodsCode - <==      Total: 0
2019-05-21 17:48:34.771 [http-nio-9090-exec-8] DEBUG c.b.javaframe.dao.HosGoodstypeDao.getByPgoodsCode - ==>  Preparing: select * from hos_goodstype where pgoods_type_code = ? and del_flag = 0 
2019-05-21 17:48:34.771 [http-nio-9090-exec-8] DEBUG c.b.javaframe.dao.HosGoodstypeDao.getByPgoodsCode - ==> Parameters: d40ec23d(String)
2019-05-21 17:48:34.773 [http-nio-9090-exec-8] DEBUG c.b.javaframe.dao.HosGoodstypeDao.getByPgoodsCode - <==      Total: 1
2019-05-21 17:48:34.774 [http-nio-9090-exec-8] DEBUG c.b.javaframe.dao.HosGoodstypeDao.getByPgoodsCode - ==>  Preparing: select * from hos_goodstype where pgoods_type_code = ? and del_flag = 0 
2019-05-21 17:48:34.774 [http-nio-9090-exec-8] DEBUG c.b.javaframe.dao.HosGoodstypeDao.getByPgoodsCode - ==> Parameters: 93035bf1(String)
2019-05-21 17:48:34.776 [http-nio-9090-exec-8] DEBUG c.b.javaframe.dao.HosGoodstypeDao.getByPgoodsCode - <==      Total: 0
2019-05-21 17:48:34.776 [http-nio-9090-exec-8] DEBUG c.b.javaframe.dao.HosGoodstypeDao.getByPgoodsCode - ==>  Preparing: select * from hos_goodstype where pgoods_type_code = ? and del_flag = 0 
2019-05-21 17:48:34.776 [http-nio-9090-exec-8] DEBUG c.b.javaframe.dao.HosGoodstypeDao.getByPgoodsCode - ==> Parameters: 3d483953(String)
2019-05-21 17:48:34.778 [http-nio-9090-exec-8] DEBUG c.b.javaframe.dao.HosGoodstypeDao.getByPgoodsCode - <==      Total: 0
2019-05-21 17:48:35.424 [http-nio-9090-exec-10] DEBUG com.basic.javaframe.dao.HosGoodsDao.getList - ==>  Preparing: select * from hos_goods t left join frame_attach f on t.goods_img_guid = f.form_rowGuid WHERE 1=1 and t.del_flag =0 order by t.sort_sq desc limit ?, ? 
2019-05-21 17:48:35.425 [http-nio-9090-exec-10] DEBUG com.basic.javaframe.dao.HosGoodsDao.getList - ==> Parameters: 0(Integer), 10(Integer)
2019-05-21 17:48:35.435 [http-nio-9090-exec-10] DEBUG com.basic.javaframe.dao.HosGoodsDao.getList - <==      Total: 10
2019-05-21 17:48:35.445 [http-nio-9090-exec-10] DEBUG com.basic.javaframe.dao.HosGoodsDao.getCount - ==>  Preparing: select count(*) from hos_goods t WHERE 1=1 and t.del_flag =0 
2019-05-21 17:48:35.445 [http-nio-9090-exec-10] DEBUG com.basic.javaframe.dao.HosGoodsDao.getCount - ==> Parameters: 
2019-05-21 17:48:35.448 [http-nio-9090-exec-10] DEBUG com.basic.javaframe.dao.HosGoodsDao.getCount - <==      Total: 1
2019-05-21 17:48:35.457 [http-nio-9090-exec-1] DEBUG c.basic.javaframe.dao.Frame_UserDao.findUserByGuid - ==>  Preparing: select * from frame_user where row_guid = ? and del_flag = 0 
2019-05-21 17:48:35.457 [http-nio-9090-exec-1] DEBUG c.basic.javaframe.dao.Frame_UserDao.findUserByGuid - ==> Parameters: 8532db7a-b412-4296-8934-9cede3c655eb(String)
2019-05-21 17:48:35.460 [http-nio-9090-exec-1] DEBUG c.basic.javaframe.dao.Frame_UserDao.findUserByGuid - <==      Total: 1
2019-05-21 17:48:35.465 [http-nio-9090-exec-1] DEBUG c.b.j.dao.HosGoodstypeDao.findTopGoodsTypes - ==>  Preparing: select * from hos_goodstype where pgoods_type_code = '0' and del_flag = 0 
2019-05-21 17:48:35.465 [http-nio-9090-exec-1] DEBUG c.b.j.dao.HosGoodstypeDao.findTopGoodsTypes - ==> Parameters: 
2019-05-21 17:48:35.468 [http-nio-9090-exec-1] DEBUG c.b.j.dao.HosGoodstypeDao.findTopGoodsTypes - <==      Total: 4
2019-05-21 17:48:35.469 [http-nio-9090-exec-1] DEBUG c.b.javaframe.dao.HosGoodstypeDao.getByPgoodsCode - ==>  Preparing: select * from hos_goodstype where pgoods_type_code = ? and del_flag = 0 
2019-05-21 17:48:35.469 [http-nio-9090-exec-1] DEBUG c.b.javaframe.dao.HosGoodstypeDao.getByPgoodsCode - ==> Parameters: 9707a0cb(String)
2019-05-21 17:48:35.472 [http-nio-9090-exec-1] DEBUG c.b.javaframe.dao.HosGoodstypeDao.getByPgoodsCode - <==      Total: 1
2019-05-21 17:48:35.472 [http-nio-9090-exec-1] DEBUG c.b.javaframe.dao.HosGoodstypeDao.getByPgoodsCode - ==>  Preparing: select * from hos_goodstype where pgoods_type_code = ? and del_flag = 0 
2019-05-21 17:48:35.472 [http-nio-9090-exec-1] DEBUG c.b.javaframe.dao.HosGoodstypeDao.getByPgoodsCode - ==> Parameters: bd45977f(String)
2019-05-21 17:48:35.474 [http-nio-9090-exec-1] DEBUG c.b.javaframe.dao.HosGoodstypeDao.getByPgoodsCode - <==      Total: 0
2019-05-21 17:48:35.475 [http-nio-9090-exec-1] DEBUG c.b.javaframe.dao.HosGoodstypeDao.getByPgoodsCode - ==>  Preparing: select * from hos_goodstype where pgoods_type_code = ? and del_flag = 0 
2019-05-21 17:48:35.475 [http-nio-9090-exec-1] DEBUG c.b.javaframe.dao.HosGoodstypeDao.getByPgoodsCode - ==> Parameters: d81a0e48(String)
2019-05-21 17:48:35.478 [http-nio-9090-exec-1] DEBUG c.b.javaframe.dao.HosGoodstypeDao.getByPgoodsCode - <==      Total: 4
2019-05-21 17:48:35.478 [http-nio-9090-exec-1] DEBUG c.b.javaframe.dao.HosGoodstypeDao.getByPgoodsCode - ==>  Preparing: select * from hos_goodstype where pgoods_type_code = ? and del_flag = 0 
2019-05-21 17:48:35.479 [http-nio-9090-exec-1] DEBUG c.b.javaframe.dao.HosGoodstypeDao.getByPgoodsCode - ==> Parameters: e0164be7(String)
2019-05-21 17:48:35.481 [http-nio-9090-exec-1] DEBUG c.b.javaframe.dao.HosGoodstypeDao.getByPgoodsCode - <==      Total: 0
2019-05-21 17:48:35.481 [http-nio-9090-exec-1] DEBUG c.b.javaframe.dao.HosGoodstypeDao.getByPgoodsCode - ==>  Preparing: select * from hos_goodstype where pgoods_type_code = ? and del_flag = 0 
2019-05-21 17:48:35.482 [http-nio-9090-exec-1] DEBUG c.b.javaframe.dao.HosGoodstypeDao.getByPgoodsCode - ==> Parameters: 54b9d19d(String)
2019-05-21 17:48:35.484 [http-nio-9090-exec-1] DEBUG c.b.javaframe.dao.HosGoodstypeDao.getByPgoodsCode - <==      Total: 0
2019-05-21 17:48:35.484 [http-nio-9090-exec-1] DEBUG c.b.javaframe.dao.HosGoodstypeDao.getByPgoodsCode - ==>  Preparing: select * from hos_goodstype where pgoods_type_code = ? and del_flag = 0 
2019-05-21 17:48:35.484 [http-nio-9090-exec-1] DEBUG c.b.javaframe.dao.HosGoodstypeDao.getByPgoodsCode - ==> Parameters: cd346cb1(String)
2019-05-21 17:48:35.486 [http-nio-9090-exec-1] DEBUG c.b.javaframe.dao.HosGoodstypeDao.getByPgoodsCode - <==      Total: 0
2019-05-21 17:48:35.487 [http-nio-9090-exec-1] DEBUG c.b.javaframe.dao.HosGoodstypeDao.getByPgoodsCode - ==>  Preparing: select * from hos_goodstype where pgoods_type_code = ? and del_flag = 0 
2019-05-21 17:48:35.487 [http-nio-9090-exec-1] DEBUG c.b.javaframe.dao.HosGoodstypeDao.getByPgoodsCode - ==> Parameters: 749d1a8f(String)
2019-05-21 17:48:35.489 [http-nio-9090-exec-1] DEBUG c.b.javaframe.dao.HosGoodstypeDao.getByPgoodsCode - <==      Total: 0
2019-05-21 17:48:35.489 [http-nio-9090-exec-1] DEBUG c.b.javaframe.dao.HosGoodstypeDao.getByPgoodsCode - ==>  Preparing: select * from hos_goodstype where pgoods_type_code = ? and del_flag = 0 
2019-05-21 17:48:35.489 [http-nio-9090-exec-1] DEBUG c.b.javaframe.dao.HosGoodstypeDao.getByPgoodsCode - ==> Parameters: d40ec23d(String)
2019-05-21 17:48:35.492 [http-nio-9090-exec-1] DEBUG c.b.javaframe.dao.HosGoodstypeDao.getByPgoodsCode - <==      Total: 1
2019-05-21 17:48:35.492 [http-nio-9090-exec-1] DEBUG c.b.javaframe.dao.HosGoodstypeDao.getByPgoodsCode - ==>  Preparing: select * from hos_goodstype where pgoods_type_code = ? and del_flag = 0 
2019-05-21 17:48:35.492 [http-nio-9090-exec-1] DEBUG c.b.javaframe.dao.HosGoodstypeDao.getByPgoodsCode - ==> Parameters: 93035bf1(String)
2019-05-21 17:48:35.494 [http-nio-9090-exec-1] DEBUG c.b.javaframe.dao.HosGoodstypeDao.getByPgoodsCode - <==      Total: 0
2019-05-21 17:48:35.495 [http-nio-9090-exec-1] DEBUG c.b.javaframe.dao.HosGoodstypeDao.getByPgoodsCode - ==>  Preparing: select * from hos_goodstype where pgoods_type_code = ? and del_flag = 0 
2019-05-21 17:48:35.495 [http-nio-9090-exec-1] DEBUG c.b.javaframe.dao.HosGoodstypeDao.getByPgoodsCode - ==> Parameters: 3d483953(String)
2019-05-21 17:48:35.498 [http-nio-9090-exec-1] DEBUG c.b.javaframe.dao.HosGoodstypeDao.getByPgoodsCode - <==      Total: 0
2019-05-21 17:48:44.307 [http-nio-9090-exec-2] DEBUG c.basic.javaframe.dao.Frame_UserDao.findUserByGuid - ==>  Preparing: select * from frame_user where row_guid = ? and del_flag = 0 
2019-05-21 17:48:44.308 [http-nio-9090-exec-2] DEBUG c.basic.javaframe.dao.Frame_UserDao.findUserByGuid - ==> Parameters: 8532db7a-b412-4296-8934-9cede3c655eb(String)
2019-05-21 17:48:44.313 [http-nio-9090-exec-2] DEBUG c.basic.javaframe.dao.Frame_UserDao.findUserByGuid - <==      Total: 1
2019-05-21 17:48:44.318 [http-nio-9090-exec-2] DEBUG c.b.j.dao.HosGoodstypeDao.findTopGoodsTypes - ==>  Preparing: select * from hos_goodstype where pgoods_type_code = '0' and del_flag = 0 
2019-05-21 17:48:44.318 [http-nio-9090-exec-2] DEBUG c.b.j.dao.HosGoodstypeDao.findTopGoodsTypes - ==> Parameters: 
2019-05-21 17:48:44.322 [http-nio-9090-exec-2] DEBUG c.b.j.dao.HosGoodstypeDao.findTopGoodsTypes - <==      Total: 4
2019-05-21 17:48:44.322 [http-nio-9090-exec-2] DEBUG c.b.javaframe.dao.HosGoodstypeDao.getByPgoodsCode - ==>  Preparing: select * from hos_goodstype where pgoods_type_code = ? and del_flag = 0 
2019-05-21 17:48:44.323 [http-nio-9090-exec-2] DEBUG c.b.javaframe.dao.HosGoodstypeDao.getByPgoodsCode - ==> Parameters: 9707a0cb(String)
2019-05-21 17:48:44.332 [http-nio-9090-exec-2] DEBUG c.b.javaframe.dao.HosGoodstypeDao.getByPgoodsCode - <==      Total: 1
2019-05-21 17:48:44.333 [http-nio-9090-exec-2] DEBUG c.b.javaframe.dao.HosGoodstypeDao.getByPgoodsCode - ==>  Preparing: select * from hos_goodstype where pgoods_type_code = ? and del_flag = 0 
2019-05-21 17:48:44.333 [http-nio-9090-exec-2] DEBUG c.b.javaframe.dao.HosGoodstypeDao.getByPgoodsCode - ==> Parameters: bd45977f(String)
2019-05-21 17:48:44.336 [http-nio-9090-exec-2] DEBUG c.b.javaframe.dao.HosGoodstypeDao.getByPgoodsCode - <==      Total: 0
2019-05-21 17:48:44.337 [http-nio-9090-exec-2] DEBUG c.b.javaframe.dao.HosGoodstypeDao.getByPgoodsCode - ==>  Preparing: select * from hos_goodstype where pgoods_type_code = ? and del_flag = 0 
2019-05-21 17:48:44.337 [http-nio-9090-exec-2] DEBUG c.b.javaframe.dao.HosGoodstypeDao.getByPgoodsCode - ==> Parameters: d81a0e48(String)
2019-05-21 17:48:44.340 [http-nio-9090-exec-2] DEBUG c.b.javaframe.dao.HosGoodstypeDao.getByPgoodsCode - <==      Total: 4
2019-05-21 17:48:44.341 [http-nio-9090-exec-2] DEBUG c.b.javaframe.dao.HosGoodstypeDao.getByPgoodsCode - ==>  Preparing: select * from hos_goodstype where pgoods_type_code = ? and del_flag = 0 
2019-05-21 17:48:44.341 [http-nio-9090-exec-2] DEBUG c.b.javaframe.dao.HosGoodstypeDao.getByPgoodsCode - ==> Parameters: e0164be7(String)
2019-05-21 17:48:44.343 [http-nio-9090-exec-2] DEBUG c.b.javaframe.dao.HosGoodstypeDao.getByPgoodsCode - <==      Total: 0
2019-05-21 17:48:44.344 [http-nio-9090-exec-2] DEBUG c.b.javaframe.dao.HosGoodstypeDao.getByPgoodsCode - ==>  Preparing: select * from hos_goodstype where pgoods_type_code = ? and del_flag = 0 
2019-05-21 17:48:44.344 [http-nio-9090-exec-2] DEBUG c.b.javaframe.dao.HosGoodstypeDao.getByPgoodsCode - ==> Parameters: 54b9d19d(String)
2019-05-21 17:48:44.348 [http-nio-9090-exec-2] DEBUG c.b.javaframe.dao.HosGoodstypeDao.getByPgoodsCode - <==      Total: 0
2019-05-21 17:48:44.349 [http-nio-9090-exec-2] DEBUG c.b.javaframe.dao.HosGoodstypeDao.getByPgoodsCode - ==>  Preparing: select * from hos_goodstype where pgoods_type_code = ? and del_flag = 0 
2019-05-21 17:48:44.349 [http-nio-9090-exec-2] DEBUG c.b.javaframe.dao.HosGoodstypeDao.getByPgoodsCode - ==> Parameters: cd346cb1(String)
2019-05-21 17:48:44.352 [http-nio-9090-exec-2] DEBUG c.b.javaframe.dao.HosGoodstypeDao.getByPgoodsCode - <==      Total: 0
2019-05-21 17:48:44.352 [http-nio-9090-exec-2] DEBUG c.b.javaframe.dao.HosGoodstypeDao.getByPgoodsCode - ==>  Preparing: select * from hos_goodstype where pgoods_type_code = ? and del_flag = 0 
2019-05-21 17:48:44.352 [http-nio-9090-exec-2] DEBUG c.b.javaframe.dao.HosGoodstypeDao.getByPgoodsCode - ==> Parameters: 749d1a8f(String)
2019-05-21 17:48:44.354 [http-nio-9090-exec-2] DEBUG c.b.javaframe.dao.HosGoodstypeDao.getByPgoodsCode - <==      Total: 0
2019-05-21 17:48:44.355 [http-nio-9090-exec-2] DEBUG c.b.javaframe.dao.HosGoodstypeDao.getByPgoodsCode - ==>  Preparing: select * from hos_goodstype where pgoods_type_code = ? and del_flag = 0 
2019-05-21 17:48:44.355 [http-nio-9090-exec-2] DEBUG c.b.javaframe.dao.HosGoodstypeDao.getByPgoodsCode - ==> Parameters: d40ec23d(String)
2019-05-21 17:48:44.371 [http-nio-9090-exec-2] DEBUG c.b.javaframe.dao.HosGoodstypeDao.getByPgoodsCode - <==      Total: 1
2019-05-21 17:48:44.372 [http-nio-9090-exec-2] DEBUG c.b.javaframe.dao.HosGoodstypeDao.getByPgoodsCode - ==>  Preparing: select * from hos_goodstype where pgoods_type_code = ? and del_flag = 0 
2019-05-21 17:48:44.372 [http-nio-9090-exec-2] DEBUG c.b.javaframe.dao.HosGoodstypeDao.getByPgoodsCode - ==> Parameters: 93035bf1(String)
2019-05-21 17:48:44.375 [http-nio-9090-exec-2] DEBUG c.b.javaframe.dao.HosGoodstypeDao.getByPgoodsCode - <==      Total: 0
2019-05-21 17:48:44.375 [http-nio-9090-exec-2] DEBUG c.b.javaframe.dao.HosGoodstypeDao.getByPgoodsCode - ==>  Preparing: select * from hos_goodstype where pgoods_type_code = ? and del_flag = 0 
2019-05-21 17:48:44.375 [http-nio-9090-exec-2] DEBUG c.b.javaframe.dao.HosGoodstypeDao.getByPgoodsCode - ==> Parameters: 3d483953(String)
2019-05-21 17:48:44.377 [http-nio-9090-exec-2] DEBUG c.b.javaframe.dao.HosGoodstypeDao.getByPgoodsCode - <==      Total: 0
2019-05-21 17:49:02.955 [http-nio-9090-exec-3] DEBUG c.b.j.dao.Frame_AttachDao.insertFrameAttach - ==>  Preparing: insert into frame_attach ( `row_id`, `row_guid`, `create_time`, `del_flag`, `attach_name`, `content_type`, `content_length`, `content_url`, `form_rowGuid`, `sort_sq` ) values ( ?, ?, ?, ?, ?, ?, ?, ?, ?, ? ); 
2019-05-21 17:49:02.957 [http-nio-9090-exec-3] DEBUG c.b.j.dao.Frame_AttachDao.insertFrameAttach - ==> Parameters: 0(Integer), e1183ee9-7ec5-4b06-97fb-4e3ef192668e(String), 2019-05-21 23:59:59.0(Timestamp), 0(Integer), header.png(String), .png(String), 101839(Integer), 05a526c2-74a4-4450-8a8c-ab66cb207437.png(String), null, 0(Integer)
2019-05-21 17:49:03.000 [http-nio-9090-exec-3] DEBUG c.b.j.dao.Frame_AttachDao.insertFrameAttach - <==    Updates: 1
2019-05-21 17:49:05.185 [http-nio-9090-exec-5] DEBUG c.basic.javaframe.dao.Frame_UserDao.findUserByGuid - ==>  Preparing: select * from frame_user where row_guid = ? and del_flag = 0 
2019-05-21 17:49:05.185 [http-nio-9090-exec-5] DEBUG c.basic.javaframe.dao.Frame_UserDao.findUserByGuid - ==> Parameters: 8532db7a-b412-4296-8934-9cede3c655eb(String)
2019-05-21 17:49:05.189 [http-nio-9090-exec-5] DEBUG c.basic.javaframe.dao.Frame_UserDao.findUserByGuid - <==      Total: 1
2019-05-21 17:49:05.200 [http-nio-9090-exec-5] DEBUG com.basic.javaframe.dao.HosGoodsDao.checkGoods - ==>  Preparing: select count(*) from hos_goods t WHERE 1=1 and t.goods_name = ? and t.del_flag =0 
2019-05-21 17:49:05.200 [http-nio-9090-exec-5] DEBUG com.basic.javaframe.dao.HosGoodsDao.checkGoods - ==> Parameters: 测试用(String)
2019-05-21 17:49:05.208 [http-nio-9090-exec-5] DEBUG com.basic.javaframe.dao.HosGoodsDao.checkGoods - <==      Total: 1
2019-05-21 17:49:05.223 [http-nio-9090-exec-6] DEBUG c.basic.javaframe.dao.Frame_UserDao.findUserByGuid - ==>  Preparing: select * from frame_user where row_guid = ? and del_flag = 0 
2019-05-21 17:49:05.224 [http-nio-9090-exec-6] DEBUG c.basic.javaframe.dao.Frame_UserDao.findUserByGuid - ==> Parameters: 8532db7a-b412-4296-8934-9cede3c655eb(String)
2019-05-21 17:49:05.227 [http-nio-9090-exec-6] DEBUG c.basic.javaframe.dao.Frame_UserDao.findUserByGuid - <==      Total: 1
2019-05-21 17:49:05.234 [http-nio-9090-exec-6] DEBUG com.basic.javaframe.dao.HosGoodsDao.save - ==>  Preparing: insert into hos_goods ( `row_guid`, `create_time`, `del_flag`, `sort_sq`, `goods_name`, `goods_type_guid`, `goods_price`, `goods_img_guid`, `goods_info`, `is_shelf` ) values ( ?, ?, ?, ?, ?, ?, ?, ?, ?, ? ) 
2019-05-21 17:49:05.235 [http-nio-9090-exec-6] DEBUG com.basic.javaframe.dao.HosGoodsDao.save - ==> Parameters: 8dcc050a-bfb3-46ba-a269-bb47c33e864d(String), 2019-05-21 23:59:59.0(Timestamp), 0(Integer), 0(Integer), 测试用(String), 5d8cf12d-ee82-4b9c-8736-0b478daccd61(String), 10(BigDecimal), 049ca2d2-3492-4b2d-80e1-a2eea3fe6e8d(String), (String), 0(Integer)
2019-05-21 17:49:05.240 [http-nio-9090-exec-6] DEBUG com.basic.javaframe.dao.HosGoodsDao.save - <==    Updates: 1
2019-05-21 17:49:05.243 [http-nio-9090-exec-6] DEBUG c.basic.javaframe.dao.Frame_AttachDao.updateAttach - ==>  Preparing: update frame_attach set form_rowGuid = ? where row_guid in ( ? ) 
2019-05-21 17:49:05.243 [http-nio-9090-exec-6] DEBUG c.basic.javaframe.dao.Frame_AttachDao.updateAttach - ==> Parameters: 049ca2d2-3492-4b2d-80e1-a2eea3fe6e8d(String), e1183ee9-7ec5-4b06-97fb-4e3ef192668e(String)
2019-05-21 17:49:05.256 [http-nio-9090-exec-6] DEBUG c.basic.javaframe.dao.Frame_AttachDao.updateAttach - <==    Updates: 1
2019-05-21 17:49:05.630 [http-nio-9090-exec-7] DEBUG com.basic.javaframe.dao.HosGoodsDao.getList - ==>  Preparing: select * from hos_goods t left join frame_attach f on t.goods_img_guid = f.form_rowGuid WHERE 1=1 and t.del_flag =0 order by t.sort_sq desc limit ?, ? 
2019-05-21 17:49:05.631 [http-nio-9090-exec-7] DEBUG com.basic.javaframe.dao.HosGoodsDao.getList - ==> Parameters: 0(Integer), 10(Integer)
2019-05-21 17:49:05.642 [http-nio-9090-exec-7] DEBUG com.basic.javaframe.dao.HosGoodsDao.getList - <==      Total: 10
2019-05-21 17:49:05.652 [http-nio-9090-exec-7] DEBUG com.basic.javaframe.dao.HosGoodsDao.getCount - ==>  Preparing: select count(*) from hos_goods t WHERE 1=1 and t.del_flag =0 
2019-05-21 17:49:05.653 [http-nio-9090-exec-7] DEBUG com.basic.javaframe.dao.HosGoodsDao.getCount - ==> Parameters: 
2019-05-21 17:49:05.655 [http-nio-9090-exec-7] DEBUG com.basic.javaframe.dao.HosGoodsDao.getCount - <==      Total: 1
2019-05-21 17:49:08.978 [http-nio-9090-exec-8] DEBUG com.basic.javaframe.dao.HosGoodsDao.getList - ==>  Preparing: select * from hos_goods t left join frame_attach f on t.goods_img_guid = f.form_rowGuid WHERE 1=1 and t.del_flag =0 order by t.sort_sq desc limit ?, ? 
2019-05-21 17:49:08.979 [http-nio-9090-exec-8] DEBUG com.basic.javaframe.dao.HosGoodsDao.getList - ==> Parameters: 10(Integer), 10(Integer)
2019-05-21 17:49:08.988 [http-nio-9090-exec-8] DEBUG com.basic.javaframe.dao.HosGoodsDao.getList - <==      Total: 10
2019-05-21 17:49:09.008 [http-nio-9090-exec-8] DEBUG com.basic.javaframe.dao.HosGoodsDao.getCount - ==>  Preparing: select count(*) from hos_goods t WHERE 1=1 and t.del_flag =0 
2019-05-21 17:49:09.008 [http-nio-9090-exec-8] DEBUG com.basic.javaframe.dao.HosGoodsDao.getCount - ==> Parameters: 
2019-05-21 17:49:09.011 [http-nio-9090-exec-8] DEBUG com.basic.javaframe.dao.HosGoodsDao.getCount - <==      Total: 1
2019-05-21 17:49:10.748 [http-nio-9090-exec-9] DEBUG com.basic.javaframe.dao.HosGoodsDao.getList - ==>  Preparing: select * from hos_goods t left join frame_attach f on t.goods_img_guid = f.form_rowGuid WHERE 1=1 and t.del_flag =0 order by t.sort_sq desc limit ?, ? 
2019-05-21 17:49:10.749 [http-nio-9090-exec-9] DEBUG com.basic.javaframe.dao.HosGoodsDao.getList - ==> Parameters: 0(Integer), 10(Integer)
2019-05-21 17:49:10.759 [http-nio-9090-exec-9] DEBUG com.basic.javaframe.dao.HosGoodsDao.getList - <==      Total: 10
2019-05-21 17:49:10.769 [http-nio-9090-exec-9] DEBUG com.basic.javaframe.dao.HosGoodsDao.getCount - ==>  Preparing: select count(*) from hos_goods t WHERE 1=1 and t.del_flag =0 
2019-05-21 17:49:10.769 [http-nio-9090-exec-9] DEBUG com.basic.javaframe.dao.HosGoodsDao.getCount - ==> Parameters: 
2019-05-21 17:49:10.772 [http-nio-9090-exec-9] DEBUG com.basic.javaframe.dao.HosGoodsDao.getCount - <==      Total: 1
2019-05-21 17:49:14.732 [http-nio-9090-exec-10] DEBUG com.basic.javaframe.dao.HosGoodsDao.getList - ==>  Preparing: select * from hos_goods t left join frame_attach f on t.goods_img_guid = f.form_rowGuid WHERE 1=1 and t.del_flag =0 order by t.sort_sq desc limit ?, ? 
2019-05-21 17:49:14.732 [http-nio-9090-exec-10] DEBUG com.basic.javaframe.dao.HosGoodsDao.getList - ==> Parameters: 10(Integer), 10(Integer)
2019-05-21 17:49:14.742 [http-nio-9090-exec-10] DEBUG com.basic.javaframe.dao.HosGoodsDao.getList - <==      Total: 10
2019-05-21 17:49:14.757 [http-nio-9090-exec-10] DEBUG com.basic.javaframe.dao.HosGoodsDao.getCount - ==>  Preparing: select count(*) from hos_goods t WHERE 1=1 and t.del_flag =0 
2019-05-21 17:49:14.758 [http-nio-9090-exec-10] DEBUG com.basic.javaframe.dao.HosGoodsDao.getCount - ==> Parameters: 
2019-05-21 17:49:14.777 [http-nio-9090-exec-10] DEBUG com.basic.javaframe.dao.HosGoodsDao.getCount - <==      Total: 1
2019-05-21 17:49:18.228 [http-nio-9090-exec-2] DEBUG c.basic.javaframe.dao.Frame_UserDao.findUserByGuid - ==>  Preparing: select * from frame_user where row_guid = ? and del_flag = 0 
2019-05-21 17:49:18.229 [http-nio-9090-exec-2] DEBUG c.basic.javaframe.dao.Frame_UserDao.findUserByGuid - ==> Parameters: 8532db7a-b412-4296-8934-9cede3c655eb(String)
2019-05-21 17:49:18.234 [http-nio-9090-exec-1] DEBUG com.basic.javaframe.dao.HosGoodsDao.getList - ==>  Preparing: select * from hos_goods t left join frame_attach f on t.goods_img_guid = f.form_rowGuid WHERE 1=1 and t.del_flag =0 order by t.sort_sq desc limit ?, ? 
2019-05-21 17:49:18.234 [http-nio-9090-exec-1] DEBUG com.basic.javaframe.dao.HosGoodsDao.getList - ==> Parameters: 0(Integer), 10(Integer)
2019-05-21 17:49:18.244 [http-nio-9090-exec-2] DEBUG c.basic.javaframe.dao.Frame_UserDao.findUserByGuid - <==      Total: 1
2019-05-21 17:49:18.317 [http-nio-9090-exec-2] DEBUG c.b.j.dao.HosGoodstypeDao.findTopGoodsTypes - ==>  Preparing: select * from hos_goodstype where pgoods_type_code = '0' and del_flag = 0 
2019-05-21 17:49:18.317 [http-nio-9090-exec-2] DEBUG c.b.j.dao.HosGoodstypeDao.findTopGoodsTypes - ==> Parameters: 
2019-05-21 17:49:18.319 [http-nio-9090-exec-1] DEBUG com.basic.javaframe.dao.HosGoodsDao.getList - <==      Total: 10
2019-05-21 17:49:18.385 [http-nio-9090-exec-2] DEBUG c.b.j.dao.HosGoodstypeDao.findTopGoodsTypes - <==      Total: 4
2019-05-21 17:49:18.386 [http-nio-9090-exec-2] DEBUG c.b.javaframe.dao.HosGoodstypeDao.getByPgoodsCode - ==>  Preparing: select * from hos_goodstype where pgoods_type_code = ? and del_flag = 0 
2019-05-21 17:49:18.386 [http-nio-9090-exec-2] DEBUG c.b.javaframe.dao.HosGoodstypeDao.getByPgoodsCode - ==> Parameters: 9707a0cb(String)
2019-05-21 17:49:18.395 [http-nio-9090-exec-2] DEBUG c.b.javaframe.dao.HosGoodstypeDao.getByPgoodsCode - <==      Total: 1
2019-05-21 17:49:18.395 [http-nio-9090-exec-2] DEBUG c.b.javaframe.dao.HosGoodstypeDao.getByPgoodsCode - ==>  Preparing: select * from hos_goodstype where pgoods_type_code = ? and del_flag = 0 
2019-05-21 17:49:18.395 [http-nio-9090-exec-2] DEBUG c.b.javaframe.dao.HosGoodstypeDao.getByPgoodsCode - ==> Parameters: bd45977f(String)
2019-05-21 17:49:18.427 [http-nio-9090-exec-2] DEBUG c.b.javaframe.dao.HosGoodstypeDao.getByPgoodsCode - <==      Total: 0
2019-05-21 17:49:18.428 [http-nio-9090-exec-2] DEBUG c.b.javaframe.dao.HosGoodstypeDao.getByPgoodsCode - ==>  Preparing: select * from hos_goodstype where pgoods_type_code = ? and del_flag = 0 
2019-05-21 17:49:18.428 [http-nio-9090-exec-2] DEBUG c.b.javaframe.dao.HosGoodstypeDao.getByPgoodsCode - ==> Parameters: d81a0e48(String)
2019-05-21 17:49:18.429 [http-nio-9090-exec-1] DEBUG com.basic.javaframe.dao.HosGoodsDao.getCount - ==>  Preparing: select count(*) from hos_goods t WHERE 1=1 and t.del_flag =0 
2019-05-21 17:49:18.429 [http-nio-9090-exec-1] DEBUG com.basic.javaframe.dao.HosGoodsDao.getCount - ==> Parameters: 
2019-05-21 17:49:18.431 [http-nio-9090-exec-2] DEBUG c.b.javaframe.dao.HosGoodstypeDao.getByPgoodsCode - <==      Total: 4
2019-05-21 17:49:18.431 [http-nio-9090-exec-1] DEBUG com.basic.javaframe.dao.HosGoodsDao.getCount - <==      Total: 1
2019-05-21 17:49:18.431 [http-nio-9090-exec-2] DEBUG c.b.javaframe.dao.HosGoodstypeDao.getByPgoodsCode - ==>  Preparing: select * from hos_goodstype where pgoods_type_code = ? and del_flag = 0 
2019-05-21 17:49:18.432 [http-nio-9090-exec-2] DEBUG c.b.javaframe.dao.HosGoodstypeDao.getByPgoodsCode - ==> Parameters: e0164be7(String)
2019-05-21 17:49:18.434 [http-nio-9090-exec-2] DEBUG c.b.javaframe.dao.HosGoodstypeDao.getByPgoodsCode - <==      Total: 0
2019-05-21 17:49:18.435 [http-nio-9090-exec-2] DEBUG c.b.javaframe.dao.HosGoodstypeDao.getByPgoodsCode - ==>  Preparing: select * from hos_goodstype where pgoods_type_code = ? and del_flag = 0 
2019-05-21 17:49:18.435 [http-nio-9090-exec-2] DEBUG c.b.javaframe.dao.HosGoodstypeDao.getByPgoodsCode - ==> Parameters: 54b9d19d(String)
2019-05-21 17:49:18.437 [http-nio-9090-exec-2] DEBUG c.b.javaframe.dao.HosGoodstypeDao.getByPgoodsCode - <==      Total: 0
2019-05-21 17:49:18.437 [http-nio-9090-exec-2] DEBUG c.b.javaframe.dao.HosGoodstypeDao.getByPgoodsCode - ==>  Preparing: select * from hos_goodstype where pgoods_type_code = ? and del_flag = 0 
2019-05-21 17:49:18.438 [http-nio-9090-exec-2] DEBUG c.b.javaframe.dao.HosGoodstypeDao.getByPgoodsCode - ==> Parameters: cd346cb1(String)
2019-05-21 17:49:18.440 [http-nio-9090-exec-2] DEBUG c.b.javaframe.dao.HosGoodstypeDao.getByPgoodsCode - <==      Total: 0
2019-05-21 17:49:18.440 [http-nio-9090-exec-2] DEBUG c.b.javaframe.dao.HosGoodstypeDao.getByPgoodsCode - ==>  Preparing: select * from hos_goodstype where pgoods_type_code = ? and del_flag = 0 
2019-05-21 17:49:18.441 [http-nio-9090-exec-2] DEBUG c.b.javaframe.dao.HosGoodstypeDao.getByPgoodsCode - ==> Parameters: 749d1a8f(String)
2019-05-21 17:49:18.444 [http-nio-9090-exec-2] DEBUG c.b.javaframe.dao.HosGoodstypeDao.getByPgoodsCode - <==      Total: 0
2019-05-21 17:49:18.444 [http-nio-9090-exec-2] DEBUG c.b.javaframe.dao.HosGoodstypeDao.getByPgoodsCode - ==>  Preparing: select * from hos_goodstype where pgoods_type_code = ? and del_flag = 0 
2019-05-21 17:49:18.445 [http-nio-9090-exec-2] DEBUG c.b.javaframe.dao.HosGoodstypeDao.getByPgoodsCode - ==> Parameters: d40ec23d(String)
2019-05-21 17:49:18.455 [http-nio-9090-exec-2] DEBUG c.b.javaframe.dao.HosGoodstypeDao.getByPgoodsCode - <==      Total: 1
2019-05-21 17:49:18.456 [http-nio-9090-exec-2] DEBUG c.b.javaframe.dao.HosGoodstypeDao.getByPgoodsCode - ==>  Preparing: select * from hos_goodstype where pgoods_type_code = ? and del_flag = 0 
2019-05-21 17:49:18.456 [http-nio-9090-exec-2] DEBUG c.b.javaframe.dao.HosGoodstypeDao.getByPgoodsCode - ==> Parameters: 93035bf1(String)
2019-05-21 17:49:18.459 [http-nio-9090-exec-2] DEBUG c.b.javaframe.dao.HosGoodstypeDao.getByPgoodsCode - <==      Total: 0
2019-05-21 17:49:18.459 [http-nio-9090-exec-2] DEBUG c.b.javaframe.dao.HosGoodstypeDao.getByPgoodsCode - ==>  Preparing: select * from hos_goodstype where pgoods_type_code = ? and del_flag = 0 
2019-05-21 17:49:18.460 [http-nio-9090-exec-2] DEBUG c.b.javaframe.dao.HosGoodstypeDao.getByPgoodsCode - ==> Parameters: 3d483953(String)
2019-05-21 17:49:18.462 [http-nio-9090-exec-2] DEBUG c.b.javaframe.dao.HosGoodstypeDao.getByPgoodsCode - <==      Total: 0
2019-05-21 17:49:20.264 [http-nio-9090-exec-3] DEBUG com.basic.javaframe.dao.HosGoodsDao.getList - ==>  Preparing: select * from hos_goods t left join frame_attach f on t.goods_img_guid = f.form_rowGuid WHERE 1=1 and t.del_flag =0 order by t.sort_sq desc limit ?, ? 
2019-05-21 17:49:20.265 [http-nio-9090-exec-3] DEBUG com.basic.javaframe.dao.HosGoodsDao.getList - ==> Parameters: 10(Integer), 10(Integer)
2019-05-21 17:49:20.552 [http-nio-9090-exec-3] DEBUG com.basic.javaframe.dao.HosGoodsDao.getList - <==      Total: 10
2019-05-21 17:49:20.710 [http-nio-9090-exec-3] DEBUG com.basic.javaframe.dao.HosGoodsDao.getCount - ==>  Preparing: select count(*) from hos_goods t WHERE 1=1 and t.del_flag =0 
2019-05-21 17:49:20.711 [http-nio-9090-exec-3] DEBUG com.basic.javaframe.dao.HosGoodsDao.getCount - ==> Parameters: 
2019-05-21 17:49:20.714 [http-nio-9090-exec-3] DEBUG com.basic.javaframe.dao.HosGoodsDao.getCount - <==      Total: 1
2019-05-21 17:49:22.987 [http-nio-9090-exec-4] DEBUG com.basic.javaframe.dao.HosGoodsDao.getList - ==>  Preparing: select * from hos_goods t left join frame_attach f on t.goods_img_guid = f.form_rowGuid WHERE 1=1 and t.del_flag =0 order by t.sort_sq desc limit ?, ? 
2019-05-21 17:49:22.988 [http-nio-9090-exec-4] DEBUG com.basic.javaframe.dao.HosGoodsDao.getList - ==> Parameters: 0(Integer), 10(Integer)
2019-05-21 17:49:22.999 [http-nio-9090-exec-4] DEBUG com.basic.javaframe.dao.HosGoodsDao.getList - <==      Total: 10
2019-05-21 17:49:23.062 [http-nio-9090-exec-4] DEBUG com.basic.javaframe.dao.HosGoodsDao.getCount - ==>  Preparing: select count(*) from hos_goods t WHERE 1=1 and t.del_flag =0 
2019-05-21 17:49:23.062 [http-nio-9090-exec-4] DEBUG com.basic.javaframe.dao.HosGoodsDao.getCount - ==> Parameters: 
2019-05-21 17:49:23.065 [http-nio-9090-exec-4] DEBUG com.basic.javaframe.dao.HosGoodsDao.getCount - <==      Total: 1
2019-05-21 17:49:23.788 [http-nio-9090-exec-5] DEBUG com.basic.javaframe.dao.HosGoodsDao.getList - ==>  Preparing: select * from hos_goods t left join frame_attach f on t.goods_img_guid = f.form_rowGuid WHERE 1=1 and t.del_flag =0 order by t.sort_sq desc limit ?, ? 
2019-05-21 17:49:23.789 [http-nio-9090-exec-5] DEBUG com.basic.javaframe.dao.HosGoodsDao.getList - ==> Parameters: 10(Integer), 10(Integer)
2019-05-21 17:49:23.799 [http-nio-9090-exec-5] DEBUG com.basic.javaframe.dao.HosGoodsDao.getList - <==      Total: 10
2019-05-21 17:49:23.809 [http-nio-9090-exec-5] DEBUG com.basic.javaframe.dao.HosGoodsDao.getCount - ==>  Preparing: select count(*) from hos_goods t WHERE 1=1 and t.del_flag =0 
2019-05-21 17:49:23.809 [http-nio-9090-exec-5] DEBUG com.basic.javaframe.dao.HosGoodsDao.getCount - ==> Parameters: 
2019-05-21 17:49:23.821 [http-nio-9090-exec-5] DEBUG com.basic.javaframe.dao.HosGoodsDao.getCount - <==      Total: 1
2019-05-21 17:49:27.238 [http-nio-9090-exec-6] DEBUG com.basic.javaframe.dao.HosGoodsDao.getList - ==>  Preparing: select * from hos_goods t left join frame_attach f on t.goods_img_guid = f.form_rowGuid WHERE 1=1 and t.del_flag =0 order by t.sort_sq desc limit ?, ? 
2019-05-21 17:49:27.238 [http-nio-9090-exec-6] DEBUG com.basic.javaframe.dao.HosGoodsDao.getList - ==> Parameters: 0(Integer), 10(Integer)
2019-05-21 17:49:27.247 [http-nio-9090-exec-6] DEBUG com.basic.javaframe.dao.HosGoodsDao.getList - <==      Total: 10
2019-05-21 17:49:27.260 [http-nio-9090-exec-6] DEBUG com.basic.javaframe.dao.HosGoodsDao.getCount - ==>  Preparing: select count(*) from hos_goods t WHERE 1=1 and t.del_flag =0 
2019-05-21 17:49:27.260 [http-nio-9090-exec-6] DEBUG com.basic.javaframe.dao.HosGoodsDao.getCount - ==> Parameters: 
2019-05-21 17:49:27.262 [http-nio-9090-exec-6] DEBUG com.basic.javaframe.dao.HosGoodsDao.getCount - <==      Total: 1
2019-05-21 17:49:51.630 [http-nio-9090-exec-7] DEBUG com.basic.javaframe.dao.HosGoodsDao.getList - ==>  Preparing: select * from hos_goods t left join frame_attach f on t.goods_img_guid = f.form_rowGuid WHERE 1=1 and t.del_flag =0 order by t.sort_sq desc limit ?, ? 
2019-05-21 17:49:51.631 [http-nio-9090-exec-7] DEBUG com.basic.javaframe.dao.HosGoodsDao.getList - ==> Parameters: 10(Integer), 10(Integer)
2019-05-21 17:49:51.642 [http-nio-9090-exec-7] DEBUG com.basic.javaframe.dao.HosGoodsDao.getList - <==      Total: 10
2019-05-21 17:49:51.648 [http-nio-9090-exec-7] DEBUG com.basic.javaframe.dao.HosGoodsDao.getCount - ==>  Preparing: select count(*) from hos_goods t WHERE 1=1 and t.del_flag =0 
2019-05-21 17:49:51.649 [http-nio-9090-exec-7] DEBUG com.basic.javaframe.dao.HosGoodsDao.getCount - ==> Parameters: 
2019-05-21 17:49:51.651 [http-nio-9090-exec-7] DEBUG com.basic.javaframe.dao.HosGoodsDao.getCount - <==      Total: 1
2019-05-21 17:49:52.253 [http-nio-9090-exec-8] DEBUG com.basic.javaframe.dao.HosGoodsDao.getList - ==>  Preparing: select * from hos_goods t left join frame_attach f on t.goods_img_guid = f.form_rowGuid WHERE 1=1 and t.del_flag =0 order by t.sort_sq desc limit ?, ? 
2019-05-21 17:49:52.253 [http-nio-9090-exec-8] DEBUG com.basic.javaframe.dao.HosGoodsDao.getList - ==> Parameters: 0(Integer), 10(Integer)
2019-05-21 17:49:52.262 [http-nio-9090-exec-8] DEBUG com.basic.javaframe.dao.HosGoodsDao.getList - <==      Total: 10
2019-05-21 17:49:52.269 [http-nio-9090-exec-8] DEBUG com.basic.javaframe.dao.HosGoodsDao.getCount - ==>  Preparing: select count(*) from hos_goods t WHERE 1=1 and t.del_flag =0 
2019-05-21 17:49:52.269 [http-nio-9090-exec-8] DEBUG com.basic.javaframe.dao.HosGoodsDao.getCount - ==> Parameters: 
2019-05-21 17:49:52.272 [http-nio-9090-exec-8] DEBUG com.basic.javaframe.dao.HosGoodsDao.getCount - <==      Total: 1
2019-05-21 17:49:53.710 [http-nio-9090-exec-9] DEBUG com.basic.javaframe.dao.HosGoodsDao.getList - ==>  Preparing: select * from hos_goods t left join frame_attach f on t.goods_img_guid = f.form_rowGuid WHERE 1=1 and t.del_flag =0 order by t.sort_sq desc limit ?, ? 
2019-05-21 17:49:53.711 [http-nio-9090-exec-9] DEBUG com.basic.javaframe.dao.HosGoodsDao.getList - ==> Parameters: 10(Integer), 10(Integer)
2019-05-21 17:49:53.721 [http-nio-9090-exec-9] DEBUG com.basic.javaframe.dao.HosGoodsDao.getList - <==      Total: 10
2019-05-21 17:49:53.741 [http-nio-9090-exec-9] DEBUG com.basic.javaframe.dao.HosGoodsDao.getCount - ==>  Preparing: select count(*) from hos_goods t WHERE 1=1 and t.del_flag =0 
2019-05-21 17:49:53.741 [http-nio-9090-exec-9] DEBUG com.basic.javaframe.dao.HosGoodsDao.getCount - ==> Parameters: 
2019-05-21 17:49:53.745 [http-nio-9090-exec-9] DEBUG com.basic.javaframe.dao.HosGoodsDao.getCount - <==      Total: 1
2019-05-21 17:49:54.278 [http-nio-9090-exec-10] DEBUG com.basic.javaframe.dao.HosGoodsDao.getList - ==>  Preparing: select * from hos_goods t left join frame_attach f on t.goods_img_guid = f.form_rowGuid WHERE 1=1 and t.del_flag =0 order by t.sort_sq desc limit ?, ? 
2019-05-21 17:49:54.278 [http-nio-9090-exec-10] DEBUG com.basic.javaframe.dao.HosGoodsDao.getList - ==> Parameters: 0(Integer), 10(Integer)
2019-05-21 17:49:54.287 [http-nio-9090-exec-10] DEBUG com.basic.javaframe.dao.HosGoodsDao.getList - <==      Total: 10
2019-05-21 17:49:54.297 [http-nio-9090-exec-10] DEBUG com.basic.javaframe.dao.HosGoodsDao.getCount - ==>  Preparing: select count(*) from hos_goods t WHERE 1=1 and t.del_flag =0 
2019-05-21 17:49:54.297 [http-nio-9090-exec-10] DEBUG com.basic.javaframe.dao.HosGoodsDao.getCount - ==> Parameters: 
2019-05-21 17:49:54.299 [http-nio-9090-exec-10] DEBUG com.basic.javaframe.dao.HosGoodsDao.getCount - <==      Total: 1
2019-05-21 17:49:54.668 [http-nio-9090-exec-1] DEBUG com.basic.javaframe.dao.HosGoodsDao.getList - ==>  Preparing: select * from hos_goods t left join frame_attach f on t.goods_img_guid = f.form_rowGuid WHERE 1=1 and t.del_flag =0 order by t.sort_sq desc limit ?, ? 
2019-05-21 17:49:54.669 [http-nio-9090-exec-1] DEBUG com.basic.javaframe.dao.HosGoodsDao.getList - ==> Parameters: 10(Integer), 10(Integer)
2019-05-21 17:49:54.679 [http-nio-9090-exec-1] DEBUG com.basic.javaframe.dao.HosGoodsDao.getList - <==      Total: 10
2019-05-21 17:49:54.687 [http-nio-9090-exec-1] DEBUG com.basic.javaframe.dao.HosGoodsDao.getCount - ==>  Preparing: select count(*) from hos_goods t WHERE 1=1 and t.del_flag =0 
2019-05-21 17:49:54.687 [http-nio-9090-exec-1] DEBUG com.basic.javaframe.dao.HosGoodsDao.getCount - ==> Parameters: 
2019-05-21 17:49:54.689 [http-nio-9090-exec-1] DEBUG com.basic.javaframe.dao.HosGoodsDao.getCount - <==      Total: 1
2019-05-21 17:49:57.573 [http-nio-9090-exec-2] DEBUG com.basic.javaframe.dao.HosGoodsDao.getList - ==>  Preparing: select * from hos_goods t left join frame_attach f on t.goods_img_guid = f.form_rowGuid WHERE 1=1 and t.del_flag =0 order by t.sort_sq desc limit ?, ? 
2019-05-21 17:49:57.574 [http-nio-9090-exec-2] DEBUG com.basic.javaframe.dao.HosGoodsDao.getList - ==> Parameters: 0(Integer), 90(Integer)
2019-05-21 17:49:57.588 [http-nio-9090-exec-2] DEBUG com.basic.javaframe.dao.HosGoodsDao.getList - <==      Total: 34
2019-05-21 17:49:57.595 [http-nio-9090-exec-2] DEBUG com.basic.javaframe.dao.HosGoodsDao.getCount - ==>  Preparing: select count(*) from hos_goods t WHERE 1=1 and t.del_flag =0 
2019-05-21 17:49:57.595 [http-nio-9090-exec-2] DEBUG com.basic.javaframe.dao.HosGoodsDao.getCount - ==> Parameters: 
2019-05-21 17:49:57.597 [http-nio-9090-exec-2] DEBUG com.basic.javaframe.dao.HosGoodsDao.getCount - <==      Total: 1
2019-05-21 17:50:00.465 [http-nio-9090-exec-3] DEBUG com.basic.javaframe.dao.HosGoodsDao.getList - ==>  Preparing: select * from hos_goods t left join frame_attach f on t.goods_img_guid = f.form_rowGuid WHERE 1=1 and t.del_flag =0 order by t.sort_sq desc limit ?, ? 
2019-05-21 17:50:00.465 [http-nio-9090-exec-3] DEBUG com.basic.javaframe.dao.HosGoodsDao.getList - ==> Parameters: 0(Integer), 10(Integer)
2019-05-21 17:50:00.472 [http-nio-9090-exec-3] DEBUG com.basic.javaframe.dao.HosGoodsDao.getList - <==      Total: 10
2019-05-21 17:50:00.479 [http-nio-9090-exec-3] DEBUG com.basic.javaframe.dao.HosGoodsDao.getCount - ==>  Preparing: select count(*) from hos_goods t WHERE 1=1 and t.del_flag =0 
2019-05-21 17:50:00.479 [http-nio-9090-exec-3] DEBUG com.basic.javaframe.dao.HosGoodsDao.getCount - ==> Parameters: 
2019-05-21 17:50:00.482 [http-nio-9090-exec-3] DEBUG com.basic.javaframe.dao.HosGoodsDao.getCount - <==      Total: 1
2019-05-21 17:50:09.798 [http-nio-9090-exec-5] DEBUG com.basic.javaframe.dao.HosGoodsDao.getList - ==>  Preparing: select * from hos_goods t left join frame_attach f on t.goods_img_guid = f.form_rowGuid WHERE 1=1 and t.del_flag =0 order by t.sort_sq desc limit ?, ? 
2019-05-21 17:50:09.799 [http-nio-9090-exec-5] DEBUG com.basic.javaframe.dao.HosGoodsDao.getList - ==> Parameters: 10(Integer), 10(Integer)
2019-05-21 17:50:09.828 [http-nio-9090-exec-5] DEBUG com.basic.javaframe.dao.HosGoodsDao.getList - <==      Total: 10
2019-05-21 17:50:09.866 [http-nio-9090-exec-5] DEBUG com.basic.javaframe.dao.HosGoodsDao.getCount - ==>  Preparing: select count(*) from hos_goods t WHERE 1=1 and t.del_flag =0 
2019-05-21 17:50:09.867 [http-nio-9090-exec-5] DEBUG com.basic.javaframe.dao.HosGoodsDao.getCount - ==> Parameters: 
2019-05-21 17:50:09.870 [http-nio-9090-exec-5] DEBUG com.basic.javaframe.dao.HosGoodsDao.getCount - <==      Total: 1
2019-05-21 17:50:11.251 [http-nio-9090-exec-6] DEBUG com.basic.javaframe.dao.HosGoodsDao.getList - ==>  Preparing: select * from hos_goods t left join frame_attach f on t.goods_img_guid = f.form_rowGuid WHERE 1=1 and t.del_flag =0 order by t.sort_sq desc limit ?, ? 
2019-05-21 17:50:11.251 [http-nio-9090-exec-6] DEBUG com.basic.javaframe.dao.HosGoodsDao.getList - ==> Parameters: 0(Integer), 10(Integer)
2019-05-21 17:50:11.260 [http-nio-9090-exec-6] DEBUG com.basic.javaframe.dao.HosGoodsDao.getList - <==      Total: 10
2019-05-21 17:50:11.286 [http-nio-9090-exec-6] DEBUG com.basic.javaframe.dao.HosGoodsDao.getCount - ==>  Preparing: select count(*) from hos_goods t WHERE 1=1 and t.del_flag =0 
2019-05-21 17:50:11.287 [http-nio-9090-exec-6] DEBUG com.basic.javaframe.dao.HosGoodsDao.getCount - ==> Parameters: 
2019-05-21 17:50:11.290 [http-nio-9090-exec-6] DEBUG com.basic.javaframe.dao.HosGoodsDao.getCount - <==      Total: 1
2019-05-21 17:50:11.858 [http-nio-9090-exec-7] DEBUG com.basic.javaframe.dao.HosGoodsDao.getList - ==>  Preparing: select * from hos_goods t left join frame_attach f on t.goods_img_guid = f.form_rowGuid WHERE 1=1 and t.del_flag =0 order by t.sort_sq desc limit ?, ? 
2019-05-21 17:50:11.858 [http-nio-9090-exec-7] DEBUG com.basic.javaframe.dao.HosGoodsDao.getList - ==> Parameters: 10(Integer), 10(Integer)
2019-05-21 17:50:11.883 [http-nio-9090-exec-7] DEBUG com.basic.javaframe.dao.HosGoodsDao.getList - <==      Total: 10
2019-05-21 17:50:11.893 [http-nio-9090-exec-7] DEBUG com.basic.javaframe.dao.HosGoodsDao.getCount - ==>  Preparing: select count(*) from hos_goods t WHERE 1=1 and t.del_flag =0 
2019-05-21 17:50:11.894 [http-nio-9090-exec-7] DEBUG com.basic.javaframe.dao.HosGoodsDao.getCount - ==> Parameters: 
2019-05-21 17:50:11.896 [http-nio-9090-exec-7] DEBUG com.basic.javaframe.dao.HosGoodsDao.getCount - <==      Total: 1
2019-05-21 17:50:12.781 [http-nio-9090-exec-8] DEBUG com.basic.javaframe.dao.HosGoodsDao.getList - ==>  Preparing: select * from hos_goods t left join frame_attach f on t.goods_img_guid = f.form_rowGuid WHERE 1=1 and t.del_flag =0 order by t.sort_sq desc limit ?, ? 
2019-05-21 17:50:12.781 [http-nio-9090-exec-8] DEBUG com.basic.javaframe.dao.HosGoodsDao.getList - ==> Parameters: 0(Integer), 10(Integer)
2019-05-21 17:50:12.790 [http-nio-9090-exec-8] DEBUG com.basic.javaframe.dao.HosGoodsDao.getList - <==      Total: 10
2019-05-21 17:50:12.797 [http-nio-9090-exec-8] DEBUG com.basic.javaframe.dao.HosGoodsDao.getCount - ==>  Preparing: select count(*) from hos_goods t WHERE 1=1 and t.del_flag =0 
2019-05-21 17:50:12.798 [http-nio-9090-exec-8] DEBUG com.basic.javaframe.dao.HosGoodsDao.getCount - ==> Parameters: 
2019-05-21 17:50:12.802 [http-nio-9090-exec-8] DEBUG com.basic.javaframe.dao.HosGoodsDao.getCount - <==      Total: 1
2019-05-21 17:50:13.443 [http-nio-9090-exec-9] DEBUG com.basic.javaframe.dao.HosGoodsDao.getList - ==>  Preparing: select * from hos_goods t left join frame_attach f on t.goods_img_guid = f.form_rowGuid WHERE 1=1 and t.del_flag =0 order by t.sort_sq desc limit ?, ? 
2019-05-21 17:50:13.444 [http-nio-9090-exec-9] DEBUG com.basic.javaframe.dao.HosGoodsDao.getList - ==> Parameters: 10(Integer), 10(Integer)
2019-05-21 17:50:13.452 [http-nio-9090-exec-9] DEBUG com.basic.javaframe.dao.HosGoodsDao.getList - <==      Total: 10
2019-05-21 17:50:13.460 [http-nio-9090-exec-9] DEBUG com.basic.javaframe.dao.HosGoodsDao.getCount - ==>  Preparing: select count(*) from hos_goods t WHERE 1=1 and t.del_flag =0 
2019-05-21 17:50:13.460 [http-nio-9090-exec-9] DEBUG com.basic.javaframe.dao.HosGoodsDao.getCount - ==> Parameters: 
2019-05-21 17:50:13.462 [http-nio-9090-exec-9] DEBUG com.basic.javaframe.dao.HosGoodsDao.getCount - <==      Total: 1
2019-05-21 17:51:05.707 [http-nio-9090-exec-1] DEBUG com.basic.javaframe.dao.HosGoodsDao.getList - ==>  Preparing: select * from hos_goods t left join frame_attach f on t.goods_img_guid = f.form_rowGuid WHERE 1=1 and t.del_flag =0 order by t.sort_sq desc limit ?, ? 
2019-05-21 17:51:05.708 [http-nio-9090-exec-1] DEBUG com.basic.javaframe.dao.HosGoodsDao.getList - ==> Parameters: 0(Integer), 100(Integer)
2019-05-21 17:51:05.721 [http-nio-9090-exec-1] DEBUG com.basic.javaframe.dao.HosGoodsDao.getList - <==      Total: 34
2019-05-21 17:51:05.736 [http-nio-9090-exec-1] DEBUG com.basic.javaframe.dao.HosGoodsDao.getCount - ==>  Preparing: select count(*) from hos_goods t WHERE 1=1 and t.del_flag =0 
2019-05-21 17:51:05.736 [http-nio-9090-exec-1] DEBUG com.basic.javaframe.dao.HosGoodsDao.getCount - ==> Parameters: 
2019-05-21 17:51:05.738 [http-nio-9090-exec-1] DEBUG com.basic.javaframe.dao.HosGoodsDao.getCount - <==      Total: 1
2019-05-21 17:51:56.791 [restartedMain] DEBUG com.basic.javaframe.DemoApplication - Running with Spring Boot v2.1.3.RELEASE, Spring v5.1.5.RELEASE
2019-05-21 17:52:07.038 [http-nio-9090-exec-2] DEBUG com.basic.javaframe.dao.HosGoodsDao.getList - ==>  Preparing: select * from hos_goods t left join frame_attach f on t.goods_img_guid = f.form_rowGuid WHERE 1=1 and t.del_flag =0 order by t.sort_sq desc limit ?, ? 
2019-05-21 17:52:07.038 [http-nio-9090-exec-2] DEBUG com.basic.javaframe.dao.HosGoodsDao.getList - ==> Parameters: 0(Integer), 100(Integer)
2019-05-21 17:52:07.057 [http-nio-9090-exec-2] DEBUG com.basic.javaframe.dao.HosGoodsDao.getList - <==      Total: 34
2019-05-21 17:52:07.081 [http-nio-9090-exec-2] DEBUG com.basic.javaframe.dao.HosGoodsDao.getCount - ==>  Preparing: select count(*) from hos_goods t left join frame_attach f on t.goods_img_guid = f.form_rowGuid WHERE 1=1 and t.del_flag =0 
2019-05-21 17:52:07.081 [http-nio-9090-exec-2] DEBUG com.basic.javaframe.dao.HosGoodsDao.getCount - ==> Parameters: 
2019-05-21 17:52:07.086 [http-nio-9090-exec-2] DEBUG com.basic.javaframe.dao.HosGoodsDao.getCount - <==      Total: 1
2019-05-21 17:53:20.917 [restartedMain] DEBUG com.basic.javaframe.DemoApplication - Running with Spring Boot v2.1.3.RELEASE, Spring v5.1.5.RELEASE
2019-05-21 17:53:47.558 [http-nio-9090-exec-2] DEBUG com.basic.javaframe.dao.HosGoodsDao.getList - ==>  Preparing: select t.*,f.goodsUrl from hos_goods t left join frame_attach f on t.goods_img_guid = f.form_rowGuid WHERE 1=1 and t.del_flag =0 order by t.sort_sq desc limit ?, ? 
2019-05-21 17:53:47.559 [http-nio-9090-exec-2] DEBUG com.basic.javaframe.dao.HosGoodsDao.getList - ==> Parameters: 0(Integer), 100(Integer)
2019-05-21 17:54:21.776 [restartedMain] DEBUG com.basic.javaframe.DemoApplication - Running with Spring Boot v2.1.3.RELEASE, Spring v5.1.5.RELEASE
2019-05-21 17:55:59.779 [restartedMain] DEBUG com.basic.javaframe.DemoApplication - Running with Spring Boot v2.1.3.RELEASE, Spring v5.1.5.RELEASE
2019-05-21 17:57:31.849 [restartedMain] DEBUG com.basic.javaframe.DemoApplication - Running with Spring Boot v2.1.3.RELEASE, Spring v5.1.5.RELEASE
2019-05-21 17:57:39.208 [http-nio-9090-exec-2] DEBUG com.basic.javaframe.dao.HosGoodsDao.getList - ==>  Preparing: select t.*,f.content_url as goodsUrl from hos_goods t left join frame_attach f on t.goods_img_guid = f.form_rowGuid WHERE 1=1 and t.del_flag =0 order by t.sort_sq desc limit ?, ? 
2019-05-21 17:57:39.209 [http-nio-9090-exec-2] DEBUG com.basic.javaframe.dao.HosGoodsDao.getList - ==> Parameters: 0(Integer), 100(Integer)
2019-05-21 17:57:39.224 [http-nio-9090-exec-2] DEBUG com.basic.javaframe.dao.HosGoodsDao.getList - <==      Total: 34
2019-05-21 17:57:39.233 [http-nio-9090-exec-2] DEBUG com.basic.javaframe.dao.HosGoodsDao.getCount - ==>  Preparing: select count(*) from hos_goods t left join frame_attach f on t.goods_img_guid = f.form_rowGuid WHERE 1=1 and t.del_flag =0 
2019-05-21 17:57:39.233 [http-nio-9090-exec-2] DEBUG com.basic.javaframe.dao.HosGoodsDao.getCount - ==> Parameters: 
2019-05-21 17:57:39.237 [http-nio-9090-exec-2] DEBUG com.basic.javaframe.dao.HosGoodsDao.getCount - <==      Total: 1
