2019-06-05 14:44:50.329 [restartedMain] INFO  com.basic.javaframe.DemoApplication - Starting DemoApplication on CY0GKUO5SUFLLJ6 with PID 19240 (started by Administrator in E:\zhangwenhua\work\git\HosOrder\zjgerst\代码\hos)
2019-06-05 14:44:50.336 [restartedMain] INFO  com.basic.javaframe.DemoApplication - The following profiles are active: dev
2019-06-05 14:44:50.561 [restartedMain] INFO  o.s.b.d.env.DevToolsPropertyDefaultsPostProcessor - Devtools property defaults active! Set 'spring.devtools.add-properties' to 'false' to disable
2019-06-05 14:44:50.561 [restartedMain] INFO  o.s.b.d.env.DevToolsPropertyDefaultsPostProcessor - For additional web related logging consider setting the 'logging.level.web' property to 'DEBUG'
2019-06-05 14:44:53.075 [restartedMain] INFO  o.s.d.r.config.RepositoryConfigurationDelegate - Multiple Spring Data modules found, entering strict repository configuration mode!
2019-06-05 14:44:53.084 [restartedMain] INFO  o.s.d.r.config.RepositoryConfigurationDelegate - Bootstrapping Spring Data repositories in DEFAULT mode.
2019-06-05 14:44:53.189 [restartedMain] INFO  o.s.d.r.config.RepositoryConfigurationDelegate - Finished Spring Data repository scanning in 70ms. Found 0 repository interfaces.
2019-06-05 14:44:53.837 [restartedMain] INFO  o.s.c.s.PostProcessorRegistrationDelegate$BeanPostProcessorChecker - Bean 'org.springframework.transaction.annotation.ProxyTransactionManagementConfiguration' of type [org.springframework.transaction.annotation.ProxyTransactionManagementConfiguration$$EnhancerBySpringCGLIB$$e9549c1f] is not eligible for getting processed by all BeanPostProcessors (for example: not eligible for auto-proxying)
2019-06-05 14:44:54.789 [restartedMain] INFO  o.s.boot.web.embedded.tomcat.TomcatWebServer - Tomcat initialized with port(s): 9090 (http)
2019-06-05 14:44:54.819 [restartedMain] INFO  org.apache.coyote.http11.Http11NioProtocol - Initializing ProtocolHandler ["http-nio-9090"]
2019-06-05 14:44:54.838 [restartedMain] INFO  org.apache.catalina.core.StandardService - Starting service [Tomcat]
2019-06-05 14:44:54.839 [restartedMain] INFO  org.apache.catalina.core.StandardEngine - Starting Servlet engine: [Apache Tomcat/9.0.16]
2019-06-05 14:44:54.861 [restartedMain] INFO  org.apache.catalina.core.AprLifecycleListener - The APR based Apache Tomcat Native library which allows optimal performance in production environments was not found on the java.library.path: [C:\Program Files (x86)\Java\jdk1.8.0_60\bin;C:\Windows\Sun\Java\bin;C:\Windows\system32;C:\Windows;C:/Program Files (x86)/Java/jre1.8.0_60/bin/client;C:/Program Files (x86)/Java/jre1.8.0_60/bin;C:/Program Files (x86)/Java/jre1.8.0_60/lib/i386;C:\ProgramData\Oracle\Java\javapath;C:\Windows\system32;C:\Windows;C:\Windows\System32\Wbem;C:\Windows\System32\WindowsPowerShell\v1.0\;C:\Program Files (x86)\Java\jdk1.8.0_60\bin;C:\Program Files (x86)\Java\jdk1.8.0_60\jre\bin;C:\Program Files\TortoiseGit\bin;C:\Program Files\Git\cmd;C:\Program Files (x86)\MySQL\MySQL Server 5.5\bin;C:\Program Files\nodejs\;C:\Users\Administrator\AppData\Local\Microsoft\WindowsApps;C:\Users\Administrator\AppData\Roaming\npm;E:\zhangwenhua\eclipse\eclipse;;.]
2019-06-05 14:44:55.077 [restartedMain] INFO  o.a.c.core.ContainerBase.[Tomcat].[localhost].[/] - Initializing Spring embedded WebApplicationContext
2019-06-05 14:44:55.077 [restartedMain] INFO  org.springframework.web.context.ContextLoader - Root WebApplicationContext: initialization completed in 4515 ms
2019-06-05 14:44:57.566 [restartedMain] INFO  o.s.scheduling.concurrent.ThreadPoolTaskExecutor - Initializing ExecutorService 'applicationTaskExecutor'
2019-06-05 14:44:57.607 [restartedMain] INFO  o.s.b.d.autoconfigure.OptionalLiveReloadServer - LiveReload server is running on port 35729
2019-06-05 14:44:58.194 [restartedMain] INFO  s.d.s.web.plugins.DocumentationPluginsBootstrapper - Context refreshed
2019-06-05 14:44:58.228 [restartedMain] INFO  s.d.s.web.plugins.DocumentationPluginsBootstrapper - Found 1 custom documentation plugin(s)
2019-06-05 14:44:58.243 [restartedMain] INFO  s.d.spring.web.scanners.ApiListingReferenceScanner - Scanning for api listing references
2019-06-05 14:44:58.686 [restartedMain] INFO  s.d.s.w.r.operation.CachingOperationNameGenerator - Generating unique operation named: addDeptUsingPOST_1
2019-06-05 14:44:58.692 [restartedMain] INFO  s.d.s.w.r.operation.CachingOperationNameGenerator - Generating unique operation named: deleteDeptUsingPOST_1
2019-06-05 14:44:58.696 [restartedMain] INFO  s.d.s.w.r.operation.CachingOperationNameGenerator - Generating unique operation named: getDeptUsingGET_1
2019-06-05 14:44:58.708 [restartedMain] INFO  s.d.s.w.r.operation.CachingOperationNameGenerator - Generating unique operation named: updateDeptUsingPUT_1
2019-06-05 14:44:58.738 [restartedMain] INFO  s.d.s.w.r.operation.CachingOperationNameGenerator - Generating unique operation named: selectFrameRoleByNameUsingPOST_1
2019-06-05 14:44:58.816 [restartedMain] INFO  s.d.s.w.r.operation.CachingOperationNameGenerator - Generating unique operation named: updateUsingPUT_1
2019-06-05 14:44:58.827 [restartedMain] INFO  s.d.s.w.r.operation.CachingOperationNameGenerator - Generating unique operation named: addUsingPOST_1
2019-06-05 14:44:58.829 [restartedMain] INFO  s.d.s.w.r.operation.CachingOperationNameGenerator - Generating unique operation named: deleteUsingPOST_1
2019-06-05 14:44:58.832 [restartedMain] INFO  s.d.s.w.r.operation.CachingOperationNameGenerator - Generating unique operation named: listDataUsingGET_1
2019-06-05 14:44:58.834 [restartedMain] INFO  s.d.s.w.r.operation.CachingOperationNameGenerator - Generating unique operation named: updateUsingPUT_2
2019-06-05 14:44:58.844 [restartedMain] INFO  s.d.s.w.r.operation.CachingOperationNameGenerator - Generating unique operation named: addUsingPOST_2
2019-06-05 14:44:58.848 [restartedMain] INFO  s.d.s.w.r.operation.CachingOperationNameGenerator - Generating unique operation named: deleteUsingPOST_2
2019-06-05 14:44:58.856 [restartedMain] INFO  s.d.s.w.r.operation.CachingOperationNameGenerator - Generating unique operation named: listDataUsingGET_2
2019-06-05 14:44:58.859 [restartedMain] INFO  s.d.s.w.r.operation.CachingOperationNameGenerator - Generating unique operation named: updateUsingPUT_3
2019-06-05 14:44:58.862 [restartedMain] INFO  s.d.s.w.r.operation.CachingOperationNameGenerator - Generating unique operation named: addUsingPOST_3
2019-06-05 14:44:58.864 [restartedMain] INFO  s.d.s.w.r.operation.CachingOperationNameGenerator - Generating unique operation named: checkDeptUsingPOST_1
2019-06-05 14:44:58.866 [restartedMain] INFO  s.d.s.w.r.operation.CachingOperationNameGenerator - Generating unique operation named: deleteUsingPOST_3
2019-06-05 14:44:58.876 [restartedMain] INFO  s.d.s.w.r.operation.CachingOperationNameGenerator - Generating unique operation named: listDataUsingGET_3
2019-06-05 14:44:58.880 [restartedMain] INFO  s.d.s.w.r.operation.CachingOperationNameGenerator - Generating unique operation named: updateUsingPUT_4
2019-06-05 14:44:58.890 [restartedMain] INFO  s.d.s.w.r.operation.CachingOperationNameGenerator - Generating unique operation named: addUsingPOST_4
2019-06-05 14:44:58.893 [restartedMain] INFO  s.d.s.w.r.operation.CachingOperationNameGenerator - Generating unique operation named: deleteUsingPOST_4
2019-06-05 14:44:58.903 [restartedMain] INFO  s.d.s.w.r.operation.CachingOperationNameGenerator - Generating unique operation named: listDataUsingGET_4
2019-06-05 14:44:58.915 [restartedMain] INFO  s.d.s.w.r.operation.CachingOperationNameGenerator - Generating unique operation named: updateUsingPUT_5
2019-06-05 14:44:58.922 [restartedMain] INFO  s.d.s.w.r.operation.CachingOperationNameGenerator - Generating unique operation named: addUsingPOST_5
2019-06-05 14:44:58.924 [restartedMain] INFO  s.d.s.w.r.operation.CachingOperationNameGenerator - Generating unique operation named: deleteUsingPOST_5
2019-06-05 14:44:58.925 [restartedMain] INFO  s.d.s.w.r.operation.CachingOperationNameGenerator - Generating unique operation named: listDataUsingGET_5
2019-06-05 14:44:58.927 [restartedMain] INFO  s.d.s.w.r.operation.CachingOperationNameGenerator - Generating unique operation named: updateUsingPUT_6
2019-06-05 14:44:58.931 [restartedMain] INFO  s.d.s.w.r.operation.CachingOperationNameGenerator - Generating unique operation named: addUsingPOST_6
2019-06-05 14:44:58.934 [restartedMain] INFO  s.d.s.w.r.operation.CachingOperationNameGenerator - Generating unique operation named: deleteUsingPOST_6
2019-06-05 14:44:58.937 [restartedMain] INFO  s.d.s.w.r.operation.CachingOperationNameGenerator - Generating unique operation named: listDataUsingGET_6
2019-06-05 14:44:58.939 [restartedMain] INFO  s.d.s.w.r.operation.CachingOperationNameGenerator - Generating unique operation named: updateUsingPUT_7
2019-06-05 14:44:58.943 [restartedMain] INFO  s.d.s.w.r.operation.CachingOperationNameGenerator - Generating unique operation named: addUsingPOST_7
2019-06-05 14:44:58.945 [restartedMain] INFO  s.d.s.w.r.operation.CachingOperationNameGenerator - Generating unique operation named: deleteUsingPOST_7
2019-06-05 14:44:58.950 [restartedMain] INFO  s.d.s.w.r.operation.CachingOperationNameGenerator - Generating unique operation named: getdeptTreesUsingPOST_1
2019-06-05 14:44:58.952 [restartedMain] INFO  s.d.s.w.r.operation.CachingOperationNameGenerator - Generating unique operation named: listDataUsingGET_7
2019-06-05 14:44:58.955 [restartedMain] INFO  s.d.s.w.r.operation.CachingOperationNameGenerator - Generating unique operation named: updateUsingPUT_8
2019-06-05 14:44:58.962 [restartedMain] INFO  s.d.s.w.r.operation.CachingOperationNameGenerator - Generating unique operation named: addUsingPOST_8
2019-06-05 14:44:58.968 [restartedMain] INFO  s.d.s.w.r.operation.CachingOperationNameGenerator - Generating unique operation named: auditFailInfoUsingPOST_1
2019-06-05 14:44:58.972 [restartedMain] INFO  s.d.s.w.r.operation.CachingOperationNameGenerator - Generating unique operation named: deleteUsingPOST_8
2019-06-05 14:44:58.986 [restartedMain] INFO  s.d.s.w.r.operation.CachingOperationNameGenerator - Generating unique operation named: listDataUsingGET_8
2019-06-05 14:44:58.999 [restartedMain] INFO  s.d.s.w.r.operation.CachingOperationNameGenerator - Generating unique operation named: updateUsingPUT_9
2019-06-05 14:44:59.021 [restartedMain] INFO  s.d.s.w.r.operation.CachingOperationNameGenerator - Generating unique operation named: addUsingPOST_9
2019-06-05 14:44:59.023 [restartedMain] INFO  s.d.s.w.r.operation.CachingOperationNameGenerator - Generating unique operation named: deleteUsingPOST_9
2019-06-05 14:44:59.025 [restartedMain] INFO  s.d.s.w.r.operation.CachingOperationNameGenerator - Generating unique operation named: getAddressListByUserGuidUsingPOST_1
2019-06-05 14:44:59.026 [restartedMain] INFO  s.d.s.w.r.operation.CachingOperationNameGenerator - Generating unique operation named: listDataUsingGET_9
2019-06-05 14:44:59.028 [restartedMain] INFO  s.d.s.w.r.operation.CachingOperationNameGenerator - Generating unique operation named: updateUsingPUT_10
2019-06-05 14:44:59.031 [restartedMain] INFO  s.d.s.w.r.operation.CachingOperationNameGenerator - Generating unique operation named: addUsingPOST_10
2019-06-05 14:44:59.033 [restartedMain] INFO  s.d.s.w.r.operation.CachingOperationNameGenerator - Generating unique operation named: checkGoodsUsingPOST_1
2019-06-05 14:44:59.036 [restartedMain] INFO  s.d.s.w.r.operation.CachingOperationNameGenerator - Generating unique operation named: deleteUsingPOST_10
2019-06-05 14:44:59.037 [restartedMain] INFO  s.d.s.w.r.operation.CachingOperationNameGenerator - Generating unique operation named: getTypeNameByGuidUsingGET_1
2019-06-05 14:44:59.039 [restartedMain] INFO  s.d.s.w.r.operation.CachingOperationNameGenerator - Generating unique operation named: goodsDownShelfUsingPOST_1
2019-06-05 14:44:59.041 [restartedMain] INFO  s.d.s.w.r.operation.CachingOperationNameGenerator - Generating unique operation named: goodsUpShelfUsingPOST_1
2019-06-05 14:44:59.044 [restartedMain] INFO  s.d.s.w.r.operation.CachingOperationNameGenerator - Generating unique operation named: listDataUsingGET_10
2019-06-05 14:44:59.046 [restartedMain] INFO  s.d.s.w.r.operation.CachingOperationNameGenerator - Generating unique operation named: updateUsingPUT_11
2019-06-05 14:44:59.050 [restartedMain] INFO  s.d.s.w.r.operation.CachingOperationNameGenerator - Generating unique operation named: addUsingPOST_11
2019-06-05 14:44:59.053 [restartedMain] INFO  s.d.s.w.r.operation.CachingOperationNameGenerator - Generating unique operation named: checkDeptUsingPOST_2
2019-06-05 14:44:59.056 [restartedMain] INFO  s.d.s.w.r.operation.CachingOperationNameGenerator - Generating unique operation named: deleteUsingPOST_11
2019-06-05 14:44:59.059 [restartedMain] INFO  s.d.s.w.r.operation.CachingOperationNameGenerator - Generating unique operation named: getByGoodsTypeCodeUsingGET_1
2019-06-05 14:44:59.060 [restartedMain] INFO  s.d.s.w.r.operation.CachingOperationNameGenerator - Generating unique operation named: getGoodsTypeTreesUsingPOST_1
2019-06-05 14:44:59.062 [restartedMain] INFO  s.d.s.w.r.operation.CachingOperationNameGenerator - Generating unique operation named: getHosGoodsByPtypeCoedUsingPOST_1
2019-06-05 14:44:59.064 [restartedMain] INFO  s.d.s.w.r.operation.CachingOperationNameGenerator - Generating unique operation named: getTopGoodsTypeUsingPOST_1
2019-06-05 14:44:59.066 [restartedMain] INFO  s.d.s.w.r.operation.CachingOperationNameGenerator - Generating unique operation named: listDataUsingGET_11
2019-06-05 14:44:59.069 [restartedMain] INFO  s.d.s.w.r.operation.CachingOperationNameGenerator - Generating unique operation named: updateUsingPUT_12
2019-06-05 14:44:59.073 [restartedMain] INFO  s.d.s.w.r.operation.CachingOperationNameGenerator - Generating unique operation named: addUsingPOST_12
2019-06-05 14:44:59.075 [restartedMain] INFO  s.d.s.w.r.operation.CachingOperationNameGenerator - Generating unique operation named: deleteUsingPOST_12
2019-06-05 14:44:59.076 [restartedMain] INFO  s.d.s.w.r.operation.CachingOperationNameGenerator - Generating unique operation named: exportExcelUsingGET_1
2019-06-05 14:44:59.078 [restartedMain] INFO  s.d.s.w.r.operation.CachingOperationNameGenerator - Generating unique operation named: getOrderListByUserGuidUsingPOST_1
2019-06-05 14:44:59.080 [restartedMain] INFO  s.d.s.w.r.operation.CachingOperationNameGenerator - Generating unique operation named: listDataUsingGET_12
2019-06-05 14:44:59.081 [restartedMain] INFO  s.d.s.w.r.operation.CachingOperationNameGenerator - Generating unique operation named: queryByOrderNumberUsingPOST_1
2019-06-05 14:44:59.083 [restartedMain] INFO  s.d.s.w.r.operation.CachingOperationNameGenerator - Generating unique operation named: updateUsingPUT_13
2019-06-05 14:44:59.086 [restartedMain] INFO  s.d.s.w.r.operation.CachingOperationNameGenerator - Generating unique operation named: addUsingPOST_13
2019-06-05 14:44:59.088 [restartedMain] INFO  s.d.s.w.r.operation.CachingOperationNameGenerator - Generating unique operation named: deleteUsingPOST_13
2019-06-05 14:44:59.089 [restartedMain] INFO  s.d.s.w.r.operation.CachingOperationNameGenerator - Generating unique operation named: listDataUsingGET_13
2019-06-05 14:44:59.091 [restartedMain] INFO  s.d.s.w.r.operation.CachingOperationNameGenerator - Generating unique operation named: updateUsingPUT_14
2019-06-05 14:44:59.093 [restartedMain] INFO  s.d.s.w.r.operation.CachingOperationNameGenerator - Generating unique operation named: addUsingPOST_14
2019-06-05 14:44:59.096 [restartedMain] INFO  s.d.s.w.r.operation.CachingOperationNameGenerator - Generating unique operation named: deleteUsingPOST_14
2019-06-05 14:44:59.099 [restartedMain] INFO  s.d.s.w.r.operation.CachingOperationNameGenerator - Generating unique operation named: getUserByOpenidUsingGET_1
2019-06-05 14:44:59.101 [restartedMain] INFO  s.d.s.w.r.operation.CachingOperationNameGenerator - Generating unique operation named: listDataUsingGET_14
2019-06-05 14:44:59.105 [restartedMain] INFO  s.d.s.w.r.operation.CachingOperationNameGenerator - Generating unique operation named: updateUsingPUT_15
2019-06-05 14:44:59.137 [restartedMain] INFO  org.apache.coyote.http11.Http11NioProtocol - Starting ProtocolHandler ["http-nio-9090"]
2019-06-05 14:44:59.184 [restartedMain] INFO  o.s.boot.web.embedded.tomcat.TomcatWebServer - Tomcat started on port(s): 9090 (http) with context path ''
2019-06-05 14:44:59.188 [restartedMain] INFO  com.basic.javaframe.DemoApplication - Started DemoApplication in 9.931 seconds (JVM running for 11.098)
2019-06-05 14:45:53.332 [restartedMain] INFO  com.basic.javaframe.DemoApplication - Starting DemoApplication on CY0GKUO5SUFLLJ6 with PID 11000 (started by Administrator in E:\zhangwenhua\work\git\HosOrder\zjgerst\代码\hos)
2019-06-05 14:45:53.337 [restartedMain] INFO  com.basic.javaframe.DemoApplication - The following profiles are active: dev
2019-06-05 14:45:53.445 [restartedMain] INFO  o.s.b.d.env.DevToolsPropertyDefaultsPostProcessor - Devtools property defaults active! Set 'spring.devtools.add-properties' to 'false' to disable
2019-06-05 14:45:53.445 [restartedMain] INFO  o.s.b.d.env.DevToolsPropertyDefaultsPostProcessor - For additional web related logging consider setting the 'logging.level.web' property to 'DEBUG'
2019-06-05 14:45:55.567 [restartedMain] INFO  o.s.d.r.config.RepositoryConfigurationDelegate - Multiple Spring Data modules found, entering strict repository configuration mode!
2019-06-05 14:45:55.572 [restartedMain] INFO  o.s.d.r.config.RepositoryConfigurationDelegate - Bootstrapping Spring Data repositories in DEFAULT mode.
2019-06-05 14:45:55.672 [restartedMain] INFO  o.s.d.r.config.RepositoryConfigurationDelegate - Finished Spring Data repository scanning in 80ms. Found 0 repository interfaces.
2019-06-05 14:45:56.336 [restartedMain] INFO  o.s.c.s.PostProcessorRegistrationDelegate$BeanPostProcessorChecker - Bean 'org.springframework.transaction.annotation.ProxyTransactionManagementConfiguration' of type [org.springframework.transaction.annotation.ProxyTransactionManagementConfiguration$$EnhancerBySpringCGLIB$$46ff8fb8] is not eligible for getting processed by all BeanPostProcessors (for example: not eligible for auto-proxying)
2019-06-05 14:45:57.255 [restartedMain] INFO  o.s.boot.web.embedded.tomcat.TomcatWebServer - Tomcat initialized with port(s): 9090 (http)
2019-06-05 14:45:57.284 [restartedMain] INFO  org.apache.coyote.http11.Http11NioProtocol - Initializing ProtocolHandler ["http-nio-9090"]
2019-06-05 14:45:57.304 [restartedMain] INFO  org.apache.catalina.core.StandardService - Starting service [Tomcat]
2019-06-05 14:45:57.305 [restartedMain] INFO  org.apache.catalina.core.StandardEngine - Starting Servlet engine: [Apache Tomcat/9.0.16]
2019-06-05 14:45:57.321 [restartedMain] INFO  org.apache.catalina.core.AprLifecycleListener - The APR based Apache Tomcat Native library which allows optimal performance in production environments was not found on the java.library.path: [C:\Program Files (x86)\Java\jdk1.8.0_60\bin;C:\Windows\Sun\Java\bin;C:\Windows\system32;C:\Windows;C:/Program Files (x86)/Java/jre1.8.0_60/bin/client;C:/Program Files (x86)/Java/jre1.8.0_60/bin;C:/Program Files (x86)/Java/jre1.8.0_60/lib/i386;C:\ProgramData\Oracle\Java\javapath;C:\Windows\system32;C:\Windows;C:\Windows\System32\Wbem;C:\Windows\System32\WindowsPowerShell\v1.0\;C:\Program Files (x86)\Java\jdk1.8.0_60\bin;C:\Program Files (x86)\Java\jdk1.8.0_60\jre\bin;C:\Program Files\TortoiseGit\bin;C:\Program Files\Git\cmd;C:\Program Files (x86)\MySQL\MySQL Server 5.5\bin;C:\Program Files\nodejs\;C:\Users\Administrator\AppData\Local\Microsoft\WindowsApps;C:\Users\Administrator\AppData\Roaming\npm;E:\zhangwenhua\eclipse\eclipse;;.]
2019-06-05 14:45:57.551 [restartedMain] INFO  o.a.c.core.ContainerBase.[Tomcat].[localhost].[/] - Initializing Spring embedded WebApplicationContext
2019-06-05 14:45:57.551 [restartedMain] INFO  org.springframework.web.context.ContextLoader - Root WebApplicationContext: initialization completed in 4106 ms
2019-06-05 14:46:00.030 [restartedMain] INFO  o.s.scheduling.concurrent.ThreadPoolTaskExecutor - Initializing ExecutorService 'applicationTaskExecutor'
2019-06-05 14:46:00.074 [restartedMain] INFO  o.s.b.d.autoconfigure.OptionalLiveReloadServer - LiveReload server is running on port 35729
2019-06-05 14:46:00.742 [restartedMain] INFO  s.d.s.web.plugins.DocumentationPluginsBootstrapper - Context refreshed
2019-06-05 14:46:00.787 [restartedMain] INFO  s.d.s.web.plugins.DocumentationPluginsBootstrapper - Found 1 custom documentation plugin(s)
2019-06-05 14:46:00.805 [restartedMain] INFO  s.d.spring.web.scanners.ApiListingReferenceScanner - Scanning for api listing references
2019-06-05 14:46:01.363 [restartedMain] INFO  s.d.s.w.r.operation.CachingOperationNameGenerator - Generating unique operation named: addDeptUsingPOST_1
2019-06-05 14:46:01.375 [restartedMain] INFO  s.d.s.w.r.operation.CachingOperationNameGenerator - Generating unique operation named: deleteDeptUsingPOST_1
2019-06-05 14:46:01.383 [restartedMain] INFO  s.d.s.w.r.operation.CachingOperationNameGenerator - Generating unique operation named: getDeptUsingGET_1
2019-06-05 14:46:01.390 [restartedMain] INFO  s.d.s.w.r.operation.CachingOperationNameGenerator - Generating unique operation named: updateDeptUsingPUT_1
2019-06-05 14:46:01.429 [restartedMain] INFO  s.d.s.w.r.operation.CachingOperationNameGenerator - Generating unique operation named: selectFrameRoleByNameUsingPOST_1
2019-06-05 14:46:01.519 [restartedMain] INFO  s.d.s.w.r.operation.CachingOperationNameGenerator - Generating unique operation named: updateUsingPUT_1
2019-06-05 14:46:01.533 [restartedMain] INFO  s.d.s.w.r.operation.CachingOperationNameGenerator - Generating unique operation named: addUsingPOST_1
2019-06-05 14:46:01.535 [restartedMain] INFO  s.d.s.w.r.operation.CachingOperationNameGenerator - Generating unique operation named: deleteUsingPOST_1
2019-06-05 14:46:01.538 [restartedMain] INFO  s.d.s.w.r.operation.CachingOperationNameGenerator - Generating unique operation named: listDataUsingGET_1
2019-06-05 14:46:01.542 [restartedMain] INFO  s.d.s.w.r.operation.CachingOperationNameGenerator - Generating unique operation named: updateUsingPUT_2
2019-06-05 14:46:01.549 [restartedMain] INFO  s.d.s.w.r.operation.CachingOperationNameGenerator - Generating unique operation named: addUsingPOST_2
2019-06-05 14:46:01.554 [restartedMain] INFO  s.d.s.w.r.operation.CachingOperationNameGenerator - Generating unique operation named: deleteUsingPOST_2
2019-06-05 14:46:01.566 [restartedMain] INFO  s.d.s.w.r.operation.CachingOperationNameGenerator - Generating unique operation named: listDataUsingGET_2
2019-06-05 14:46:01.569 [restartedMain] INFO  s.d.s.w.r.operation.CachingOperationNameGenerator - Generating unique operation named: updateUsingPUT_3
2019-06-05 14:46:01.574 [restartedMain] INFO  s.d.s.w.r.operation.CachingOperationNameGenerator - Generating unique operation named: addUsingPOST_3
2019-06-05 14:46:01.578 [restartedMain] INFO  s.d.s.w.r.operation.CachingOperationNameGenerator - Generating unique operation named: checkDeptUsingPOST_1
2019-06-05 14:46:01.582 [restartedMain] INFO  s.d.s.w.r.operation.CachingOperationNameGenerator - Generating unique operation named: deleteUsingPOST_3
2019-06-05 14:46:01.598 [restartedMain] INFO  s.d.s.w.r.operation.CachingOperationNameGenerator - Generating unique operation named: listDataUsingGET_3
2019-06-05 14:46:01.604 [restartedMain] INFO  s.d.s.w.r.operation.CachingOperationNameGenerator - Generating unique operation named: updateUsingPUT_4
2019-06-05 14:46:01.617 [restartedMain] INFO  s.d.s.w.r.operation.CachingOperationNameGenerator - Generating unique operation named: addUsingPOST_4
2019-06-05 14:46:01.621 [restartedMain] INFO  s.d.s.w.r.operation.CachingOperationNameGenerator - Generating unique operation named: deleteUsingPOST_4
2019-06-05 14:46:01.630 [restartedMain] INFO  s.d.s.w.r.operation.CachingOperationNameGenerator - Generating unique operation named: listDataUsingGET_4
2019-06-05 14:46:01.644 [restartedMain] INFO  s.d.s.w.r.operation.CachingOperationNameGenerator - Generating unique operation named: updateUsingPUT_5
2019-06-05 14:46:01.653 [restartedMain] INFO  s.d.s.w.r.operation.CachingOperationNameGenerator - Generating unique operation named: addUsingPOST_5
2019-06-05 14:46:01.655 [restartedMain] INFO  s.d.s.w.r.operation.CachingOperationNameGenerator - Generating unique operation named: deleteUsingPOST_5
2019-06-05 14:46:01.658 [restartedMain] INFO  s.d.s.w.r.operation.CachingOperationNameGenerator - Generating unique operation named: listDataUsingGET_5
2019-06-05 14:46:01.660 [restartedMain] INFO  s.d.s.w.r.operation.CachingOperationNameGenerator - Generating unique operation named: updateUsingPUT_6
2019-06-05 14:46:01.667 [restartedMain] INFO  s.d.s.w.r.operation.CachingOperationNameGenerator - Generating unique operation named: addUsingPOST_6
2019-06-05 14:46:01.676 [restartedMain] INFO  s.d.s.w.r.operation.CachingOperationNameGenerator - Generating unique operation named: deleteUsingPOST_6
2019-06-05 14:46:01.684 [restartedMain] INFO  s.d.s.w.r.operation.CachingOperationNameGenerator - Generating unique operation named: listDataUsingGET_6
2019-06-05 14:46:01.687 [restartedMain] INFO  s.d.s.w.r.operation.CachingOperationNameGenerator - Generating unique operation named: updateUsingPUT_7
2019-06-05 14:46:01.694 [restartedMain] INFO  s.d.s.w.r.operation.CachingOperationNameGenerator - Generating unique operation named: addUsingPOST_7
2019-06-05 14:46:01.698 [restartedMain] INFO  s.d.s.w.r.operation.CachingOperationNameGenerator - Generating unique operation named: deleteUsingPOST_7
2019-06-05 14:46:01.706 [restartedMain] INFO  s.d.s.w.r.operation.CachingOperationNameGenerator - Generating unique operation named: getdeptTreesUsingPOST_1
2019-06-05 14:46:01.708 [restartedMain] INFO  s.d.s.w.r.operation.CachingOperationNameGenerator - Generating unique operation named: listDataUsingGET_7
2019-06-05 14:46:01.711 [restartedMain] INFO  s.d.s.w.r.operation.CachingOperationNameGenerator - Generating unique operation named: updateUsingPUT_8
2019-06-05 14:46:01.721 [restartedMain] INFO  s.d.s.w.r.operation.CachingOperationNameGenerator - Generating unique operation named: addUsingPOST_8
2019-06-05 14:46:01.729 [restartedMain] INFO  s.d.s.w.r.operation.CachingOperationNameGenerator - Generating unique operation named: auditFailInfoUsingPOST_1
2019-06-05 14:46:01.735 [restartedMain] INFO  s.d.s.w.r.operation.CachingOperationNameGenerator - Generating unique operation named: deleteUsingPOST_8
2019-06-05 14:46:01.744 [restartedMain] INFO  s.d.s.w.r.operation.CachingOperationNameGenerator - Generating unique operation named: listDataUsingGET_8
2019-06-05 14:46:01.756 [restartedMain] INFO  s.d.s.w.r.operation.CachingOperationNameGenerator - Generating unique operation named: updateUsingPUT_9
2019-06-05 14:46:01.790 [restartedMain] INFO  s.d.s.w.r.operation.CachingOperationNameGenerator - Generating unique operation named: addUsingPOST_9
2019-06-05 14:46:01.792 [restartedMain] INFO  s.d.s.w.r.operation.CachingOperationNameGenerator - Generating unique operation named: deleteUsingPOST_9
2019-06-05 14:46:01.795 [restartedMain] INFO  s.d.s.w.r.operation.CachingOperationNameGenerator - Generating unique operation named: getAddressListByUserGuidUsingPOST_1
2019-06-05 14:46:01.798 [restartedMain] INFO  s.d.s.w.r.operation.CachingOperationNameGenerator - Generating unique operation named: listDataUsingGET_9
2019-06-05 14:46:01.801 [restartedMain] INFO  s.d.s.w.r.operation.CachingOperationNameGenerator - Generating unique operation named: updateUsingPUT_10
2019-06-05 14:46:01.806 [restartedMain] INFO  s.d.s.w.r.operation.CachingOperationNameGenerator - Generating unique operation named: addUsingPOST_10
2019-06-05 14:46:01.810 [restartedMain] INFO  s.d.s.w.r.operation.CachingOperationNameGenerator - Generating unique operation named: checkGoodsUsingPOST_1
2019-06-05 14:46:01.812 [restartedMain] INFO  s.d.s.w.r.operation.CachingOperationNameGenerator - Generating unique operation named: deleteUsingPOST_10
2019-06-05 14:46:01.815 [restartedMain] INFO  s.d.s.w.r.operation.CachingOperationNameGenerator - Generating unique operation named: getTypeNameByGuidUsingGET_1
2019-06-05 14:46:01.817 [restartedMain] INFO  s.d.s.w.r.operation.CachingOperationNameGenerator - Generating unique operation named: goodsDownShelfUsingPOST_1
2019-06-05 14:46:01.820 [restartedMain] INFO  s.d.s.w.r.operation.CachingOperationNameGenerator - Generating unique operation named: goodsUpShelfUsingPOST_1
2019-06-05 14:46:01.823 [restartedMain] INFO  s.d.s.w.r.operation.CachingOperationNameGenerator - Generating unique operation named: listDataUsingGET_10
2019-06-05 14:46:01.826 [restartedMain] INFO  s.d.s.w.r.operation.CachingOperationNameGenerator - Generating unique operation named: updateUsingPUT_11
2019-06-05 14:46:01.831 [restartedMain] INFO  s.d.s.w.r.operation.CachingOperationNameGenerator - Generating unique operation named: addUsingPOST_11
2019-06-05 14:46:01.834 [restartedMain] INFO  s.d.s.w.r.operation.CachingOperationNameGenerator - Generating unique operation named: checkDeptUsingPOST_2
2019-06-05 14:46:01.837 [restartedMain] INFO  s.d.s.w.r.operation.CachingOperationNameGenerator - Generating unique operation named: deleteUsingPOST_11
2019-06-05 14:46:01.839 [restartedMain] INFO  s.d.s.w.r.operation.CachingOperationNameGenerator - Generating unique operation named: getByGoodsTypeCodeUsingGET_1
2019-06-05 14:46:01.841 [restartedMain] INFO  s.d.s.w.r.operation.CachingOperationNameGenerator - Generating unique operation named: getGoodsTypeTreesUsingPOST_1
2019-06-05 14:46:01.844 [restartedMain] INFO  s.d.s.w.r.operation.CachingOperationNameGenerator - Generating unique operation named: getHosGoodsByPtypeCoedUsingPOST_1
2019-06-05 14:46:01.847 [restartedMain] INFO  s.d.s.w.r.operation.CachingOperationNameGenerator - Generating unique operation named: getTopGoodsTypeUsingPOST_1
2019-06-05 14:46:01.850 [restartedMain] INFO  s.d.s.w.r.operation.CachingOperationNameGenerator - Generating unique operation named: listDataUsingGET_11
2019-06-05 14:46:01.852 [restartedMain] INFO  s.d.s.w.r.operation.CachingOperationNameGenerator - Generating unique operation named: updateUsingPUT_12
2019-06-05 14:46:01.861 [restartedMain] INFO  s.d.s.w.r.operation.CachingOperationNameGenerator - Generating unique operation named: addUsingPOST_12
2019-06-05 14:46:01.864 [restartedMain] INFO  s.d.s.w.r.operation.CachingOperationNameGenerator - Generating unique operation named: deleteUsingPOST_12
2019-06-05 14:46:01.866 [restartedMain] INFO  s.d.s.w.r.operation.CachingOperationNameGenerator - Generating unique operation named: exportExcelUsingGET_1
2019-06-05 14:46:01.869 [restartedMain] INFO  s.d.s.w.r.operation.CachingOperationNameGenerator - Generating unique operation named: getOrderListByUserGuidUsingPOST_1
2019-06-05 14:46:01.871 [restartedMain] INFO  s.d.s.w.r.operation.CachingOperationNameGenerator - Generating unique operation named: listDataUsingGET_12
2019-06-05 14:46:01.874 [restartedMain] INFO  s.d.s.w.r.operation.CachingOperationNameGenerator - Generating unique operation named: queryByOrderNumberUsingPOST_1
2019-06-05 14:46:01.876 [restartedMain] INFO  s.d.s.w.r.operation.CachingOperationNameGenerator - Generating unique operation named: updateUsingPUT_13
2019-06-05 14:46:01.879 [restartedMain] INFO  s.d.s.w.r.operation.CachingOperationNameGenerator - Generating unique operation named: addUsingPOST_13
2019-06-05 14:46:01.882 [restartedMain] INFO  s.d.s.w.r.operation.CachingOperationNameGenerator - Generating unique operation named: deleteUsingPOST_13
2019-06-05 14:46:01.884 [restartedMain] INFO  s.d.s.w.r.operation.CachingOperationNameGenerator - Generating unique operation named: listDataUsingGET_13
2019-06-05 14:46:01.887 [restartedMain] INFO  s.d.s.w.r.operation.CachingOperationNameGenerator - Generating unique operation named: updateUsingPUT_14
2019-06-05 14:46:01.890 [restartedMain] INFO  s.d.s.w.r.operation.CachingOperationNameGenerator - Generating unique operation named: addUsingPOST_14
2019-06-05 14:46:01.893 [restartedMain] INFO  s.d.s.w.r.operation.CachingOperationNameGenerator - Generating unique operation named: deleteUsingPOST_14
2019-06-05 14:46:01.902 [restartedMain] INFO  s.d.s.w.r.operation.CachingOperationNameGenerator - Generating unique operation named: getUserByOpenidUsingGET_1
2019-06-05 14:46:01.905 [restartedMain] INFO  s.d.s.w.r.operation.CachingOperationNameGenerator - Generating unique operation named: listDataUsingGET_14
2019-06-05 14:46:01.908 [restartedMain] INFO  s.d.s.w.r.operation.CachingOperationNameGenerator - Generating unique operation named: updateUsingPUT_15
2019-06-05 14:46:01.945 [restartedMain] INFO  org.apache.coyote.http11.Http11NioProtocol - Starting ProtocolHandler ["http-nio-9090"]
2019-06-05 14:46:01.980 [restartedMain] INFO  o.s.boot.web.embedded.tomcat.TomcatWebServer - Tomcat started on port(s): 9090 (http) with context path ''
2019-06-05 14:46:01.984 [restartedMain] INFO  com.basic.javaframe.DemoApplication - Started DemoApplication in 9.402 seconds (JVM running for 10.279)
2019-06-05 14:46:15.990 [http-nio-9090-exec-1] INFO  o.a.c.core.ContainerBase.[Tomcat].[localhost].[/] - Initializing Spring DispatcherServlet 'dispatcherServlet'
2019-06-05 14:46:15.991 [http-nio-9090-exec-1] INFO  org.springframework.web.servlet.DispatcherServlet - Initializing Servlet 'dispatcherServlet'
2019-06-05 14:46:16.003 [http-nio-9090-exec-1] INFO  org.springframework.web.servlet.DispatcherServlet - Completed initialization in 12 ms
2019-06-05 14:47:45.643 [http-nio-9090-exec-4] INFO  com.alibaba.druid.pool.DruidDataSource - {dataSource-1} inited
2019-06-05 15:31:10.358 [restartedMain] INFO  com.basic.javaframe.DemoApplication - Starting DemoApplication on CY0GKUO5SUFLLJ6 with PID 12540 (started by Administrator in E:\zhangwenhua\work\git\HosOrder\zjgerst\代码\hos)
2019-06-05 15:31:10.362 [restartedMain] INFO  com.basic.javaframe.DemoApplication - The following profiles are active: test
2019-06-05 15:31:10.483 [restartedMain] INFO  o.s.b.d.env.DevToolsPropertyDefaultsPostProcessor - Devtools property defaults active! Set 'spring.devtools.add-properties' to 'false' to disable
2019-06-05 15:31:10.483 [restartedMain] INFO  o.s.b.d.env.DevToolsPropertyDefaultsPostProcessor - For additional web related logging consider setting the 'logging.level.web' property to 'DEBUG'
2019-06-05 15:31:12.635 [restartedMain] INFO  o.s.d.r.config.RepositoryConfigurationDelegate - Multiple Spring Data modules found, entering strict repository configuration mode!
2019-06-05 15:31:12.642 [restartedMain] INFO  o.s.d.r.config.RepositoryConfigurationDelegate - Bootstrapping Spring Data repositories in DEFAULT mode.
2019-06-05 15:31:12.749 [restartedMain] INFO  o.s.d.r.config.RepositoryConfigurationDelegate - Finished Spring Data repository scanning in 83ms. Found 0 repository interfaces.
2019-06-05 15:31:13.452 [restartedMain] INFO  o.s.c.s.PostProcessorRegistrationDelegate$BeanPostProcessorChecker - Bean 'org.springframework.transaction.annotation.ProxyTransactionManagementConfiguration' of type [org.springframework.transaction.annotation.ProxyTransactionManagementConfiguration$$EnhancerBySpringCGLIB$$d0899859] is not eligible for getting processed by all BeanPostProcessors (for example: not eligible for auto-proxying)
2019-06-05 15:31:14.248 [restartedMain] INFO  o.s.boot.web.embedded.tomcat.TomcatWebServer - Tomcat initialized with port(s): 9090 (http)
2019-06-05 15:31:14.271 [restartedMain] INFO  org.apache.coyote.http11.Http11NioProtocol - Initializing ProtocolHandler ["http-nio-9090"]
2019-06-05 15:31:14.287 [restartedMain] INFO  org.apache.catalina.core.StandardService - Starting service [Tomcat]
2019-06-05 15:31:14.288 [restartedMain] INFO  org.apache.catalina.core.StandardEngine - Starting Servlet engine: [Apache Tomcat/9.0.16]
2019-06-05 15:31:14.306 [restartedMain] INFO  org.apache.catalina.core.AprLifecycleListener - The APR based Apache Tomcat Native library which allows optimal performance in production environments was not found on the java.library.path: [C:\Program Files (x86)\Java\jdk1.8.0_60\bin;C:\Windows\Sun\Java\bin;C:\Windows\system32;C:\Windows;C:/Program Files (x86)/Java/jre1.8.0_60/bin/client;C:/Program Files (x86)/Java/jre1.8.0_60/bin;C:/Program Files (x86)/Java/jre1.8.0_60/lib/i386;C:\ProgramData\Oracle\Java\javapath;C:\Windows\system32;C:\Windows;C:\Windows\System32\Wbem;C:\Windows\System32\WindowsPowerShell\v1.0\;C:\Program Files (x86)\Java\jdk1.8.0_60\bin;C:\Program Files (x86)\Java\jdk1.8.0_60\jre\bin;C:\Program Files\TortoiseGit\bin;C:\Program Files\Git\cmd;C:\Program Files (x86)\MySQL\MySQL Server 5.5\bin;C:\Program Files\nodejs\;C:\Users\Administrator\AppData\Local\Microsoft\WindowsApps;C:\Users\Administrator\AppData\Roaming\npm;E:\zhangwenhua\eclipse\eclipse;;.]
2019-06-05 15:31:14.532 [restartedMain] INFO  o.a.c.core.ContainerBase.[Tomcat].[localhost].[/] - Initializing Spring embedded WebApplicationContext
2019-06-05 15:31:14.532 [restartedMain] INFO  org.springframework.web.context.ContextLoader - Root WebApplicationContext: initialization completed in 4049 ms
2019-06-05 15:31:16.793 [restartedMain] INFO  o.s.scheduling.concurrent.ThreadPoolTaskExecutor - Initializing ExecutorService 'applicationTaskExecutor'
2019-06-05 15:31:16.831 [restartedMain] INFO  o.s.b.d.autoconfigure.OptionalLiveReloadServer - LiveReload server is running on port 35729
2019-06-05 15:31:17.440 [restartedMain] INFO  s.d.s.web.plugins.DocumentationPluginsBootstrapper - Context refreshed
2019-06-05 15:31:17.467 [restartedMain] INFO  s.d.s.web.plugins.DocumentationPluginsBootstrapper - Found 1 custom documentation plugin(s)
2019-06-05 15:31:17.485 [restartedMain] INFO  s.d.spring.web.scanners.ApiListingReferenceScanner - Scanning for api listing references
2019-06-05 15:31:17.964 [restartedMain] INFO  s.d.s.w.r.operation.CachingOperationNameGenerator - Generating unique operation named: addDeptUsingPOST_1
2019-06-05 15:31:17.976 [restartedMain] INFO  s.d.s.w.r.operation.CachingOperationNameGenerator - Generating unique operation named: deleteDeptUsingPOST_1
2019-06-05 15:31:17.984 [restartedMain] INFO  s.d.s.w.r.operation.CachingOperationNameGenerator - Generating unique operation named: getDeptUsingGET_1
2019-06-05 15:31:17.995 [restartedMain] INFO  s.d.s.w.r.operation.CachingOperationNameGenerator - Generating unique operation named: updateDeptUsingPUT_1
2019-06-05 15:31:18.062 [restartedMain] INFO  s.d.s.w.r.operation.CachingOperationNameGenerator - Generating unique operation named: selectFrameRoleByNameUsingPOST_1
2019-06-05 15:31:18.147 [restartedMain] INFO  s.d.s.w.r.operation.CachingOperationNameGenerator - Generating unique operation named: updateUsingPUT_1
2019-06-05 15:31:18.161 [restartedMain] INFO  s.d.s.w.r.operation.CachingOperationNameGenerator - Generating unique operation named: addUsingPOST_1
2019-06-05 15:31:18.163 [restartedMain] INFO  s.d.s.w.r.operation.CachingOperationNameGenerator - Generating unique operation named: deleteUsingPOST_1
2019-06-05 15:31:18.167 [restartedMain] INFO  s.d.s.w.r.operation.CachingOperationNameGenerator - Generating unique operation named: listDataUsingGET_1
2019-06-05 15:31:18.169 [restartedMain] INFO  s.d.s.w.r.operation.CachingOperationNameGenerator - Generating unique operation named: updateUsingPUT_2
2019-06-05 15:31:18.183 [restartedMain] INFO  s.d.s.w.r.operation.CachingOperationNameGenerator - Generating unique operation named: addUsingPOST_2
2019-06-05 15:31:18.187 [restartedMain] INFO  s.d.s.w.r.operation.CachingOperationNameGenerator - Generating unique operation named: deleteUsingPOST_2
2019-06-05 15:31:18.199 [restartedMain] INFO  s.d.s.w.r.operation.CachingOperationNameGenerator - Generating unique operation named: listDataUsingGET_2
2019-06-05 15:31:18.202 [restartedMain] INFO  s.d.s.w.r.operation.CachingOperationNameGenerator - Generating unique operation named: updateUsingPUT_3
2019-06-05 15:31:18.208 [restartedMain] INFO  s.d.s.w.r.operation.CachingOperationNameGenerator - Generating unique operation named: addUsingPOST_3
2019-06-05 15:31:18.211 [restartedMain] INFO  s.d.s.w.r.operation.CachingOperationNameGenerator - Generating unique operation named: checkDeptUsingPOST_1
2019-06-05 15:31:18.214 [restartedMain] INFO  s.d.s.w.r.operation.CachingOperationNameGenerator - Generating unique operation named: deleteUsingPOST_3
2019-06-05 15:31:18.232 [restartedMain] INFO  s.d.s.w.r.operation.CachingOperationNameGenerator - Generating unique operation named: listDataUsingGET_3
2019-06-05 15:31:18.236 [restartedMain] INFO  s.d.s.w.r.operation.CachingOperationNameGenerator - Generating unique operation named: updateUsingPUT_4
2019-06-05 15:31:18.250 [restartedMain] INFO  s.d.s.w.r.operation.CachingOperationNameGenerator - Generating unique operation named: addUsingPOST_4
2019-06-05 15:31:18.252 [restartedMain] INFO  s.d.s.w.r.operation.CachingOperationNameGenerator - Generating unique operation named: deleteUsingPOST_4
2019-06-05 15:31:18.265 [restartedMain] INFO  s.d.s.w.r.operation.CachingOperationNameGenerator - Generating unique operation named: listDataUsingGET_4
2019-06-05 15:31:18.279 [restartedMain] INFO  s.d.s.w.r.operation.CachingOperationNameGenerator - Generating unique operation named: updateUsingPUT_5
2019-06-05 15:31:18.286 [restartedMain] INFO  s.d.s.w.r.operation.CachingOperationNameGenerator - Generating unique operation named: addUsingPOST_5
2019-06-05 15:31:18.288 [restartedMain] INFO  s.d.s.w.r.operation.CachingOperationNameGenerator - Generating unique operation named: deleteUsingPOST_5
2019-06-05 15:31:18.292 [restartedMain] INFO  s.d.s.w.r.operation.CachingOperationNameGenerator - Generating unique operation named: listDataUsingGET_5
2019-06-05 15:31:18.295 [restartedMain] INFO  s.d.s.w.r.operation.CachingOperationNameGenerator - Generating unique operation named: updateUsingPUT_6
2019-06-05 15:31:18.302 [restartedMain] INFO  s.d.s.w.r.operation.CachingOperationNameGenerator - Generating unique operation named: addUsingPOST_6
2019-06-05 15:31:18.305 [restartedMain] INFO  s.d.s.w.r.operation.CachingOperationNameGenerator - Generating unique operation named: deleteUsingPOST_6
2019-06-05 15:31:18.314 [restartedMain] INFO  s.d.s.w.r.operation.CachingOperationNameGenerator - Generating unique operation named: listDataUsingGET_6
2019-06-05 15:31:18.318 [restartedMain] INFO  s.d.s.w.r.operation.CachingOperationNameGenerator - Generating unique operation named: updateUsingPUT_7
2019-06-05 15:31:18.328 [restartedMain] INFO  s.d.s.w.r.operation.CachingOperationNameGenerator - Generating unique operation named: addUsingPOST_7
2019-06-05 15:31:18.331 [restartedMain] INFO  s.d.s.w.r.operation.CachingOperationNameGenerator - Generating unique operation named: deleteUsingPOST_7
2019-06-05 15:31:18.339 [restartedMain] INFO  s.d.s.w.r.operation.CachingOperationNameGenerator - Generating unique operation named: getdeptTreesUsingPOST_1
2019-06-05 15:31:18.346 [restartedMain] INFO  s.d.s.w.r.operation.CachingOperationNameGenerator - Generating unique operation named: listDataUsingGET_7
2019-06-05 15:31:18.348 [restartedMain] INFO  s.d.s.w.r.operation.CachingOperationNameGenerator - Generating unique operation named: updateUsingPUT_8
2019-06-05 15:31:18.361 [restartedMain] INFO  s.d.s.w.r.operation.CachingOperationNameGenerator - Generating unique operation named: addUsingPOST_8
2019-06-05 15:31:18.376 [restartedMain] INFO  s.d.s.w.r.operation.CachingOperationNameGenerator - Generating unique operation named: auditFailInfoUsingPOST_1
2019-06-05 15:31:18.382 [restartedMain] INFO  s.d.s.w.r.operation.CachingOperationNameGenerator - Generating unique operation named: deleteUsingPOST_8
2019-06-05 15:31:18.389 [restartedMain] INFO  s.d.s.w.r.operation.CachingOperationNameGenerator - Generating unique operation named: listDataUsingGET_8
2019-06-05 15:31:18.399 [restartedMain] INFO  s.d.s.w.r.operation.CachingOperationNameGenerator - Generating unique operation named: updateUsingPUT_9
2019-06-05 15:31:18.425 [restartedMain] INFO  s.d.s.w.r.operation.CachingOperationNameGenerator - Generating unique operation named: addUsingPOST_9
2019-06-05 15:31:18.428 [restartedMain] INFO  s.d.s.w.r.operation.CachingOperationNameGenerator - Generating unique operation named: deleteUsingPOST_9
2019-06-05 15:31:18.430 [restartedMain] INFO  s.d.s.w.r.operation.CachingOperationNameGenerator - Generating unique operation named: getAddressListByUserGuidUsingPOST_1
2019-06-05 15:31:18.432 [restartedMain] INFO  s.d.s.w.r.operation.CachingOperationNameGenerator - Generating unique operation named: listDataUsingGET_9
2019-06-05 15:31:18.434 [restartedMain] INFO  s.d.s.w.r.operation.CachingOperationNameGenerator - Generating unique operation named: updateUsingPUT_10
2019-06-05 15:31:18.438 [restartedMain] INFO  s.d.s.w.r.operation.CachingOperationNameGenerator - Generating unique operation named: addUsingPOST_10
2019-06-05 15:31:18.442 [restartedMain] INFO  s.d.s.w.r.operation.CachingOperationNameGenerator - Generating unique operation named: checkGoodsUsingPOST_1
2019-06-05 15:31:18.446 [restartedMain] INFO  s.d.s.w.r.operation.CachingOperationNameGenerator - Generating unique operation named: deleteUsingPOST_10
2019-06-05 15:31:18.448 [restartedMain] INFO  s.d.s.w.r.operation.CachingOperationNameGenerator - Generating unique operation named: getTypeNameByGuidUsingGET_1
2019-06-05 15:31:18.451 [restartedMain] INFO  s.d.s.w.r.operation.CachingOperationNameGenerator - Generating unique operation named: goodsDownShelfUsingPOST_1
2019-06-05 15:31:18.453 [restartedMain] INFO  s.d.s.w.r.operation.CachingOperationNameGenerator - Generating unique operation named: goodsUpShelfUsingPOST_1
2019-06-05 15:31:18.455 [restartedMain] INFO  s.d.s.w.r.operation.CachingOperationNameGenerator - Generating unique operation named: listDataUsingGET_10
2019-06-05 15:31:18.460 [restartedMain] INFO  s.d.s.w.r.operation.CachingOperationNameGenerator - Generating unique operation named: updateUsingPUT_11
2019-06-05 15:31:18.466 [restartedMain] INFO  s.d.s.w.r.operation.CachingOperationNameGenerator - Generating unique operation named: addUsingPOST_11
2019-06-05 15:31:18.468 [restartedMain] INFO  s.d.s.w.r.operation.CachingOperationNameGenerator - Generating unique operation named: checkDeptUsingPOST_2
2019-06-05 15:31:18.471 [restartedMain] INFO  s.d.s.w.r.operation.CachingOperationNameGenerator - Generating unique operation named: deleteUsingPOST_11
2019-06-05 15:31:18.473 [restartedMain] INFO  s.d.s.w.r.operation.CachingOperationNameGenerator - Generating unique operation named: getByGoodsTypeCodeUsingGET_1
2019-06-05 15:31:18.476 [restartedMain] INFO  s.d.s.w.r.operation.CachingOperationNameGenerator - Generating unique operation named: getGoodsTypeTreesUsingPOST_1
2019-06-05 15:31:18.479 [restartedMain] INFO  s.d.s.w.r.operation.CachingOperationNameGenerator - Generating unique operation named: getHosGoodsByPtypeCoedUsingPOST_1
2019-06-05 15:31:18.481 [restartedMain] INFO  s.d.s.w.r.operation.CachingOperationNameGenerator - Generating unique operation named: getTopGoodsTypeUsingPOST_1
2019-06-05 15:31:18.483 [restartedMain] INFO  s.d.s.w.r.operation.CachingOperationNameGenerator - Generating unique operation named: listDataUsingGET_11
2019-06-05 15:31:18.485 [restartedMain] INFO  s.d.s.w.r.operation.CachingOperationNameGenerator - Generating unique operation named: updateUsingPUT_12
2019-06-05 15:31:18.489 [restartedMain] INFO  s.d.s.w.r.operation.CachingOperationNameGenerator - Generating unique operation named: addUsingPOST_12
2019-06-05 15:31:18.492 [restartedMain] INFO  s.d.s.w.r.operation.CachingOperationNameGenerator - Generating unique operation named: deleteUsingPOST_12
2019-06-05 15:31:18.497 [restartedMain] INFO  s.d.s.w.r.operation.CachingOperationNameGenerator - Generating unique operation named: exportExcelUsingGET_1
2019-06-05 15:31:18.500 [restartedMain] INFO  s.d.s.w.r.operation.CachingOperationNameGenerator - Generating unique operation named: getOrderListByUserGuidUsingPOST_1
2019-06-05 15:31:18.502 [restartedMain] INFO  s.d.s.w.r.operation.CachingOperationNameGenerator - Generating unique operation named: listDataUsingGET_12
2019-06-05 15:31:18.504 [restartedMain] INFO  s.d.s.w.r.operation.CachingOperationNameGenerator - Generating unique operation named: queryByOrderNumberUsingPOST_1
2019-06-05 15:31:18.509 [restartedMain] INFO  s.d.s.w.r.operation.CachingOperationNameGenerator - Generating unique operation named: updateUsingPUT_13
2019-06-05 15:31:18.513 [restartedMain] INFO  s.d.s.w.r.operation.CachingOperationNameGenerator - Generating unique operation named: addUsingPOST_13
2019-06-05 15:31:18.515 [restartedMain] INFO  s.d.s.w.r.operation.CachingOperationNameGenerator - Generating unique operation named: deleteUsingPOST_13
2019-06-05 15:31:18.517 [restartedMain] INFO  s.d.s.w.r.operation.CachingOperationNameGenerator - Generating unique operation named: listDataUsingGET_13
2019-06-05 15:31:18.519 [restartedMain] INFO  s.d.s.w.r.operation.CachingOperationNameGenerator - Generating unique operation named: updateUsingPUT_14
2019-06-05 15:31:18.522 [restartedMain] INFO  s.d.s.w.r.operation.CachingOperationNameGenerator - Generating unique operation named: addUsingPOST_14
2019-06-05 15:31:18.529 [restartedMain] INFO  s.d.s.w.r.operation.CachingOperationNameGenerator - Generating unique operation named: deleteUsingPOST_14
2019-06-05 15:31:18.541 [restartedMain] INFO  s.d.s.w.r.operation.CachingOperationNameGenerator - Generating unique operation named: getUserByOpenidUsingGET_1
2019-06-05 15:31:18.544 [restartedMain] INFO  s.d.s.w.r.operation.CachingOperationNameGenerator - Generating unique operation named: listDataUsingGET_14
2019-06-05 15:31:18.546 [restartedMain] INFO  s.d.s.w.r.operation.CachingOperationNameGenerator - Generating unique operation named: updateUsingPUT_15
2019-06-05 15:31:18.571 [restartedMain] INFO  org.apache.coyote.http11.Http11NioProtocol - Starting ProtocolHandler ["http-nio-9090"]
2019-06-05 15:31:18.612 [restartedMain] INFO  o.s.boot.web.embedded.tomcat.TomcatWebServer - Tomcat started on port(s): 9090 (http) with context path ''
2019-06-05 15:31:18.616 [restartedMain] INFO  com.basic.javaframe.DemoApplication - Started DemoApplication in 9.004 seconds (JVM running for 9.967)
2019-06-05 15:31:21.959 [http-nio-9090-exec-1] INFO  o.a.c.core.ContainerBase.[Tomcat].[localhost].[/] - Initializing Spring DispatcherServlet 'dispatcherServlet'
2019-06-05 15:31:21.960 [http-nio-9090-exec-1] INFO  org.springframework.web.servlet.DispatcherServlet - Initializing Servlet 'dispatcherServlet'
2019-06-05 15:31:21.974 [http-nio-9090-exec-1] INFO  org.springframework.web.servlet.DispatcherServlet - Completed initialization in 14 ms
2019-06-05 15:31:22.139 [http-nio-9090-exec-2] INFO  com.alibaba.druid.pool.DruidDataSource - {dataSource-1} inited
